 MPINFO::: Global Communicator        :::
 MPINFO::: Global Context = ****      :::
 MPINFO::: Global Size =     128      :::
 MPINFO::: Global Root =       0      :::
 MPINFO::: Global Rank =       0      :::
 version 2.68: slics foundation version
 ========================================================================
    Program: SEQQUEST - LCAO-PS-DFT electronic structure code
    Version:  2.68e     Last revised: 29Mar20-PAS
    Copyright 2007 Sandia Corporation.

    Written by Peter A. Schultz (Sandia National Laboratories)
    Based on a code originally written by Peter J. Feibelman

    Documentation:  http://www.cs.sandia.gov/~paschul/Quest/
               and  http://dft.sandia.gov/Quest/
    Questions, comments to:  paschul@sandia.gov
 ========================================================================
  Maximum dimension parameters for this run are:
  
   maxwkd (r8 workspace)   = 220000000
   maxr1d (grid dimension) =       600
  
   norbd (basis fcns) =      8500
   natmd (atoms)      =       650     ntypd (atom types) =         7
   nshld (shell/atm)  =         7     noad  (bf/atm)     =        21
   nald  (gauss/shell)=         6     nrd   (rad pts/atm)=       200
   nkd   (kpts/ibz)   =      2000     nsymd (sym/group)  =        48
   nimgd (NEB images) =        12
  
   nlatd (lattice images)=      2000
   neq3d (do not ask) =        14
   Default record length (r8) for i/o=   1000000
 ------------------------------------------------------------------------

 Before input     +   16.28 =      16.3 seconds wall (    1.45 usr    0.00 sys)
  
##### Run options:
 do setup                                                                        
 do iters                                                                        
 do force                                                                        
 do relax                                                                        
 do post                                                                         
 setup data                                                                      
 >>>>> Options (set/scf/frc/relax/cell/neb/md)= T T T T F F F
 >>>>> use blas3= T
 >>>>> split basis = T
 >>>>> Output level set =           2
 >>>> do_bands, do_optic, do_nonscf= F F F
setup data:
title
 Title line(s) for this run:
title2
functional
PBE-SP
spin polarization
   1.00000000
 vdw_potential type, default=OFF 
   OFF   
dimension of system (0=cluster ... 3=bulk)
  2
coordinates
CARTESIAN
scale
   7.62074000
 scalez factor: scale z-direction
   1.00000000
primitive lattice vectors
   4.00000000  0.00000000  0.00000000
   0.00000000  4.00000000  0.00000000
   0.00000000  0.00000000 80.00000000
 > Input Cell volume{bohr^3)=    74336.868029
grid dimensions
  144 144 400
 nearby option: 0=0,1=pt,2=wt
  2
atom types
  4
atom file
 Ba = Ba.atm
>>>>> atom type name=Ba          
type number, label:
  1 Ba                     
notes5
 notes for this atom file:
 Constructed by Peter A. Schultz, 31-October-2006
 Hamann-type ppot [D.R. Hamann,  PRB 40, 2980 (1989)]
 generated by fhi98PP [M.Fuchs,M.Scheffler, Comput.Phys.Commun. 119,67(1999)]
 ppot: p6s0.5[+1.5], l=2, Rpc=2.5,Rd=1.4; Def: Rs=x.xx, Rp6=x.xx
 basis: refined in 5-lyr bcc(100) slab, pp checked in oxide
energy - bcc/24^3/k16^3/pbe
  -3.19899990D+01
effective nuclear charge (p6d0s0.5[+1.5], Rpc=2.5,Rd=1.4 to 12.0)
   8.00000000D+00
pseudopotentials: Lmax, and effective gaussian range
  2   0.25000000
functional type used in generating potential:
 PBE    = dft fcnal used to generate pot
radial mesh: number of points for local and non-local pot integrals
 120 109
mesh points for nuclear potential;  ham1fh
      0.01250000  0.01324253  0.01402918  0.01486255  0.01574543  0.01668075
      0.01767163  0.01872137  0.01983348  0.02101164  0.02225979  0.02358208
      0.02498292  0.02646698  0.02803919  0.02970480  0.03146934  0.03333871
      0.03531912  0.03741717  0.03963986  0.04199457  0.04448917  0.04713195
      0.04993172  0.05289780  0.05604007  0.05936901  0.06289569  0.06663187
      0.07058999  0.07478323  0.07922556  0.08393178  0.08891756  0.09419950
      0.09979522  0.10572333  0.11200359  0.11865691  0.12570546  0.13317271
      0.14108354  0.14946429  0.15834288  0.16774889  0.17771363  0.18827031
      0.19945409  0.21130222  0.22385415  0.23715171  0.25123918  0.26616348
      0.28197433  0.29872438  0.31646944  0.33526860  0.35518448  0.37628342
      0.39863570  0.42231576  0.44740248  0.47397943  0.50213512  0.53196333
      0.56356343  0.59704065  0.63250652  0.67007916  0.70988371  0.75205277
      0.79672678  0.84405456  0.89419373  0.94731132  1.00358423  1.06319991
      1.12635693  1.19326564  1.26414892  1.33924287  1.41879760  1.50307810
      1.59236510  1.68695599  1.78716584  1.89332844  2.00579739  2.12494730
      2.25117505  2.38490107  2.52657080  2.67665609  2.83565687  3.00410273
      3.18255474  3.37160730  3.57189010  3.78407026  4.00885450  4.24699155
      4.49927460  4.76654395  5.04968985  5.34965540  5.66743973  6.00410133
      6.36076156  6.73860839  7.13890038  7.56297081  8.01223220  8.48818096
      8.99240239  9.52657597 10.09248094 10.69200223 11.32713674 12.00000000
radwts: weights for radial points
      0.00072132  0.00076416  0.00080956  0.00085765  0.00090859  0.00096257
      0.00101975  0.00108032  0.00114450  0.00121248  0.00128451  0.00136081
      0.00144165  0.00152729  0.00161801  0.00171412  0.00181595  0.00192382
      0.00203810  0.00215917  0.00228743  0.00242331  0.00256726  0.00271976
      0.00288133  0.00305248  0.00323381  0.00342591  0.00362942  0.00384501
      0.00407342  0.00431539  0.00457174  0.00484331  0.00513102  0.00543581
      0.00575871  0.00610080  0.00646320  0.00684714  0.00725387  0.00768477
      0.00814127  0.00862488  0.00913723  0.00968000  0.01025502  0.01086420
      0.01150956  0.01219326  0.01291758  0.01368492  0.01449784  0.01535905
      0.01627142  0.01723799  0.01826197  0.01934678  0.02049603  0.02171356
      0.02300340  0.02436987  0.02581750  0.02735114  0.02897587  0.03069712
      0.03252061  0.03445242  0.03649899  0.03866713  0.04096407  0.04339745
      0.04597538  0.04870644  0.05159974  0.05466490  0.05791215  0.06135229
      0.06499679  0.06885778  0.07294812  0.07728144  0.08187217  0.08673561
      0.09188794  0.09734634  0.10312898  0.10925513  0.11574518  0.12262077
      0.12990478  0.13762148  0.14579658  0.15445730  0.16363249  0.17335271
      0.18365035  0.19455968  0.20611707  0.21836099  0.23133224  0.24507401
      0.25963209  0.27505495  0.29139398  0.30870359  0.32704143  0.34646860
      0.36704979  0.38885356  0.41195254  0.43642366  0.46234844  0.48981321
      0.51890947  0.54973413  0.58238986  0.61698543  0.65363607  0.69246386
non-local potential: l,potential*integration weight
  0   0.91989895  0.91969776  0.91948461  0.91925879  0.91901955  0.91876609
      0.91849756  0.91821306  0.91791165  0.91759232  0.91725400  0.91689555
      0.91651579  0.91611344  0.91568715  0.91523549  0.91475695  0.91424993
      0.91371273  0.91314354  0.91254045  0.91190142  0.91122432  0.91050686
      0.90974662  0.90894104  0.90808738  0.90718277  0.90622413  0.90520822
      0.90413157  0.90299052  0.90178118  0.90049941  0.89914083  0.89770075
      0.89617424  0.89455601  0.89284048  0.89102169  0.88909331  0.88704861
      0.88488043  0.88258114  0.88014258  0.87755613  0.87481259  0.87190219
      0.86881451  0.86553844  0.86206211  0.85837283  0.85445702  0.85030015
      0.84588659  0.84119962  0.83622119  0.83093190  0.82531075  0.81933526
      0.81298156  0.80622320  0.79902777  0.79136115  0.78320631  0.77455907
      0.76541902  0.75580344  0.74575335  0.73532834  0.72459647  0.71362206
      0.70245167  0.69109711  0.67951051  0.66754774  0.65493003  0.64124485
      0.62605689  0.60915417  0.59076179  0.57136727  0.55106048  0.52909929
      0.50434849  0.47591051  0.44327292  0.40618445  0.36458689  0.31870142
      0.26929494  0.21814262  0.16849346  0.12307007  0.08378302  0.05240648
      0.02959885  0.01477228  0.00633812  0.00225434  0.00063247  0.00013010
      0.00001700  0.00000056 -0.00000043 -0.00000021 -0.00000009 -0.00000004
     -0.00000002  0.00000000  0.00000000  0.00000000  0.00000000  0.00000000
      0.00000000  0.00000000  0.00000000  0.00000000  0.00000000  0.00000000
non-local potential: l,potential*integration weight
  1   0.92639670  0.92658070  0.92677551  0.92698172  0.92720001  0.92743105
      0.92767556  0.92793432  0.92820811  0.92849777  0.92880418  0.92912825
      0.92947096  0.92983329  0.93021630  0.93062106  0.93104870  0.93150038
      0.93197730  0.93248069  0.93301179  0.93357189  0.93416226  0.93478419
      0.93543896  0.93612782  0.93685197  0.93761255  0.93841060  0.93924705
      0.94012264  0.94103790  0.94199311  0.94298820  0.94402271  0.94509567
      0.94620552  0.94734999  0.94852595  0.94972926  0.95095455  0.95219494
      0.95344167  0.95468364  0.95590715  0.95709580  0.95823040  0.95928803
      0.96024093  0.96105568  0.96169231  0.96210300  0.96223066  0.96200744
      0.96135329  0.96017439  0.95836109  0.95578526  0.95229768  0.94772789
      0.94188325  0.93451197  0.92519835  0.91341021  0.89886431  0.88134232
      0.86035067  0.83533100  0.80576690  0.77114611  0.73094301  0.68467499
      0.63201230  0.57292010  0.50781587  0.43771790  0.36435703  0.29020851
      0.21834528  0.15205583  0.09451620  0.04866284  0.01629401 -0.00321892
     -0.01251657 -0.01480274 -0.01300303 -0.00948944 -0.00592247 -0.00325077
     -0.00187265 -0.00160688 -0.00134804 -0.00084130 -0.00051652 -0.00029359
     -0.00014166 -0.00005274 -0.00001495 -0.00000623 -0.00000580 -0.00000461
     -0.00000266 -0.00000125 -0.00000052 -0.00000021 -0.00000009 -0.00000004
     -0.00000002  0.00000000  0.00000000  0.00000000  0.00000000  0.00000000
      0.00000000  0.00000000  0.00000000  0.00000000  0.00000000  0.00000000
non-local potential: l,potential*integration weight
  2   0.91816127  0.91785682  0.91753426  0.91719253  0.91683047  0.91644687
      0.91604045  0.91560985  0.91515363  0.91467023  0.91415805  0.91361536
      0.91304033  0.91243101  0.91178534  0.91110113  0.91037605  0.90960764
      0.90879326  0.90793012  0.90701524  0.90604546  0.90501740  0.90392747
      0.90277184  0.90154641  0.90024681  0.89886837  0.89740609  0.89585461
      0.89420819  0.89246066  0.89060539  0.88863523  0.88654249  0.88431887
      0.88195538  0.87944231  0.87676911  0.87392435  0.87089557  0.86766918
      0.86423027  0.86056243  0.85664757  0.85246599  0.84799623  0.84321477
      0.83809557  0.83260980  0.82672550  0.82040724  0.81361561  0.80630685
      0.79843257  0.78993944  0.78076884  0.77085646  0.76013203  0.74852034
      0.73594217  0.72230185  0.70745021  0.69120814  0.67351012  0.65433622
      0.63359032  0.61118578  0.58708624  0.56128629  0.53379174  0.50461683
      0.47378901  0.44135238  0.40736324  0.37187478  0.33492468  0.29656328
      0.25695701  0.21655942  0.17634020  0.13794417  0.10323510  0.07344160
      0.04910373  0.03047369  0.01748197  0.00947096  0.00515434  0.00292154
      0.00137329 -0.00007634 -0.00075053 -0.00066470 -0.00048050 -0.00028900
     -0.00014133 -0.00005273 -0.00001495 -0.00000623 -0.00000580 -0.00000461
     -0.00000266 -0.00000125 -0.00000052 -0.00000021 -0.00000009 -0.00000004
     -0.00000002  0.00000000  0.00000000  0.00000000  0.00000000  0.00000000
      0.00000000  0.00000000  0.00000000  0.00000000  0.00000000  0.00000000

 For atom type  1, l= 2 potential used as local nuclear potential
partial core charge density, cutoff=    2.46804933
 -2   0.07466903  0.07466903  0.07466902  0.07466901  0.07466901  0.07466900
      0.07466899  0.07466897  0.07466896  0.07466894  0.07466892  0.07466889
      0.07466886  0.07466882  0.07466878  0.07466872  0.07466866  0.07466859
      0.07466850  0.07466839  0.07466827  0.07466812  0.07466794  0.07466773
      0.07466748  0.07466718  0.07466683  0.07466640  0.07466590  0.07466530
      0.07466459  0.07466374  0.07466273  0.07466153  0.07466010  0.07465840
      0.07465637  0.07465396  0.07465109  0.07464767  0.07464360  0.07463875
      0.07463298  0.07462611  0.07461793  0.07460819  0.07459660  0.07458279
      0.07456636  0.07454680  0.07452351  0.07449580  0.07446282  0.07442357
      0.07437689  0.07432136  0.07425533  0.07417684  0.07408357  0.07397278
      0.07384124  0.07368515  0.07350004  0.07328069  0.07302095  0.07271369
      0.07235059  0.07192203  0.07141691  0.07082248  0.07012419  0.06930556
      0.06834807  0.06723108  0.06593192  0.06442605  0.06268737  0.06068889
      0.05840362  0.05580596  0.05287365  0.04959029  0.04594877  0.04195551
      0.03763556  0.03303847  0.02824452  0.02337038  0.01857261  0.01404621
      0.01001328  0.00669408  0.00424546  0.00260025  0.00153776  0.00087662
      0.00048087  0.00025335  0.00012794  0.00006179  0.00002847  0.00001249
      0.00000520  0.00000205  0.00000076  0.00000027  0.00000009  0.00000003
      0.00000001  0.00000000  0.00000000  0.00000000  0.00000000  0.00000000
      0.00000000  0.00000000  0.00000000  0.00000000  0.00000000  0.00000000
number of radial functions  **** Ba/pbe   - by Peter Schultz / 31Oct06 ****
  5
angular momentum, number of alphas
  1  4
alphas - p - 4p/2/4d365
   2.16149000D-01  5.44075000D-01  1.68087300D+00  3.36180000D+00
wave function coefficients
   2.38121000D-01  8.40515000D-01 -1.31234000D+00  5.41641000D-01
angular momentum, number of alphas
  0  3
alphas - s - 3s/2/3s477 Eopt + reopt(c2,c1)
   6.06340000D-02  2.37159000D-01  4.74400000D-01
wave function coefficients
   3.04690000D-01 -5.75020000D-01  2.91005000D-01
angular momentum, number of alphas
  0  1
alphas - s - second zeta s polarization
   6.06340000D-02
wave function coefficients
   1.00000000D+00
angular momentum, number of alphas
  1  1
alphas - p - angular polarization Eopt(c2)
   6.50000000D-02
wave function coefficients
   1.00000000D+00
angular momentum, number of alphas
  2  3
alphas - d - 3d/3d Eopt + contract
   1.10000000D-01  4.10000000D-01  1.56000000D+00
wave function coefficients
   2.13060000D-01  1.00000000D+00 -3.76700000D-01
shell occupation numbers for barium, Ba:  p(6)s(2.00)d(0.00)
      6.00000000  2.00000000  0.00000000  0.00000000  0.00000000
end atom file
atom file
 Ti = Ti.atm
>>>>> atom type name=Ti          
type number, label:
  2 Ti                     
notes6
 notes for this atom file:
 Constructed by Peter A. Schultz, 13-August-2006 (spin-hard Rpc: 8Sep07)
 Hamann-type ppot [D.R. Hamann,  PRB 40, 2980 (1989)]
 generated by fhi98PP [M.Fuchs,M.Scheffler, Comput.Phys.Commun. 119,67(1999)]
 ppot: p6d2s1[+1],l=2,Rpc=0.6 ; Def: Rs=1.65,Rp6=0.54,Rd=0.38
   semicore p6 is VALENCE, and spin-hard partial core
 basis: refined in 5l hcp(0001)
energy - hcp/24^2x36/kh16x10/uc/pbe
  -8.80960450D+01
effective nuclear charge (p6d2s1[+1], Rpc=0.6 to 12.0)
   1.00000000D+01
pseudopotentials: Lmax, and effective gaussian range
  2   1.10000000
functional type used in generating potential:
 PBE    = dft fcnal used to generate pot
radial mesh: number of points for local and non-local pot integrals
 120 101
mesh points for nuclear potential;  ham1fh
      0.01000000  0.01061391  0.01126551  0.01195712  0.01269118  0.01347030
      0.01429726  0.01517499  0.01610660  0.01709540  0.01814491  0.01925884
      0.02044117  0.02169607  0.02302802  0.02444174  0.02594225  0.02753487
      0.02922527  0.03101944  0.03292376  0.03494499  0.03709030  0.03936732
      0.04178413  0.04434931  0.04707196  0.04996176  0.05302898  0.05628449
      0.05973986  0.06340736  0.06730001  0.07143164  0.07581691  0.08047140
      0.08541163  0.09065515  0.09622058  0.10212767  0.10839741  0.11505206
      0.12211524  0.12961203  0.13756907  0.14601460  0.15497860  0.16449292
      0.17459134  0.18530970  0.19668609  0.20876088  0.22157695  0.23517982
      0.24961779  0.26494212  0.28120722  0.29847087  0.31679434  0.33624272
      0.35688506  0.37879465  0.40204930  0.42673158  0.45292913  0.48073498
      0.51024787  0.54157258  0.57482036  0.61010926  0.64756458  0.68731933
      0.72951468  0.77430044  0.82183565  0.87228911  0.92583997  0.98267837
      1.04300615  1.10703752  1.17499986  1.24713448  1.32369753  1.40496088
      1.49121308  1.58276041  1.67992793  1.78306068  1.89252487  2.00870920
      2.13202622  2.26291381  2.40183675  2.54928833  2.70579214  2.87190390
      3.04821346  3.23534687  3.43396861  3.64478398  3.86854156  4.10603587
      4.35811024  4.62565975  4.90963444  5.21104267  5.53095471  5.87050652
      6.23090382  6.61342633  7.01943235  7.45036355  7.90775013  8.39321620
      8.90848561  9.45538802 10.03586541 10.65197898 11.30591649 12.00000000
radwts: weights for radial points
      0.00059580  0.00063238  0.00067120  0.00071241  0.00075615  0.00080257
      0.00085184  0.00090413  0.00095964  0.00101855  0.00108108  0.00114745
      0.00121789  0.00129266  0.00137202  0.00145625  0.00154565  0.00164054
      0.00174126  0.00184815  0.00196161  0.00208204  0.00220986  0.00234552
      0.00248952  0.00264235  0.00280457  0.00297675  0.00315949  0.00335346
      0.00355933  0.00377784  0.00400977  0.00425593  0.00451721  0.00479452
      0.00508887  0.00540128  0.00573287  0.00608482  0.00645837  0.00685486
      0.00727568  0.00772235  0.00819643  0.00869962  0.00923370  0.00980057
      0.01040224  0.01104084  0.01171865  0.01243807  0.01320166  0.01401213
      0.01487235  0.01578538  0.01675446  0.01778304  0.01887476  0.02003350
      0.02126338  0.02256877  0.02395429  0.02542487  0.02698573  0.02864242
      0.03040081  0.03226715  0.03424807  0.03635060  0.03858221  0.04095081
      0.04346483  0.04613319  0.04896536  0.05197140  0.05516199  0.05854845
      0.06214280  0.06595782  0.07000705  0.07430487  0.07886653  0.08370824
      0.08884719  0.09430162  0.10009091  0.10623561  0.11275754  0.11967985
      0.12702714  0.13482549  0.14310258  0.15188782  0.16121239  0.17110941
      0.18161401  0.19276351  0.20459749  0.21715797  0.23048955  0.24463958
      0.25965829  0.27559902  0.29251836  0.31047641  0.32953692  0.34976758
      0.37124022  0.39403110  0.41822113  0.44389622  0.47114753  0.50007183
      0.53077183  0.56335653  0.59794165  0.63464999  0.67361190  0.71496573
non-local potential: l,potential*integration weight
  0   1.18660524  1.18629805  1.18597202  1.18562597  1.18525869  1.18486887
      1.18445512  1.18401598  1.18354989  1.18305519  1.18253014  1.18197287
      1.18138139  1.18075361  1.18008731  1.17938011  1.17862950  1.17783281
      1.17698722  1.17608971  1.17513709  1.17412596  1.17305271  1.17191351
      1.17070428  1.16942068  1.16805810  1.16661163  1.16507604  1.16344575
      1.16171482  1.15987690  1.15792521  1.15585250  1.15365101  1.15131242
      1.14882780  1.14618755  1.14338134  1.14039802  1.13722557  1.13385095
      1.13026002  1.12643747  1.12236668  1.11802968  1.11340696  1.10847741
      1.10321800  1.09760364  1.09160677  1.08519676  1.07833893  1.07099306
      1.06311094  1.05463290  1.04548294  1.03556247  1.02474279  1.01285678
      0.99969082  0.98497908  0.96840594  0.94963095  0.92835579  0.90441106
      0.87768627  0.84808324  0.81943484  0.79862542  0.77762565  0.75501327
      0.73063333  0.70488267  0.67780584  0.64921680  0.61890874  0.58672493
      0.55253779  0.51620469  0.47755381  0.43642284  0.39273792  0.34661353
      0.29846105  0.24909020  0.19977746  0.15226350  0.10863470  0.07104881
      0.04129962  0.02029860  0.00765388  0.00162462 -0.00030736 -0.00045268
     -0.00020825 -0.00005527 -0.00000893 -0.00000093 -0.00000009  0.00000000
      0.00000000  0.00000000  0.00000000  0.00000000  0.00000000  0.00000000
      0.00000000  0.00000000  0.00000000  0.00000000  0.00000000  0.00000000
      0.00000000  0.00000000  0.00000000  0.00000000  0.00000000  0.00000000
non-local potential: l,potential*integration weight
  1   1.18859298  1.18840607  1.18820738  1.18799614  1.18777152  1.18753262
      1.18727847  1.18700805  1.18672022  1.18641377  1.18608738  1.18573963
      1.18536896  1.18497368  1.18455193  1.18410167  1.18362069  1.18310650
      1.18255639  1.18196734  1.18133598  1.18065856  1.17993088  1.17914820
      1.17830520  1.17739583  1.17641326  1.17534967  1.17419615  1.17294249
      1.17157694  1.17008597  1.16845398  1.16666289  1.16469173  1.16251619
      1.16010799  1.15743423  1.15445655  1.15113013  1.14740226  1.14321084
      1.13848258  1.13313156  1.12705798  1.12014670  1.11226508  1.10325972
      1.09295299  1.08113986  1.06758479  1.05201847  1.03413468  1.01358782
      0.98999181  0.96292148  0.93191784  0.89649954  0.85618269  0.81051201
      0.75910512  0.70171375  0.63831204  0.56924148  0.49545432  0.41878438
      0.34166611  0.26577831  0.19502615  0.13788838  0.09088234  0.05434425
      0.02655065  0.00588623 -0.00882377 -0.01804920 -0.02203576 -0.02169145
     -0.01875815 -0.01500078 -0.01145655 -0.00846397 -0.00605290 -0.00417888
     -0.00278324 -0.00179757 -0.00114083 -0.00072322 -0.00046297 -0.00030604
     -0.00022496 -0.00018823 -0.00014684 -0.00008103 -0.00002340  0.00000029
      0.00000187 -0.00000019 -0.00000053 -0.00000024 -0.00000006  0.00000000
      0.00000000  0.00000000  0.00000000  0.00000000  0.00000000  0.00000000
      0.00000000  0.00000000  0.00000000  0.00000000  0.00000000  0.00000000
      0.00000000  0.00000000  0.00000000  0.00000000  0.00000000  0.00000000
non-local potential: l,potential*integration weight
  2   1.15309513  1.15072542  1.14820932  1.14553768  1.14270076  1.13968818
      1.13648890  1.13309114  1.12948235  1.12564911  1.12157714  1.11725116
      1.11265483  1.10777070  1.10258007  1.09706290  1.09119769  1.08496137
      1.07832913  1.07127424  1.06376791  1.05577906  1.04727406  1.03821649
      1.02856685  1.01828219  1.00731574  0.99561647  0.98312861  0.96979108
      0.95553690  0.94029243  0.92397671  0.90650054  0.88776562  0.86766361
      0.84607516  0.82286895  0.79790066  0.77101175  0.74202812  0.71075874
      0.67699542  0.64051490  0.60108390  0.55846672  0.51243376  0.46277171
      0.40929929  0.35189166  0.29051493  0.22527204  0.15646265  0.08465984
      0.01080513 -0.06368015 -0.13677500 -0.20574983 -0.26710671 -0.31663596
     -0.34969086 -0.36181185 -0.34980160 -0.31321537 -0.25589234 -0.18681479
     -0.11973532 -0.07091182 -0.04878625 -0.04445241 -0.05060302 -0.05554504
     -0.05501173 -0.05004465 -0.04332003 -0.03648543 -0.03012429 -0.02441475
     -0.01940871 -0.01510147 -0.01146560 -0.00846438 -0.00605291 -0.00417888
     -0.00278324 -0.00179757 -0.00114083 -0.00072322 -0.00046297 -0.00030604
     -0.00022496 -0.00018823 -0.00014684 -0.00008103 -0.00002340  0.00000029
      0.00000187 -0.00000019 -0.00000053 -0.00000024 -0.00000006  0.00000000
      0.00000000  0.00000000  0.00000000  0.00000000  0.00000000  0.00000000
      0.00000000  0.00000000  0.00000000  0.00000000  0.00000000  0.00000000
      0.00000000  0.00000000  0.00000000  0.00000000  0.00000000  0.00000000

 For atom type  2, l= 2 potential used as local nuclear potential
partial core charge density, cutoff=    0.58916341
 -2  10.78207356 10.78205668 10.78203640 10.78201204 10.78198276 10.78194757
     10.78190525 10.78185436 10.78179314 10.78171947 10.78163079 10.78152402
     10.78139542 10.78124049 10.78105377 10.78082868 10.78055723 10.78022978
     10.77983466 10.77935771 10.77878182 10.77808626 10.77724589 10.77623028
     10.77500256 10.77351805 10.77172261 10.76955067 10.76692278 10.76374277
     10.75989420 10.75523621 10.74959848 10.74277520 10.73451792 10.72452700
     10.71244155 10.69782750 10.68016364 10.65882539 10.63306595 10.60199471
     10.56455284 10.51948587 10.46531360 10.40029773 10.32240811 10.22928914
     10.11822849  9.98613170  9.82950748  9.64447029  9.42676967  9.17185767
      8.87501068  8.53152341  8.13699896  7.68775963  7.18140483  6.61753959
      5.99868212  5.33133749  4.62716630  3.90409258  3.18703282  2.50767097
      1.90228309  1.40595313  1.04044469  0.79327880  0.62696751  0.51389640
      0.43389975  0.37303098  0.32244229  0.27718244  0.23502948  0.19546740
      0.15886337  0.12587787  0.09709330  0.07282629  0.05307601  0.03755917
      0.02578962  0.01716996  0.01107499  0.00691462  0.00417441  0.00243389
      0.00136870  0.00074127  0.00038601  0.00019295  0.00009238  0.00004227
      0.00001844  0.00000764  0.00000300  0.00000111  0.00000039  0.00000013
      0.00000004  0.00000001  0.00000000  0.00000000  0.00000000  0.00000000
      0.00000000  0.00000000  0.00000000  0.00000000  0.00000000  0.00000000
      0.00000000  0.00000000  0.00000000  0.00000000  0.00000000  0.00000000
number of radial functions  **** Ti/pbe   - by Peter Schultz / 16Aug06 ****
  6
angular momentum, number of alphas
  1  4
alphas - p - 4p/2/4p288 Eopt
   3.91179000D-01  9.91449000D-01  2.25510800D+00  6.04653000D+00
wave function coefficients
   2.61901000D-01  1.57373400D+00  2.46706900D+00 -1.99393000D+00
angular momentum, number of alphas
  2  6
alphas - d - 6d/2/6d447 Eopt + reopt(c1)
   1.62994000D-01  4.73268000D-01  1.23050100D+00  3.16310400D+00
   9.40053900D+00  3.04437490D+01
wave function coefficients
   4.14920000D-02  2.68625000D-01  1.36799100D+00  4.64355300D+00
   1.26094120D+01 -4.88274200D+00
angular momentum, number of alphas
  0  3
alphas - s - 3s/2/3s295 Eopt + reopt(c1)
   1.00346000D-01  4.67290000D-01  9.34600000D-01
wave function coefficients
   3.12070000D-01 -7.45755000D-01  2.69030000D-01
angular momentum, number of alphas
  0  1
alphas - s - second zeta s polarization
   1.00346000D-01
wave function coefficients
   1.00000000D+00
angular momentum, number of alphas
  1  2
alphas - p - angular polarization
   8.00000000D-02  3.91179000D-01
wave function coefficients
   1.00000000D+00  6.31400000D-01
angular momentum, number of alphas
  2  1
alphas - d - second zeta d polarization
   1.62994000D-01
wave function coefficients
   1.00000000D+00
shell occupancies for titanium, Ti: p(6)d(2.0)s(2.0)
      6.00000000  2.00000000  2.00000000  0.00000000  0.00000000  0.00000000
end atom file
atom filec
 O  = O.atm
>>>>> atom type name=O           
type number, label:
  3 O                      
notes6
 notes for this atom file:
 Constructed by Peter A. Schultz, 17-January-2007
 Troullier/Martins-type ppot [N.Troullier,J.L.Martins, PRB 43,8861(1991)]
 generated by fhi98PP [M.Fuchs,M.Scheffler, Comput.Phys.Commun. 119,67(1999)]
 ppot: [He-core]s2p4, l=1; Rs=1.15, Rp=1.15
   NB: a middlin' hard T-M potential, without partial core correction
 basis: refined in H2O
mass
   1.59994000D+01
energy = E(H2O) - E(H2)
  -3.20919400D+01
effective nuclear charge (s2p4 to  9.0)
   6.00000000D+00
pseudopotentials: Lmax, and effective gaussian range
  1   5.87000000
functional type used in generating potential:
 PBE    = dft fcnal used to generate pot
radial mesh: number of points for local and non-local pot integrals
  80  59
mesh points for nuclear potential;  tm91fh
      0.01666667  0.01804829  0.01954444  0.02116462  0.02291911  0.02481905
      0.02687648  0.02910446  0.03151714  0.03412983  0.03695910  0.04002291
      0.04334070  0.04693352  0.05082419  0.05503737  0.05959982  0.06454048
      0.06989072  0.07568447  0.08195850  0.08875264  0.09610999  0.10407725
      0.11270497  0.12204790  0.13216534  0.14312149  0.15498587  0.16783378
      0.18174674  0.19681305  0.21312832  0.23079608  0.24992845  0.27064683
      0.29308272  0.31737848  0.34368829  0.37217912  0.40303175  0.43644199
      0.47262184  0.51180091  0.55422781  0.60017179  0.64992440  0.70380136
      0.76214458  0.82532429  0.89374143  0.96783016  1.04806065  1.13494203
      1.22902564  1.33090852  1.44123721  1.56071186  1.69009063  1.83019454
      1.98191269  2.14620786  2.32412265  2.51678610  2.72542082  2.95135079
      3.19600974  3.46095025  3.74785362  4.05854048  4.39498245  4.75931454
      5.15384877  5.58108881  6.04374589  6.54475598  7.08729845  7.67481621
      8.31103759  9.00000000
radwts: weights for radial points
      0.00132734  0.00143737  0.00155652  0.00168555  0.00182528  0.00197659
      0.00214045  0.00231788  0.00251003  0.00271810  0.00294343  0.00318743
      0.00345166  0.00373779  0.00404764  0.00438318  0.00474654  0.00514001
      0.00556610  0.00602752  0.00652718  0.00706827  0.00765421  0.00828872
      0.00897584  0.00971991  0.01052566  0.01139821  0.01234309  0.01336630
      0.01447433  0.01567421  0.01697356  0.01838063  0.01990433  0.02155435
      0.02334114  0.02527606  0.02737138  0.02964039  0.03209750  0.03475829
      0.03763966  0.04075988  0.04413877  0.04779775  0.05176005  0.05605082
      0.06069728  0.06572892  0.07117767  0.07707811  0.08346767  0.09038691
      0.09787974  0.10599371  0.11478030  0.12429527  0.13459901  0.14575690
      0.15783976  0.17092424  0.18509340  0.20043714  0.21705283  0.23504592
      0.25453058  0.27563048  0.29847949  0.32322263  0.35001691  0.37903236
      0.41045311  0.44447856  0.48132462  0.52122512  0.56443327  0.61122325
      0.66189199  0.71676104
non-local potential: l,potential*integration weight
  0   0.93730511  0.93554052  0.93361839  0.93153365  0.92928327  0.92686634
      0.92428390  0.92153850  0.91863349  0.91557199  0.91235563  0.90898303
      0.90544833  0.90173964  0.89783801  0.89371685  0.88934220  0.88467387
      0.87966724  0.87427564  0.86845278  0.86215507  0.85534357  0.84798554
      0.84005562  0.83153648  0.82241863  0.81269851  0.80237370  0.79143391
      0.77984650  0.76753677  0.75436432  0.74009742  0.72438611  0.70673257
      0.68645949  0.66269421  0.63442591  0.60072027  0.56103450  0.51518157
      0.46260034  0.40186561  0.33154312  0.25174338  0.16543037  0.07940357
      0.00465384 -0.04517076 -0.05908610 -0.03875595 -0.00829872  0.00001909
      0.00000545  0.00000199  0.00000064  0.00000018  0.00000004  0.00000000
      0.00000000  0.00000000  0.00000000  0.00000000  0.00000000  0.00000000
      0.00000000  0.00000000  0.00000000  0.00000000  0.00000000  0.00000000
      0.00000000  0.00000000  0.00000000  0.00000000  0.00000000  0.00000000
      0.00000000  0.00000000
non-local potential: l,potential*integration weight
  1   0.90370413  0.89915413  0.89421569  0.88886460  0.88307711  0.87682988
      0.87009965  0.86286267  0.85509381  0.84676537  0.83784560  0.82829704
      0.81807474  0.80712459  0.79538197  0.78277097  0.76920439  0.75458466
      0.73880543  0.72175375  0.70331247  0.68336251  0.66178511  0.63846390
      0.61328705  0.58614966  0.55695625  0.52562300  0.49207935  0.45626822
      0.41814517  0.37767819  0.33485145  0.28967777  0.24222327  0.19264571
      0.14124931  0.08857314  0.03556416 -0.01609767 -0.06361358 -0.10313288
     -0.13071331 -0.14337790 -0.13932187 -0.11803667 -0.08124130 -0.03422899
      0.01331497  0.04813719  0.05745893  0.03806545  0.00846852  0.00000828
      0.00000560  0.00000199  0.00000064  0.00000018  0.00000004  0.00000000
      0.00000000  0.00000000  0.00000000  0.00000000  0.00000000  0.00000000
      0.00000000  0.00000000  0.00000000  0.00000000  0.00000000  0.00000000
      0.00000000  0.00000000  0.00000000  0.00000000  0.00000000  0.00000000
      0.00000000  0.00000000

 For atom type  3, l= 1 potential used as local nuclear potential
number of radial functions  ****  O/pbe   - by Peter Schultz / 17Jan07 ****
  5
angular momentum, number of alphas
  0  5
alphas - s - 5s/2/5s284 Eopt(flat) + check (c1)
   2.40227000D-01  6.83348000D-01  1.98182200D+00  3.96390000D+00
   7.92780000D+00
wave function coefficients
   3.33034000D-01  1.10004600D+00  1.16492600D+00 -1.95149900D+00
   6.44755000D-01
angular momentum, number of alphas
  1  4
alphas - p - 4p/2/4p563 Eopt + reopt(c1)
   1.29289000D-01  4.02185000D-01  1.18213300D+00  3.84037500D+00
wave function coefficients
   5.93100000D-02  3.75369000D-01  1.45605400D+00  3.86770800D+00
angular momentum, number of alphas
  0  1
alphas - s - second zeta s polarization
   2.40227000D-01
wave function coefficients
   1.00000000D+00
angular momentum, number of alphas
  1  1
alphas - p - second zeta p polarization
   1.29289000D-01
wave function coefficients
   1.00000000D+00
angular momentum, number of alphas
  2  2
alphas
   2.50000000D-01  1.20000000D+00
wave function coefficients
   1.17200000D-01  1.00000000D+00
shell occupancies for oxygen, O s(2.0)p(4.5)p'(-0.5), -0.5 pseudoion (H2O)
      2.00000000  4.50000000  0.00000000 -0.50000000  0.00000000
end atom file
atom file
 H = H.atm
>>>>> atom type name=H           
type number, label:
  4 H                      
notes3
 notes for this atom file:
 bare nuclear potential
 generated March-2001, by Peter A. Schultz
 Changed to triple-zeta s (to recover double-zeta, remove third zeta)
mass
   1.00079000D+00
energy = E(H2)/2
  -1.16555500D+00
effective nuclear charge (s1 to 10.0)
   1.00000000D+00
pseudopotentials: Lmax, and effective gaussian range
 -1   1.71000000
radial mesh: number of points for local and non-local pot integrals
 100  80
mesh points for nuclear potential
      0.00200000  0.00217968  0.00237551  0.00258893  0.00282152  0.00307501
      0.00335127  0.00365236  0.00398049  0.00433810  0.00472785  0.00515260
      0.00561552  0.00612003  0.00666986  0.00726909  0.00792215  0.00863389
      0.00940957  0.01025494  0.01117626  0.01218036  0.01327466  0.01446727
      0.01576703  0.01718357  0.01872736  0.02040986  0.02224351  0.02424190
      0.02641983  0.02879343  0.03138027  0.03419952  0.03727205  0.04062063
      0.04427005  0.04824734  0.05258195  0.05730599  0.06245444  0.06806544
      0.07418054  0.08084503  0.08810827  0.09602405  0.10465099  0.11405299
      0.12429968  0.13546694  0.14763749  0.16090146  0.17535709  0.19111143
      0.20828116  0.22699345  0.24738688  0.26961248  0.29383487  0.32023343
      0.34900367  0.38035868  0.41453067  0.45177272  0.49236064  0.53659505
      0.58480355  0.63734316  0.69460302  0.75700718  0.82501783  0.89913865
      0.97991859  1.06795593  1.16390267  1.26846941  1.38243058  1.50663019
      1.64198808  1.78950672  1.95027865  2.12549457  2.31645214  2.52456563
      2.75137635  2.99856407  3.26795950  3.56155782  3.88153345  4.23025616
      4.61030863  5.02450558  5.47591460  5.96787887  6.50404194  7.08837469
      7.72520477  8.41924860  9.17564635 10.00000000
radwts: weights for radial points
      0.00017206  0.00018752  0.00020437  0.00022273  0.00024274  0.00026455
      0.00028832  0.00031422  0.00034245  0.00037322  0.00040675  0.00044329
      0.00048312  0.00052652  0.00057382  0.00062538  0.00068156  0.00074279
      0.00080953  0.00088226  0.00096152  0.00104790  0.00114205  0.00124465
      0.00135647  0.00147834  0.00161116  0.00175591  0.00191366  0.00208559
      0.00227296  0.00247716  0.00269972  0.00294226  0.00320660  0.00349468
      0.00380865  0.00415083  0.00452374  0.00493016  0.00537310  0.00585582
      0.00638192  0.00695528  0.00758015  0.00826117  0.00900336  0.00981224
      0.01069378  0.01165453  0.01270159  0.01384272  0.01508637  0.01644175
      0.01791890  0.01952876  0.02128325  0.02319537  0.02527928  0.02755040
      0.03002557  0.03272311  0.03566301  0.03886703  0.04235890  0.04616448
      0.05031197  0.05483207  0.05975826  0.06512703  0.07097814  0.07735492
      0.08430461  0.09187866  0.10013317  0.10912928  0.11893362  0.12961879
      0.14126394  0.15395530  0.16778687  0.18286109  0.19928960  0.21719407
      0.23670711  0.25797323  0.28114992  0.30640885  0.33393707  0.36393847
      0.39663525  0.43226954  0.47110528  0.51343007  0.55955739  0.60982886
      0.66461678  0.72432694  0.78940154  0.86032254
number of radial functions  **** H PBE bare-core basis 11Apr01-PAS ****
  4
angular momentum, number of alphas
  0  5
alphas - s - Ham-II/PBE/4s408 + a5(19.22) + full recontract in H2
   1.02474000D-01  3.72304000D-01  1.23085800D+00  4.78332400D+00
   1.92200000D+01
wave function coefficients
   1.04060000D-01  4.80100000D-01  5.85350000D-01  3.97563000D-01
   2.69130000D-01
angular momentum, number of alphas
  0  2
alphas - s - second zeta s polarization (H2O Eopt)
   1.02474000D-01  3.72304000D-01
wave function coefficients
   7.52810000D-02  1.20939000D-01
angular momentum, number of alphas
  0  1
alphas - s - third zeta s polarization (H2O Eopt)
   1.02474000D-01
wave function coefficients
   1.00000000D+00
angular momentum, number of alphas
  1  1
alphas - p - angular polarization (dzp Eopt H2)
   1.10000000D+00
wave function coefficients
   1.00000000D+00
shell occupancies for hydrogen, H: s(1.00)p(0.00)
      1.00000000  0.00000000  0.00000000  0.00000000
end atom file
 ionopt (0=none,2=gaussian lmcc,3=dble layer):
    2
 charge state for system
   0.00000000
number of atoms in unit cell
  209
atom, type, position;  step#
 AT0          H                 0.0316087769    0.7007837523   -2.1458590971    
 AT1          Ba                0.0214897515    0.0213489968   -1.5155011960    
 AT2          Ba                0.0218906797    0.0218411252   -0.4742883436    
 AT3          O                 0.0395024213   -0.4684740861   -0.9940100020    
 AT4          O                -0.4686212211    0.0393583976   -0.9939388605    
 AT5          O                -0.0077945560   -0.4958820525    0.0126477278    
 AT6          O                -0.4961877810   -0.0083292243   -2.0017525680    
 AT7          O                -0.4958927796   -0.0078238720    0.0125774613    
 AT8          O                -0.0082084559   -0.4963339504   -2.0016782530    
 AT9          O                -0.0082043299    0.5036543588   -2.0017052044    
 AT10         O                 0.5037559448   -0.0083386592   -2.0016988569    
 AT11         O                 0.5041492048   -0.0077978347    0.0125552850    
 AT12         O                -0.0077648517    0.5040780148    0.0126164273    
 AT13         O                 0.0394538280    0.5313995999   -0.9940169925    
 AT14         O                 0.5315191311    0.0394678507   -0.9940200826    
 AT15         Ti               -0.4561897735   -0.4562058045   -0.0181705164    
 AT16         Ti               -0.4566681334   -0.4567707336   -1.9707852091    
 AT17         O                -0.4797125293   -0.4797934364   -0.4901492064    
 AT18         O                -0.4804659441   -0.4805183169   -1.4989968673    
 AT19         Ti                0.4979544890    0.4979442870   -0.9945261692    
 AT20         Ti                0.4979844231   -0.5020962735   -0.9945127816    
 AT21         Ti               -0.5020345918    0.4978615016   -0.9944732745    
 AT22         Ti               -0.5020719469   -0.5021300426   -0.9944753468    
 AT23         O                -0.4804279950    0.5193940709   -1.4989661551    
 AT24         O                -0.4796717767    0.5202154800   -0.4901873000    
 AT25         O                 0.5202730878   -0.4797434303   -0.4901955726    
 AT26         O                 0.5196164984   -0.4804837140   -1.4989218545    
 AT27         Ti               -0.4566657928    0.5431415256   -1.9707393442    
 AT28         Ti               -0.4561394494    0.5437497504   -0.0180926708    
 AT29         Ti                0.5432752417   -0.4567790824   -1.9707260409    
 AT30         Ti                0.5438122313   -0.4561846591   -0.0181245158    
 AT31         O                 0.5196395570    0.5195618540   -1.4989707280    
 AT32         O                 0.5203785138    0.5202556386   -0.4902156894    
 AT33         Ti                0.5432853885    0.5432336631   -1.9707487817    
 AT34         Ti                0.5438779555    0.5437143785   -0.0182310321    
 AT35         Ba               -0.9780955508    0.0218099210   -0.4742858097    
 AT36         Ba                0.0218822768   -0.9781417256   -0.4742421684    
 AT37         Ba               -0.9784658457    0.0214395572   -1.5155398313    
 AT38         Ba                0.0214670805   -0.9785884998   -1.5155373211    
 AT39         Ba                0.0214480603    1.0213387711   -1.5154900772    
 AT40         Ba                1.0214435272    0.0213919016   -1.5155426387    
 AT41         Ba                0.0219023557    1.0218197406   -0.4742031468    
 AT42         Ba                1.0219135920    0.0218184145   -0.4742871470    
 AT43         O                -0.9605455526   -0.4687245295   -0.9939609786    
 AT44         O                -0.4685740605   -0.9605993485   -0.9939630811    
 AT45         O                -0.9604740170    0.5314866720   -0.9939648570    
 AT46         O                 0.5315206312   -0.9605307432   -0.9939872646    
 AT47         O                -0.4962347698    0.9916039372   -2.0016939749    
 AT48         O                 0.9917319159   -0.4963562720   -2.0017082505    
 AT49         O                -0.4958918036    0.9921187873    0.0126296975    
 AT50         O                 0.9921693646   -0.4959019708    0.0126110341    
 AT51         O                 0.5037232432    0.9916810096   -2.0017312732    
 AT52         O                 0.9917163009    0.5036543003   -2.0017513800    
 AT53         O                 0.9922601785    0.5040382600    0.0125907157    
 AT54         O                 0.5042017826    0.9921089299    0.0126226176    
 AT55         O                -0.4958938461   -1.0079098842    0.0126497645    
 AT56         O                -1.0077752375   -0.4959548058    0.0126267195    
 AT57         O                -1.0082132088   -0.4963304699   -2.0017783284    
 AT58         O                -0.4962316625   -1.0083349144   -2.0017770906    
 AT59         O                -1.0077772094    0.5040271261    0.0125991717    
 AT60         O                 0.5041105546   -1.0077960356    0.0126134930    
 AT61         O                 0.5037565739   -1.0083161992   -2.0017680017    
 AT62         O                -1.0082240863    0.5035909393   -2.0018469831    
 AT63         O                -0.4685469021    1.0394293350   -0.9939679691    
 AT64         O                 1.0395892227   -0.4686178843   -0.9939494377    
 AT65         O                 0.5314237527    1.0393954588   -0.9939423279    
 AT66         O                 1.0395389708    0.5315222431   -0.9939959566    
 AT67         Ba               -0.9780886854   -0.9781960504   -0.4742029931    
 AT68         Ba               -0.9785344102   -0.9786259610   -1.5155605127    
 AT69         Ba               -0.9781014095    1.0218229210   -0.4742480671    
 AT70         Ba               -0.9785169178    1.0213935297   -1.5155669537    
 AT71         Ba                1.0214930254   -0.9785987584   -1.5155601620    
 AT72         Ba                1.0219415602   -0.9781446557   -0.4742883464    
 AT73         Ba                1.0214730041    1.0213699928   -1.5155189221    
 AT74         Ba                1.0219213556    1.0218576017   -0.4742084602    
 AT75         O                -1.4682996844    0.0394044452   -0.9940361890    
 AT76         O                 0.0394560086   -1.4683357349   -0.9940100494    
 AT77         O                -0.0077325011   -1.4959226873    0.0126196328    
 AT78         O                -1.4958823757   -0.0078543567    0.0126288852    
 AT79         O                -1.4962846743   -0.0083304428   -2.0017216481    
 AT80         O                -0.0082081444   -1.4963479448   -2.0017568928    
 AT81         O                -0.0082329794    1.5035998249   -2.0016411713    
 AT82         O                 1.5041044867   -0.0078027867    0.0125895471    
 AT83         O                 1.5037276004   -0.0083185524   -2.0016832040    
 AT84         O                -0.0077681103    1.5040621639    0.0126302373    
 AT85         Ti               -1.4561510791   -0.4562105773   -0.0180737063    
 AT86         Ti               -0.4561185870   -1.4562631119   -0.0180923663    
 AT87         Ti               -1.4566491283   -0.4567641596   -1.9707747737    
 AT88         Ti               -0.4566603986   -1.4567702691   -1.9708063658    
 AT89         O                 1.5316136831    0.0394563657   -0.9940192075    
 AT90         O                 0.0394598858    1.5314356347   -0.9939624551    
 AT91         Ti               -1.4561445745    0.5437569199   -0.0181160046    
 AT92         Ti               -1.4566718539    0.5432000913   -1.9708165612    
 AT93         Ti                0.5438534976   -1.4561678360   -0.0180902847    
 AT94         Ti                0.5432729710   -1.4567757282   -1.9707667561    
 AT95         O                -1.4796865809   -0.4797854163   -0.4901580709    
 AT96         O                -0.4796952545   -1.4797877281   -0.4901695890    
 AT97         O                -1.4803584254   -0.4805153616   -1.4989968142    
 AT98         O                -0.4804296465   -1.4804693660   -1.4990444476    
 AT99         O                -1.4796800250    0.5201863355   -0.4901844121    
 AT100        O                 0.5203915313   -1.4796771967   -0.4901805010    
 AT101        O                -1.4803104699    0.5195389711   -1.4990382974    
 AT102        O                 0.5196140871   -1.4804385742   -1.4990111116    
 AT103        Ti                1.4980458651    0.4979173635   -0.9945354935    
 AT104        Ti                0.4979033057    1.4978586671   -0.9944897764    
 AT105        Ti                1.4980878729   -0.5021309036   -0.9945118468    
 AT106        Ti               -0.5021036669    1.4978899901   -0.9944861394    
 AT107        Ti                0.4979101055   -1.5019915900   -0.9945418398    
 AT108        Ti               -1.5019081698    0.4978603143   -0.9945427156    
 AT109        Ti               -0.5020748342   -1.5020101628   -0.9945349418    
 AT110        Ti               -1.5019650375   -0.5021341260   -0.9945304899    
 AT111        O                -0.4804573476    1.5194930837   -1.4989304666    
 AT112        O                 1.5195850720   -0.4804918251   -1.4989580896    
 AT113        O                -0.4796972966    1.5202551541   -0.4901703337    
 AT114        O                 1.5203668126   -0.4797009776   -0.4901684370    
 AT115        O                 0.5196105044    1.5195144040   -1.4988590879    
 AT116        O                 1.5195947919    0.5195245180   -1.4989576376    
 AT117        O                 1.5203966931    0.5203015945   -0.4902173388    
 AT118        O                 0.5203403660    1.5202741551   -0.4901648431    
 AT119        Ti               -0.4566873099    1.5431488214   -1.9707117621    
 AT120        Ti                1.5432775373   -0.4567772341   -1.9707134255    
 AT121        Ti               -0.4561681135    1.5437680350   -0.0182044679    
 AT122        Ti                1.5438256823   -0.4561936819   -0.0181979960    
 AT123        Ti                1.5432835340    0.5431809701   -1.9707038282    
 AT124        Ti                0.5432824048    1.5431527376   -1.9706732680    
 AT125        Ti                0.5438367865    1.5437781808   -0.0181693634    
 AT126        Ti                1.5438454069    0.5437809162   -0.0181321814    
 AT127        O                -0.9605644731   -1.4685118203   -0.9940024267    
 AT128        O                -1.4686294820   -0.9606589586   -0.9939986649    
 AT129        O                 0.9917288935   -1.4963787766   -2.0017543011    
 AT130        O                -1.4958645088    0.9921089870    0.0125973078    
 AT131        O                -1.4962520072    0.9916475661   -2.0017836455    
 AT132        O                 0.9922040082   -1.4958778220    0.0126864679    
 AT133        O                 1.0395334814   -1.4684938372   -0.9940152368    
 AT134        O                -1.4684670256    1.0394341996   -0.9939666970    
 AT135        O                 1.5037077487    0.9916200200   -2.0017109196    
 AT136        O                 0.9917205409    1.5036055855   -2.0016655779    
 AT137        O                 0.9922093624    1.5040887244    0.0126750900    
 AT138        O                 1.5040955003    0.9921456433    0.0126097908    
 AT139        O                -1.4958560827   -1.0078390215    0.0126413047    
 AT140        O                -1.0082502669   -1.4963683141   -2.0018350467    
 AT141        O                -1.0078011614   -1.4959951202    0.0125708124    
 AT142        O                -1.4962236204   -1.0083538814   -2.0017347590    
 AT143        O                -0.9605682671    1.5314139823   -0.9939405544    
 AT144        O                 1.5317519683   -0.9605417594   -0.9939595169    
 AT145        O                -1.0077733998    1.5040347657    0.0126230257    
 AT146        O                -1.0082267925    1.5035790068   -2.0017902062    
 AT147        O                 1.5037304741   -1.0083560809   -2.0017233314    
 AT148        O                 1.5041436280   -1.0078526336    0.0126236765    
 AT149        O                 1.0394686092    1.5314213653   -0.9939791343    
 AT150        O                 1.5317082244    1.0395081730   -0.9940140834    
 AT151        Ba               -1.9780394215    0.0218421215   -0.4743139844    
 AT152        Ba                0.0219221786   -1.9781248562   -0.4743105227    
 AT153        Ba               -1.9784533405    0.0213864731   -1.5155560758    
 AT154        Ba                0.0214429277   -1.9786088095   -1.5155143118    
 AT155        O                -1.9604406563   -0.4684621274   -0.9940144464    
 AT156        O                -0.4685150824   -1.9605356210   -0.9940198138    
 AT157        O                -1.9603740572    0.5313436671   -0.9940580831    
 AT158        O                 0.5312768824   -1.9604703684   -0.9940274706    
 AT159        O                -0.4962301502    1.9915882342   -2.0017277878    
 AT160        O                 1.9917228894   -0.4963586719   -2.0017094932    
 AT161        O                -0.4958820338    1.9921461835    0.0126353719    
 AT162        O                 1.9921861445   -0.4959245733    0.0126477167    
 AT163        O                 0.5037216214    1.9915926357   -2.0017447461    
 AT164        O                 1.9917405723    0.5036371956   -2.0017444215    
 AT165        O                 0.5041371125    1.9921555195    0.0126198498    
 AT166        O                 1.9922045319    0.5040580921    0.0126351910    
 AT167        Ti               -1.4561807145   -1.4562370831   -0.0181928108    
 AT168        Ti               -1.4566721239   -1.4567895181   -1.9708158907    
 AT169        O                -1.4797810882   -1.4798187607   -0.4901619677    
 AT170        O                -1.4803996851   -1.4805492895   -1.4990204123    
 AT171        Ti                1.4980043728    1.4979617068   -0.9945281773    
 AT172        Ti                1.4979900082   -1.5021228549   -0.9945430428    
 AT173        Ti               -1.5019902218    1.4978895843   -0.9945348860    
 AT174        Ti               -1.5020656233   -1.5021449281   -0.9945549767    
 AT175        O                -1.4803893723    1.5194628232   -1.4990253495    
 AT176        O                -1.4796655457    1.5202903224   -0.4901599062    
 AT177        O                 1.5195990009   -1.4804646938   -1.4989735353    
 AT178        O                 1.5203181066   -1.4797475228   -0.4901887506    
 AT179        Ti               -1.4561441630    1.5437917436   -0.0181056859    
 AT180        Ti               -1.4566401777    1.5432073128   -1.9708520388    
 AT181        Ti                1.5432833270   -1.4568062752   -1.9707346766    
 AT182        Ti                1.5438323754   -1.4562462826   -0.0182163069    
 AT183        O                 1.5196049739    1.5195529982   -1.4989531439    
 AT184        O                 1.5203410313    1.5202996222   -0.4901983965    
 AT185        Ti                1.5432791945    1.5431822144   -1.9707051611    
 AT186        Ti                1.5438334495    1.5437827500   -0.0182310306    
 AT187        Ba               -1.9780850798   -0.9781634340   -0.4742322809    
 AT188        Ba               -0.9781096155   -1.9781567194   -0.4742858983    
 AT189        Ba               -0.9785003905   -1.9785900637   -1.5155783207    
 AT190        Ba               -1.9784781710   -0.9786314088   -1.5155638157    
 AT191        Ba               -1.9780514160    1.0218524330   -0.4742699287    
 AT192        Ba                1.0218739226   -1.9781370763   -0.4742744578    
 AT193        Ba               -1.9784999874    1.0213633454   -1.5155438066    
 AT194        Ba                1.0214234654   -1.9786039766   -1.5155453486    
 AT195        O                -1.4684692803   -1.9605748314   -0.9940386942    
 AT196        O                -1.9605401004   -1.4687307366   -0.9940766556    
 AT197        O                 1.5314989022   -1.9605777547   -0.9940074535    
 AT198        O                -1.9604624664    1.5315592463   -0.9939928251    
 AT199        O                -1.4962479604    1.9916049990   -2.0017971060    
 AT200        O                -1.4958689011    1.9921364415    0.0126680713    
 AT201        O                 1.9921954642   -1.4959750254    0.0126350862    
 AT202        O                 1.9917382020   -1.4963537054   -2.0017457429    
 AT203        O                 1.5037153026    1.9916272487   -2.0017336452    
 AT204        O                 1.9917140738    1.5035900549   -2.0016974862    
 AT205        O                 1.5040563468    1.9921483976    0.0125945053    
 AT206        O                 1.9921966629    1.5040724427    0.0126215579    
 AT207        Ba               -1.9780665367   -1.9781559909   -0.4743044715    
 AT208        Ba               -1.9784797583   -1.9786316879   -1.5156257874    
origin offset
   0.00000000  0.00000000  0.00000000
 symmetry center
   0.00000000  0.00000000  0.00000000
kgrid
    2   2   0
end setup phase data
 >>>> Total number of electrons=            1505.0000000000
 >>>> Spin!  Number of up/dn electrons=      753.0000000000      752.0000000000
 >>>> Minimum number of occupied states=         753
 >>>> Number of basis functions, norb=        2950
 ************** VERSION 2.65 CHANGE: ***************
 **** grid range default changed from 2.d-7 to 2.d-8
 **** This will cause numerical changes in results
 **** To recover pre-2.65, use input cutgrd/2.d-7
 ***************************************************
run phase input data
no ges
history
    8
states
 2000
iterations
  300
blend ratio
   0.50000000
convergence criterion
   0.00110000
geometry relaxation
gfixed
    2  209 => fixed atom sequence
gmethod
asd
gsteps
  200
end geometry relaxation

 >>>> Relax params (gstop,gblend,gconv,atoms-relaxd):
 >>>>    200  1.5000000  0.000800000000      1

end run phase data
cutXXX for code (grd,slo,ii,1c)
   2.00000000D-08  1.00000000D-01  1.00000000D-02  1.00000000D-04
cutall for code (s,t,nl,loc;frc)
   3.00000000D-09  3.00000000D-09  1.50000000D-07  6.00000000D-08
   3.00000000D-07  3.00000000D-07  5.00000000D-06  6.00000000D-06
 
 ##### output #####
 
 MPINFO::: Local Communicator         :::
 MPINFO::: Local Context = ****       :::
 MPINFO::: Local Size =     128       :::
 MPINFO::: Local Root =       0       :::
 MPINFO::: Local Rank =       0       :::
 >>>>> FOUND RESTART FILE - loading data
 GLINES                                                                         
  
         212
 IGSTEP                                                                         
  
 Restarting from geometry#           1
 COORDINATES                                                                    
  
     0.0316087769    0.7007837523   -2.1458590971
     0.0214897515    0.0213489968   -1.5155011960
     0.0218906797    0.0218411252   -0.4742883436
     0.0395024213   -0.4684740861   -0.9940100020
    -0.4686212211    0.0393583976   -0.9939388605
    -0.0077945560   -0.4958820525    0.0126477278
    -0.4961877810   -0.0083292243   -2.0017525680
    -0.4958927796   -0.0078238720    0.0125774613
    -0.0082084559   -0.4963339504   -2.0016782530
    -0.0082043299    0.5036543588   -2.0017052044
     0.5037559448   -0.0083386592   -2.0016988569
     0.5041492048   -0.0077978347    0.0125552850
    -0.0077648517    0.5040780148    0.0126164273
     0.0394538280    0.5313995999   -0.9940169925
     0.5315191311    0.0394678507   -0.9940200826
    -0.4561897735   -0.4562058045   -0.0181705164
    -0.4566681334   -0.4567707336   -1.9707852091
    -0.4797125293   -0.4797934364   -0.4901492064
    -0.4804659441   -0.4805183169   -1.4989968673
     0.4979544890    0.4979442870   -0.9945261692
     0.4979844231   -0.5020962735   -0.9945127816
    -0.5020345918    0.4978615016   -0.9944732745
    -0.5020719469   -0.5021300426   -0.9944753468
    -0.4804279950    0.5193940709   -1.4989661551
    -0.4796717767    0.5202154800   -0.4901873000
     0.5202730878   -0.4797434303   -0.4901955726
     0.5196164984   -0.4804837140   -1.4989218545
    -0.4566657928    0.5431415256   -1.9707393442
    -0.4561394494    0.5437497504   -0.0180926708
     0.5432752417   -0.4567790824   -1.9707260409
     0.5438122313   -0.4561846591   -0.0181245158
     0.5196395570    0.5195618540   -1.4989707280
     0.5203785138    0.5202556386   -0.4902156894
     0.5432853885    0.5432336631   -1.9707487817
     0.5438779555    0.5437143785   -0.0182310321
    -0.9780955508    0.0218099210   -0.4742858097
     0.0218822768   -0.9781417256   -0.4742421684
    -0.9784658457    0.0214395572   -1.5155398313
     0.0214670805   -0.9785884998   -1.5155373211
     0.0214480603    1.0213387711   -1.5154900772
     1.0214435272    0.0213919016   -1.5155426387
     0.0219023557    1.0218197406   -0.4742031468
     1.0219135920    0.0218184145   -0.4742871470
    -0.9605455526   -0.4687245295   -0.9939609786
    -0.4685740605   -0.9605993485   -0.9939630811
    -0.9604740170    0.5314866720   -0.9939648570
     0.5315206312   -0.9605307432   -0.9939872646
    -0.4962347698    0.9916039372   -2.0016939749
     0.9917319159   -0.4963562720   -2.0017082505
    -0.4958918036    0.9921187873    0.0126296975
     0.9921693646   -0.4959019708    0.0126110341
     0.5037232432    0.9916810096   -2.0017312732
     0.9917163009    0.5036543003   -2.0017513800
     0.9922601785    0.5040382600    0.0125907157
     0.5042017826    0.9921089299    0.0126226176
    -0.4958938461   -1.0079098842    0.0126497645
    -1.0077752375   -0.4959548058    0.0126267195
    -1.0082132088   -0.4963304699   -2.0017783284
    -0.4962316625   -1.0083349144   -2.0017770906
    -1.0077772094    0.5040271261    0.0125991717
     0.5041105546   -1.0077960356    0.0126134930
     0.5037565739   -1.0083161992   -2.0017680017
    -1.0082240863    0.5035909393   -2.0018469831
    -0.4685469021    1.0394293350   -0.9939679691
     1.0395892227   -0.4686178843   -0.9939494377
     0.5314237527    1.0393954588   -0.9939423279
     1.0395389708    0.5315222431   -0.9939959566
    -0.9780886854   -0.9781960504   -0.4742029931
    -0.9785344102   -0.9786259610   -1.5155605127
    -0.9781014095    1.0218229210   -0.4742480671
    -0.9785169178    1.0213935297   -1.5155669537
     1.0214930254   -0.9785987584   -1.5155601620
     1.0219415602   -0.9781446557   -0.4742883464
     1.0214730041    1.0213699928   -1.5155189221
     1.0219213556    1.0218576017   -0.4742084602
    -1.4682996844    0.0394044452   -0.9940361890
     0.0394560086   -1.4683357349   -0.9940100494
    -0.0077325011   -1.4959226873    0.0126196328
    -1.4958823757   -0.0078543567    0.0126288852
    -1.4962846743   -0.0083304428   -2.0017216481
    -0.0082081444   -1.4963479448   -2.0017568928
    -0.0082329794    1.5035998249   -2.0016411713
     1.5041044867   -0.0078027867    0.0125895471
     1.5037276004   -0.0083185524   -2.0016832040
    -0.0077681103    1.5040621639    0.0126302373
    -1.4561510791   -0.4562105773   -0.0180737063
    -0.4561185870   -1.4562631119   -0.0180923663
    -1.4566491283   -0.4567641596   -1.9707747737
    -0.4566603986   -1.4567702691   -1.9708063658
     1.5316136831    0.0394563657   -0.9940192075
     0.0394598858    1.5314356347   -0.9939624551
    -1.4561445745    0.5437569199   -0.0181160046
    -1.4566718539    0.5432000913   -1.9708165612
     0.5438534976   -1.4561678360   -0.0180902847
     0.5432729710   -1.4567757282   -1.9707667561
    -1.4796865809   -0.4797854163   -0.4901580709
    -0.4796952545   -1.4797877281   -0.4901695890
    -1.4803584254   -0.4805153616   -1.4989968142
    -0.4804296465   -1.4804693660   -1.4990444476
    -1.4796800250    0.5201863355   -0.4901844121
     0.5203915313   -1.4796771967   -0.4901805010
    -1.4803104699    0.5195389711   -1.4990382974
     0.5196140871   -1.4804385742   -1.4990111116
     1.4980458651    0.4979173635   -0.9945354935
     0.4979033057    1.4978586671   -0.9944897764
     1.4980878729   -0.5021309036   -0.9945118468
    -0.5021036669    1.4978899901   -0.9944861394
     0.4979101055   -1.5019915900   -0.9945418398
    -1.5019081698    0.4978603143   -0.9945427156
    -0.5020748342   -1.5020101628   -0.9945349418
    -1.5019650375   -0.5021341260   -0.9945304899
    -0.4804573476    1.5194930837   -1.4989304666
     1.5195850720   -0.4804918251   -1.4989580896
    -0.4796972966    1.5202551541   -0.4901703337
     1.5203668126   -0.4797009776   -0.4901684370
     0.5196105044    1.5195144040   -1.4988590879
     1.5195947919    0.5195245180   -1.4989576376
     1.5203966931    0.5203015945   -0.4902173388
     0.5203403660    1.5202741551   -0.4901648431
    -0.4566873099    1.5431488214   -1.9707117621
     1.5432775373   -0.4567772341   -1.9707134255
    -0.4561681135    1.5437680350   -0.0182044679
     1.5438256823   -0.4561936819   -0.0181979960
     1.5432835340    0.5431809701   -1.9707038282
     0.5432824048    1.5431527376   -1.9706732680
     0.5438367865    1.5437781808   -0.0181693634
     1.5438454069    0.5437809162   -0.0181321814
    -0.9605644731   -1.4685118203   -0.9940024267
    -1.4686294820   -0.9606589586   -0.9939986649
     0.9917288935   -1.4963787766   -2.0017543011
    -1.4958645088    0.9921089870    0.0125973078
    -1.4962520072    0.9916475661   -2.0017836455
     0.9922040082   -1.4958778220    0.0126864679
     1.0395334814   -1.4684938372   -0.9940152368
    -1.4684670256    1.0394341996   -0.9939666970
     1.5037077487    0.9916200200   -2.0017109196
     0.9917205409    1.5036055855   -2.0016655779
     0.9922093624    1.5040887244    0.0126750900
     1.5040955003    0.9921456433    0.0126097908
    -1.4958560827   -1.0078390215    0.0126413047
    -1.0082502669   -1.4963683141   -2.0018350467
    -1.0078011614   -1.4959951202    0.0125708124
    -1.4962236204   -1.0083538814   -2.0017347590
    -0.9605682671    1.5314139823   -0.9939405544
     1.5317519683   -0.9605417594   -0.9939595169
    -1.0077733998    1.5040347657    0.0126230257
    -1.0082267925    1.5035790068   -2.0017902062
     1.5037304741   -1.0083560809   -2.0017233314
     1.5041436280   -1.0078526336    0.0126236765
     1.0394686092    1.5314213653   -0.9939791343
     1.5317082244    1.0395081730   -0.9940140834
    -1.9780394215    0.0218421215   -0.4743139844
     0.0219221786   -1.9781248562   -0.4743105227
    -1.9784533405    0.0213864731   -1.5155560758
     0.0214429277   -1.9786088095   -1.5155143118
    -1.9604406563   -0.4684621274   -0.9940144464
    -0.4685150824   -1.9605356210   -0.9940198138
    -1.9603740572    0.5313436671   -0.9940580831
     0.5312768824   -1.9604703684   -0.9940274706
    -0.4962301502    1.9915882342   -2.0017277878
     1.9917228894   -0.4963586719   -2.0017094932
    -0.4958820338    1.9921461835    0.0126353719
     1.9921861445   -0.4959245733    0.0126477167
     0.5037216214    1.9915926357   -2.0017447461
     1.9917405723    0.5036371956   -2.0017444215
     0.5041371125    1.9921555195    0.0126198498
     1.9922045319    0.5040580921    0.0126351910
    -1.4561807145   -1.4562370831   -0.0181928108
    -1.4566721239   -1.4567895181   -1.9708158907
    -1.4797810882   -1.4798187607   -0.4901619677
    -1.4803996851   -1.4805492895   -1.4990204123
     1.4980043728    1.4979617068   -0.9945281773
     1.4979900082   -1.5021228549   -0.9945430428
    -1.5019902218    1.4978895843   -0.9945348860
    -1.5020656233   -1.5021449281   -0.9945549767
    -1.4803893723    1.5194628232   -1.4990253495
    -1.4796655457    1.5202903224   -0.4901599062
     1.5195990009   -1.4804646938   -1.4989735353
     1.5203181066   -1.4797475228   -0.4901887506
    -1.4561441630    1.5437917436   -0.0181056859
    -1.4566401777    1.5432073128   -1.9708520388
     1.5432833270   -1.4568062752   -1.9707346766
     1.5438323754   -1.4562462826   -0.0182163069
     1.5196049739    1.5195529982   -1.4989531439
     1.5203410313    1.5202996222   -0.4901983965
     1.5432791945    1.5431822144   -1.9707051611
     1.5438334495    1.5437827500   -0.0182310306
    -1.9780850798   -0.9781634340   -0.4742322809
    -0.9781096155   -1.9781567194   -0.4742858983
    -0.9785003905   -1.9785900637   -1.5155783207
    -1.9784781710   -0.9786314088   -1.5155638157
    -1.9780514160    1.0218524330   -0.4742699287
     1.0218739226   -1.9781370763   -0.4742744578
    -1.9784999874    1.0213633454   -1.5155438066
     1.0214234654   -1.9786039766   -1.5155453486
    -1.4684692803   -1.9605748314   -0.9940386942
    -1.9605401004   -1.4687307366   -0.9940766556
     1.5314989022   -1.9605777547   -0.9940074535
    -1.9604624664    1.5315592463   -0.9939928251
    -1.4962479604    1.9916049990   -2.0017971060
    -1.4958689011    1.9921364415    0.0126680713
     1.9921954642   -1.4959750254    0.0126350862
     1.9917382020   -1.4963537054   -2.0017457429
     1.5037153026    1.9916272487   -2.0017336452
     1.9917140738    1.5035900549   -2.0016974862
     1.5040563468    1.9921483976    0.0125945053
     1.9921966629    1.5040724427    0.0126215579
    -1.9780665367   -1.9781559909   -0.4743044715
    -1.9784797583   -1.9786316879   -1.5156257874
 END STATUS FILE                                                                
  
 Restart file ended
 
 Maximum record length (r8) for i/o=     1000000
 Flavor of dft that will be used for this run=PBE-SP
 ***** Note: basis transformed to split basis form
 IBZ Bloch vectors, total=           2           4
   K#       wt               k-vector:(r);(g)
     1    2.000000    0.051530  0.051530  0.000000    0.2500  0.2500  0.0000
     2    2.000000    0.154591  0.051530  0.000000    0.7500  0.2500  0.0000
  
 LATVEC: nlat1c,nlat2c,nlat =           9           9           9
 
  Atom
  Type  Shell  Min-alf     range
    1        0.060634  12.090689
    2        0.080000  10.526019
    3        0.129289   8.279963
    4        0.102474   9.300415
 Turnover EF->DM npopdm, npop0k=         957         753
 DEV264h/wkmem: perlsolv dist-mem
 DEV/wkmem: KPSTORE= T
 DEV/wkmem: psolv version, input do_psolv= F

 Need      107250-length r*4 array to pack grid wfcns/box
 Need    25631050-length r*4 array to pack all grid wfcns
 Need      500000-length r*4 array for grid wfcns scratch
 WKMEM: using stripe-parallel+Merge  setup
 WKMEM: Use k-parallel-parallel solver
 Minimum maxwkd for scf to complete=   116305974
 All grid wfcns stored in  12815525 of 119450626 available
 WKMEM: in-core Broyden! uses   4895172 out of 106635101 available
 >>>>> geom/basis data saved to file
  
 Atom type   1  radial valence charge =    7.999999861627
 Atom type   1    core charge =    1.826156845234
  
 Atom type   2  radial valence charge =    9.999999869126
 Atom type   2    core charge =    5.362408557932
  
 Atom type   3  radial valence charge =    5.999995363882
 Atom type   3      xc valence charge =    6.499995360087
  
 Atom type   4  radial valence charge =    0.999999985299
 mat0set: stripe-parallel, KPSTORE= T

   sij compute    +    0.52 =      16.8 seconds wall (    0.19 usr    0.00 sys)

   sij/nlat-bcast +    0.05 =      16.9 seconds wall (    0.06 usr    0.00 sys)

   vlocmat compute+    0.98 =      17.8 seconds wall (    0.72 usr    0.00 sys)

   vlocmii compute+    0.02 =      17.9 seconds wall (    0.01 usr    0.00 sys)

   nlocmat compute+    2.19 =      20.0 seconds wall (    1.44 usr    0.00 sys)
 NLOCMAT: Max neqilat=           1

 After mat0set    +    2.64 =      22.7 seconds wall (    0.27 usr    0.00 sys)

 grid0xc compute+    0.93 =      23.6 seconds wall (    0.85 usr    0.00 sys)

 grid0xc Merge  +    0.35 =      24.0 seconds wall (    0.31 usr    0.00 sys)

 grid0xc Bcast  +    1.77 =      25.7 seconds wall (    1.70 usr    0.00 sys)
 

 AFTER SETUP PHASE+    7.25 =      33.0 seconds wall (    1.12 usr    0.00 sys)
 
  
 *************************  iteration   0 begins here  *************************


 Before iterations+    0.55 =      33.5 seconds wall (    0.53 usr    0.00 sys)
  
 grid-integrated up-density total =      752.5005271103
 grid-integrated dn-density total =      752.5005271103
 grid-integrated valence-density total =     1505.0010542205
 grid-int core charge  =      315.8587513280
 Harris Fcnal XC piece=     -162.5471518726
  
  

 After 0 iteration+   12.45 =      46.0 seconds wall (   11.97 usr    0.00 sys)
 *************************  iteration   1 begins here  *************************

 PEIGSOLV: do_eigvecs,do_eigpops,do_kppsolve,do_psolv= T T T F
 DEV/PEIGSOLV: smaller PRHOIJ stripe/transpose
 PEIGSOLVKP: k-parallel-parallel solver
 KPP/DEV: smaller prhoij(06) stripe/transpose

 eigsolvkp/begin      +    0.44 =      46.4 seconds wall (    0.01 usr    0.00 sys)
 PSCHROEDKP: k-parallel-parellel solves (opt mem)
    number of kpp masterss=    2
 procs, rowsxcols=solver:    64     8     8    64

 eigsolvkp/pschkp scalap+    4.50 =      50.9 seconds wall (    3.14 usr    0.00 sys)

 eigsolvkp/pop        +    0.01 =      50.9 seconds wall (    0.00 usr    0.00 sys)
 DMAT: all-parallel stripe/merge dmat(k)
 PRHOIJ(06): compact stripe+transpose
 DMAT: all-parallel stripe/merge dmat(k)
 PRHOIJ(06): compact stripe+transpose

 eigsolvkp/rhoij      +    3.77 =      54.7 seconds wall (    2.45 usr    0.00 sys)
 
 spin-up fermi level =   -0.331388 Ry,   gap(0K)= 0.007165 Ry = 0.097 eV
 spin-dn fermi level =   -0.449396 Ry,   gap(0K)= 0.231030 Ry = 3.143 eV

 k-vector:                  1                                         2
  weight:               0.500000                                  0.500000
            level/UP/occup       level/DN/occup       level/UP/occup       level/DN/occup
  
    1    -2.881014  1.0000    -2.881014  1.0000    -2.881014  1.0000    -2.881014  1.0000
    2    -2.880232  1.0000    -2.880232  1.0000    -2.880226  1.0000    -2.880226  1.0000
    3    -2.880116  1.0000    -2.880116  1.0000    -2.880118  1.0000    -2.880118  1.0000
    4    -2.879894  1.0000    -2.879894  1.0000    -2.879901  1.0000    -2.879901  1.0000
             ...      ...         ...      ...         ...      ...         ...      ...
  734    -0.606295  1.0000    -0.606295  1.0000    -0.606769  1.0000    -0.606769  1.0000
  735    -0.605374  1.0000    -0.605374  1.0000    -0.606617  1.0000    -0.606617  1.0000
  736    -0.604852  1.0000    -0.604852  1.0000    -0.605636  1.0000    -0.605636  1.0000
  737    -0.604826  1.0000    -0.604826  1.0000    -0.605612  1.0000    -0.605612  1.0000
  738    -0.604537  1.0000    -0.604537  1.0000    -0.605489  1.0000    -0.605489  1.0000
  739    -0.604418  1.0000    -0.604418  1.0000    -0.604988  1.0000    -0.604988  1.0000
  740    -0.603667  1.0000    -0.603667  1.0000    -0.604089  1.0000    -0.604089  1.0000
  741    -0.603396  1.0000    -0.603396  1.0000    -0.603575  1.0000    -0.603575  1.0000
  742    -0.602825  1.0000    -0.602825  1.0000    -0.603222  1.0000    -0.603222  1.0000
  743    -0.602497  1.0000    -0.602497  1.0000    -0.603181  1.0000    -0.603181  1.0000
  744    -0.592893  1.0000    -0.592893  1.0000    -0.589482  1.0000    -0.589482  1.0000
  745    -0.590683  1.0000    -0.590683  1.0000    -0.589315  1.0000    -0.589315  1.0000
  746    -0.589772  1.0000    -0.589772  1.0000    -0.587004  1.0000    -0.587004  1.0000
  747    -0.582334  1.0000    -0.582334  1.0000    -0.583076  1.0000    -0.583076  1.0000
  748    -0.579523  1.0000    -0.579523  1.0000    -0.581087  1.0000    -0.581087  1.0000
  749    -0.579139  1.0000    -0.579139  1.0000    -0.580342  1.0000    -0.580342  1.0000
  750    -0.579080  1.0000    -0.579080  1.0000    -0.580121  1.0000    -0.580121  1.0000
  751    -0.567027  1.0000    -0.567027  1.0000    -0.566657  1.0000    -0.566657  1.0000
  752    -0.565294  1.0000    -0.565294  1.0000    -0.564912  1.0000    -0.564912  1.0000
  753    -0.333881  0.6966    -0.333881  0.0000    -0.332931  0.6258    -0.332931  0.0000
  754    -0.325043  0.1077    -0.325043  0.0000    -0.325765  0.1331    -0.325765  0.0000
  755    -0.324889  0.1028    -0.324889  0.0000    -0.325650  0.1287    -0.325650  0.0000
  756    -0.322856  0.0550    -0.322856  0.0000    -0.323932  0.0769    -0.323932  0.0000
  757    -0.318953  0.0156    -0.318953  0.0000    -0.318771  0.0147    -0.318771  0.0000
  758    -0.318815  0.0149    -0.318815  0.0000    -0.318614  0.0140    -0.318614  0.0000
  759    -0.314485  0.0036    -0.314485  0.0000    -0.314503  0.0036    -0.314503  0.0000
  760    -0.314328  0.0034    -0.314328  0.0000    -0.314352  0.0034    -0.314352  0.0000
  761    -0.305523  0.0002    -0.305523  0.0000    -0.303733  0.0001    -0.303733  0.0000
  762    -0.300975  0.0000    -0.300975  0.0000    -0.301070  0.0000    -0.301070  0.0000
  763    -0.300047  0.0000    -0.300047  0.0000    -0.298929  0.0000    -0.298929  0.0000
  764    -0.299759  0.0000    -0.299759  0.0000    -0.298671  0.0000    -0.298671  0.0000
  765    -0.293919  0.0000    -0.293919  0.0000    -0.294876  0.0000    -0.294876  0.0000
  766    -0.293677  0.0000    -0.293677  0.0000    -0.294644  0.0000    -0.294644  0.0000
  767    -0.290711  0.0000    -0.290711  0.0000    -0.294232  0.0000    -0.294232  0.0000
  768    -0.290488  0.0000    -0.290488  0.0000    -0.290598  0.0000    -0.290598  0.0000
  769    -0.288490  0.0000    -0.288490  0.0000    -0.290388  0.0000    -0.290388  0.0000
  770    -0.286220  0.0000    -0.286220  0.0000    -0.285494  0.0000    -0.285494  0.0000
  771    -0.286093  0.0000    -0.286093  0.0000    -0.281668  0.0000    -0.281668  0.0000
  772    -0.283748  0.0000    -0.283748  0.0000    -0.281512  0.0000    -0.281512  0.0000
  773    -0.279732  0.0000    -0.279732  0.0000    -0.278178  0.0000    -0.278178  0.0000
  774    -0.279570  0.0000    -0.279570  0.0000    -0.277027  0.0000    -0.277027  0.0000
  775    -0.274684  0.0000    -0.274684  0.0000    -0.276858  0.0000    -0.276858  0.0000
  776    -0.273295  0.0000    -0.273295  0.0000    -0.275433  0.0000    -0.275433  0.0000
  777    -0.273058  0.0000    -0.273058  0.0000    -0.274874  0.0000    -0.274874  0.0000
             ...      ...         ...      ...         ...      ...         ...      ...
 2000     1.915463  0.0000     1.915463  0.0000     1.911815  0.0000     1.911815  0.0000
  
 delta movement in up-elecs =       53.2006474917
 delta movement in dn-elecs =       53.9981533104
 delta movement in electrons =      107.1975046716
 
 one-center local charge defect =        -0.00015747
 
 one-center local charge defect =        -0.00014476
 Slab dipole removed using vacuum LMCC
 Vacuum level[Ry]@z(+),z(-)=  0.112485493723152      -0.112485493723152     
 Using LMCC treatment of supercell electrostatics
 DBG/LMCCINT, esns diagnostics redone
 ***** Warning: No reference term in LMCC
 LMCC chemical potential shift(Ry,eV)=        0.0000005313        0.0000072288
 LMCC esns total grid integral=       12.9377329184
  
 grid-integrated up-density total =      752.9976224000
 grid-integrated dn-density total =      751.9976594208
 grid-integrated valence-density total =     1504.9952818207
 grid-int core charge  =      315.8587513280
  
 TOTAL single particle eigenvalue sum=     -2081.4150472518
  
 rms,max scfchange=  5.9268D-03  7.3511D-01 for component#         1
 electronic meth_bl(BROYDEN)=           1
 EBROYDDJ: in-core history
>>>>> Broyden: first step (elec) simple blend ratio= 0.500000
<<<<< Broyden step complete, scf step=     1

 After blending   +   27.41 =      82.1 seconds wall (   22.23 usr    0.00 sys)
  
 *************************  iteration   2 begins here  *************************

 PEIGSOLV: do_eigvecs,do_eigpops,do_kppsolve,do_psolv= T T T F
 DEV/PEIGSOLV: smaller PRHOIJ stripe/transpose
 PEIGSOLVKP: k-parallel-parallel solver
 KPP/DEV: smaller prhoij(06) stripe/transpose

 eigsolvkp/begin      +    0.51 =      82.6 seconds wall (    0.01 usr    0.00 sys)
 PSCHROEDKP: k-parallel-parellel solves (opt mem)
    number of kpp masterss=    2
 procs, rowsxcols=solver:    64     8     8    64

 eigsolvkp/pschkp scalap+    4.16 =      86.8 seconds wall (    3.10 usr    0.00 sys)

 eigsolvkp/pop        +    0.00 =      86.8 seconds wall (    0.00 usr    0.00 sys)
 DMAT: all-parallel stripe/merge dmat(k)
 PRHOIJ(06): compact stripe+transpose
 DMAT: all-parallel stripe/merge dmat(k)
 PRHOIJ(06): compact stripe+transpose

 eigsolvkp/rhoij      +    3.78 =      90.6 seconds wall (    2.28 usr    0.00 sys)
 
 spin-up fermi level =   -0.384782 Ry,   gap(0K)= 0.002834 Ry = 0.039 eV
 spin-dn fermi level =   -0.386610 Ry,   gap(0K)= 0.001255 Ry = 0.017 eV
  
 delta movement in up-elecs =       78.1166090246
 delta movement in dn-elecs =       77.7688894606
 delta movement in electrons =      155.8839709648
 
 one-center local charge defect =        -0.00008030
 
 one-center local charge defect =        -0.00007174
 Slab dipole removed using vacuum LMCC
 Vacuum level[Ry]@z(+),z(-)=  -3.60637199039199        3.60637199039199     
 Using LMCC treatment of supercell electrostatics
 DBG/LMCCINT, esns diagnostics redone
 ***** Warning: No reference term in LMCC
 LMCC chemical potential shift(Ry,eV)=        0.0005711120        0.0077704381
 LMCC esns total grid integral=      143.6123361790
  
 grid-integrated up-density total =      752.9963806482
 grid-integrated dn-density total =      751.9963657080
 grid-integrated valence-density total =     1504.9927463562
 grid-int core charge  =      315.8587513280
  
 TOTAL single particle eigenvalue sum=     -1964.0678631860
  
 rms,max scfchange=  6.6264D-02  1.1874D+01 for component#   9812077
 electronic meth_bl(BROYDEN)=           1
>>>>> Broyden blend to get next step - elec
<<<<< Broyden step complete, scf step=     2

 After blending   +   27.52 =     118.1 seconds wall (   22.40 usr    0.00 sys)
  
 *************************  iteration   3 begins here  *************************

 PEIGSOLV: do_eigvecs,do_eigpops,do_kppsolve,do_psolv= T T T F
 DEV/PEIGSOLV: smaller PRHOIJ stripe/transpose
 PEIGSOLVKP: k-parallel-parallel solver
 KPP/DEV: smaller prhoij(06) stripe/transpose

 eigsolvkp/begin      +    0.41 =     118.5 seconds wall (    0.02 usr    0.00 sys)
 PSCHROEDKP: k-parallel-parellel solves (opt mem)
    number of kpp masterss=    2
 procs, rowsxcols=solver:    64     8     8    64

 eigsolvkp/pschkp scalap+    4.29 =     122.8 seconds wall (    3.11 usr    0.00 sys)

 eigsolvkp/pop        +    0.00 =     122.8 seconds wall (    0.00 usr    0.00 sys)
 DMAT: all-parallel stripe/merge dmat(k)
 PRHOIJ(06): compact stripe+transpose
 DMAT: all-parallel stripe/merge dmat(k)
 PRHOIJ(06): compact stripe+transpose

 eigsolvkp/rhoij      +    3.11 =     125.9 seconds wall (    2.17 usr    0.00 sys)
 
 spin-up fermi level =   -0.371337 Ry,   gap(0K)= 0.002041 Ry = 0.028 eV
 spin-dn fermi level =   -0.373005 Ry,   gap(0K)= 0.002169 Ry = 0.030 eV
  
 delta movement in up-elecs =       57.1598033973
 delta movement in dn-elecs =       56.5720230305
 delta movement in electrons =      113.7295078378
 
 one-center local charge defect =        -0.00019967
 
 one-center local charge defect =        -0.00018878
 Slab dipole removed using vacuum LMCC
 Vacuum level[Ry]@z(+),z(-)=   1.11548996503762       -1.11548996503762     
 Using LMCC treatment of supercell electrostatics
 DBG/LMCCINT, esns diagnostics redone
 ***** Warning: No reference term in LMCC
 LMCC chemical potential shift(Ry,eV)=        0.0000693193        0.0009431455
 LMCC esns total grid integral=       29.7090784386
  
 grid-integrated up-density total =      752.9966538232
 grid-integrated dn-density total =      751.9966435520
 grid-integrated valence-density total =     1504.9932973752
 grid-int core charge  =      315.8587513280
  
 TOTAL single particle eigenvalue sum=     -1955.0912021270
  
 rms,max scfchange=  2.0638D-02  1.9867D+00 for component#  10154393
 electronic meth_bl(BROYDEN)=           1
>>>>> Broyden blend to get next step - elec
<<<<< Broyden step complete, scf step=     3

 After blending   +   27.31 =     153.2 seconds wall (   22.12 usr    0.00 sys)
  
 *************************  iteration   4 begins here  *************************

 PEIGSOLV: do_eigvecs,do_eigpops,do_kppsolve,do_psolv= T T T F
 DEV/PEIGSOLV: smaller PRHOIJ stripe/transpose
 PEIGSOLVKP: k-parallel-parallel solver
 KPP/DEV: smaller prhoij(06) stripe/transpose

 eigsolvkp/begin      +    0.51 =     153.7 seconds wall (    0.02 usr    0.00 sys)
 PSCHROEDKP: k-parallel-parellel solves (opt mem)
    number of kpp masterss=    2
 procs, rowsxcols=solver:    64     8     8    64

 eigsolvkp/pschkp scalap+    4.00 =     157.7 seconds wall (    3.08 usr    0.00 sys)

 eigsolvkp/pop        +    0.01 =     157.7 seconds wall (    0.00 usr    0.00 sys)
 DMAT: all-parallel stripe/merge dmat(k)
 PRHOIJ(06): compact stripe+transpose
 DMAT: all-parallel stripe/merge dmat(k)
 PRHOIJ(06): compact stripe+transpose

 eigsolvkp/rhoij      +    3.63 =     161.4 seconds wall (    2.33 usr    0.00 sys)
 
 spin-up fermi level =   -0.301082 Ry,   gap(0K)= 0.008488 Ry = 0.115 eV
 spin-dn fermi level =   -0.367004 Ry,   gap(0K)= 0.126739 Ry = 1.724 eV
  
 delta movement in up-elecs =       35.9280681645
 delta movement in dn-elecs =       36.5617934204
 delta movement in electrons =       72.4237454138
 
 one-center local charge defect =        -0.00014171
 
 one-center local charge defect =        -0.00012970
 Slab dipole removed using vacuum LMCC
 Vacuum level[Ry]@z(+),z(-)=  2.654130984217774E-002 -2.654130984217774E-002
 Using LMCC treatment of supercell electrostatics
 DBG/LMCCINT, esns diagnostics redone
 ***** Warning: No reference term in LMCC
 LMCC chemical potential shift(Ry,eV)=        0.0000000561        0.0000007631
 LMCC esns total grid integral=        3.9192805440
  
 grid-integrated up-density total =      752.9969410218
 grid-integrated dn-density total =      751.9969727701
 grid-integrated valence-density total =     1504.9939137919
 grid-int core charge  =      315.8587513280
  
 TOTAL single particle eigenvalue sum=     -1936.1005425105
  
 rms,max scfchange=  5.3035D-03  1.2443D+00 for component#   9812077
 electronic meth_bl(BROYDEN)=           1
>>>>> Broyden blend to get next step - elec
<<<<< Broyden step complete, scf step=     4

 After blending   +   27.59 =     189.0 seconds wall (   22.31 usr    0.00 sys)
  
 *************************  iteration   5 begins here  *************************

 PEIGSOLV: do_eigvecs,do_eigpops,do_kppsolve,do_psolv= T T T F
 DEV/PEIGSOLV: smaller PRHOIJ stripe/transpose
 PEIGSOLVKP: k-parallel-parallel solver
 KPP/DEV: smaller prhoij(06) stripe/transpose

 eigsolvkp/begin      +    0.79 =     189.7 seconds wall (    0.01 usr    0.00 sys)
 PSCHROEDKP: k-parallel-parellel solves (opt mem)
    number of kpp masterss=    2
 procs, rowsxcols=solver:    64     8     8    64

 eigsolvkp/pschkp scalap+    3.88 =     193.6 seconds wall (    3.10 usr    0.00 sys)

 eigsolvkp/pop        +    0.00 =     193.6 seconds wall (    0.00 usr    0.00 sys)
 DMAT: all-parallel stripe/merge dmat(k)
 PRHOIJ(06): compact stripe+transpose
 DMAT: all-parallel stripe/merge dmat(k)
 PRHOIJ(06): compact stripe+transpose

 eigsolvkp/rhoij      +    3.82 =     197.4 seconds wall (    2.43 usr    0.00 sys)
 
 spin-up fermi level =   -0.300669 Ry,   gap(0K)= 0.007086 Ry = 0.096 eV
 spin-dn fermi level =   -0.375471 Ry,   gap(0K)= 0.148439 Ry = 2.020 eV
  
 delta movement in up-elecs =       39.6615397632
 delta movement in dn-elecs =       40.5169589368
 delta movement in electrons =       80.1626285361
 
 one-center local charge defect =        -0.00016317
 
 one-center local charge defect =        -0.00013991
 Slab dipole removed using vacuum LMCC
 Vacuum level[Ry]@z(+),z(-)=  0.113364828087231      -0.113364828087231     
 Using LMCC treatment of supercell electrostatics
 DBG/LMCCINT, esns diagnostics redone
 ***** Warning: No reference term in LMCC
 LMCC chemical potential shift(Ry,eV)=        0.0000008896        0.0000121036
 LMCC esns total grid integral=        5.0104795482
  
 grid-integrated up-density total =      752.9970671458
 grid-integrated dn-density total =      751.9970815084
 grid-integrated valence-density total =     1504.9941486542
 grid-int core charge  =      315.8587513280
  
 TOTAL single particle eigenvalue sum=     -1964.4665444489
  
 rms,max scfchange=  2.8948D-03  5.6157D-01 for component#   1109577
 electronic meth_bl(BROYDEN)=           1
>>>>> Broyden blend to get next step - elec
<<<<< Broyden step complete, scf step=     5

 After blending   +   27.53 =     225.0 seconds wall (   22.10 usr    0.00 sys)
  
 *************************  iteration   6 begins here  *************************

 PEIGSOLV: do_eigvecs,do_eigpops,do_kppsolve,do_psolv= T T T F
 DEV/PEIGSOLV: smaller PRHOIJ stripe/transpose
 PEIGSOLVKP: k-parallel-parallel solver
 KPP/DEV: smaller prhoij(06) stripe/transpose

 eigsolvkp/begin      +    0.58 =     225.5 seconds wall (    0.02 usr    0.00 sys)
 PSCHROEDKP: k-parallel-parellel solves (opt mem)
    number of kpp masterss=    2
 procs, rowsxcols=solver:    64     8     8    64

 eigsolvkp/pschkp scalap+    4.24 =     229.8 seconds wall (    3.10 usr    0.00 sys)

 eigsolvkp/pop        +    0.00 =     229.8 seconds wall (    0.00 usr    0.00 sys)
 DMAT: all-parallel stripe/merge dmat(k)
 PRHOIJ(06): compact stripe+transpose
 DMAT: all-parallel stripe/merge dmat(k)
 PRHOIJ(06): compact stripe+transpose

 eigsolvkp/rhoij      +    3.60 =     233.4 seconds wall (    2.44 usr    0.00 sys)
 
 spin-up fermi level =   -0.305886 Ry,   gap(0K)= 0.007700 Ry = 0.105 eV
 spin-dn fermi level =   -0.370356 Ry,   gap(0K)= 0.128581 Ry = 1.749 eV
  
 delta movement in up-elecs =       35.5546425996
 delta movement in dn-elecs =       36.3759492305
 delta movement in electrons =       71.9050362761
 
 one-center local charge defect =        -0.00017299
 
 one-center local charge defect =        -0.00015336
 Slab dipole removed using vacuum LMCC
 Vacuum level[Ry]@z(+),z(-)=  0.103351250197740      -0.103351250197740     
 Using LMCC treatment of supercell electrostatics
 DBG/LMCCINT, esns diagnostics redone
 ***** Warning: No reference term in LMCC
 LMCC chemical potential shift(Ry,eV)=        0.0000008410        0.0000114423
 LMCC esns total grid integral=        3.1824134885
  
 grid-integrated up-density total =      752.9970043680
 grid-integrated dn-density total =      751.9970225971
 grid-integrated valence-density total =     1504.9940269650
 grid-int core charge  =      315.8587513280
  
 TOTAL single particle eigenvalue sum=     -1955.4475423726
  
 rms,max scfchange=  2.6291D-03  5.0058D-01 for component#   9812077
 electronic meth_bl(BROYDEN)=           1
>>>>> Broyden blend to get next step - elec
<<<<< Broyden step complete, scf step=     6

 After blending   +   27.66 =     261.0 seconds wall (   21.91 usr    0.00 sys)
  
 *************************  iteration   7 begins here  *************************

 PEIGSOLV: do_eigvecs,do_eigpops,do_kppsolve,do_psolv= T T T F
 DEV/PEIGSOLV: smaller PRHOIJ stripe/transpose
 PEIGSOLVKP: k-parallel-parallel solver
 KPP/DEV: smaller prhoij(06) stripe/transpose

 eigsolvkp/begin      +    0.65 =     261.7 seconds wall (    0.01 usr    0.00 sys)
 PSCHROEDKP: k-parallel-parellel solves (opt mem)
    number of kpp masterss=    2
 procs, rowsxcols=solver:    64     8     8    64

 eigsolvkp/pschkp scalap+    4.16 =     265.9 seconds wall (    3.08 usr    0.00 sys)

 eigsolvkp/pop        +    0.00 =     265.9 seconds wall (    0.00 usr    0.00 sys)
 DMAT: all-parallel stripe/merge dmat(k)
 PRHOIJ(06): compact stripe+transpose
 DMAT: all-parallel stripe/merge dmat(k)
 PRHOIJ(06): compact stripe+transpose

 eigsolvkp/rhoij      +    4.05 =     269.9 seconds wall (    2.49 usr    0.00 sys)
 
 spin-up fermi level =   -0.306908 Ry,   gap(0K)= 0.006446 Ry = 0.088 eV
 spin-dn fermi level =   -0.368364 Ry,   gap(0K)= 0.123575 Ry = 1.681 eV
  
 delta movement in up-elecs =       34.3847248648
 delta movement in dn-elecs =       35.2111119031
 delta movement in electrons =       69.5821149605
 
 one-center local charge defect =        -0.00016738
 
 one-center local charge defect =        -0.00014950
 Slab dipole removed using vacuum LMCC
 Vacuum level[Ry]@z(+),z(-)=  9.871804224982458E-002 -9.871804224982458E-002
 Using LMCC treatment of supercell electrostatics
 DBG/LMCCINT, esns diagnostics redone
 ***** Warning: No reference term in LMCC
 LMCC chemical potential shift(Ry,eV)=        0.0000008017        0.0000109078
 LMCC esns total grid integral=        2.6587454145
  
 grid-integrated up-density total =      752.9969697854
 grid-integrated dn-density total =      751.9969890928
 grid-integrated valence-density total =     1504.9939588782
 grid-int core charge  =      315.8587513280
  
 TOTAL single particle eigenvalue sum=     -1950.9147793747
  
 rms,max scfchange=  2.0734D-03  4.5886D-01 for component#   1109577
 electronic meth_bl(BROYDEN)=           1
>>>>> Broyden blend to get next step - elec
<<<<< Broyden step complete, scf step=     7

 After blending   +   27.59 =     297.5 seconds wall (   22.50 usr    0.00 sys)
  
 *************************  iteration   8 begins here  *************************

 PEIGSOLV: do_eigvecs,do_eigpops,do_kppsolve,do_psolv= T T T F
 DEV/PEIGSOLV: smaller PRHOIJ stripe/transpose
 PEIGSOLVKP: k-parallel-parallel solver
 KPP/DEV: smaller prhoij(06) stripe/transpose

 eigsolvkp/begin      +    0.41 =     297.9 seconds wall (    0.01 usr    0.00 sys)
 PSCHROEDKP: k-parallel-parellel solves (opt mem)
    number of kpp masterss=    2
 procs, rowsxcols=solver:    64     8     8    64

 eigsolvkp/pschkp scalap+    4.05 =     302.0 seconds wall (    3.10 usr    0.00 sys)

 eigsolvkp/pop        +    0.00 =     302.0 seconds wall (    0.00 usr    0.00 sys)
 DMAT: all-parallel stripe/merge dmat(k)
 PRHOIJ(06): compact stripe+transpose
 DMAT: all-parallel stripe/merge dmat(k)
 PRHOIJ(06): compact stripe+transpose

 eigsolvkp/rhoij      +    3.62 =     305.6 seconds wall (    2.37 usr    0.00 sys)
 
 spin-up fermi level =   -0.311983 Ry,   gap(0K)= 0.006114 Ry = 0.083 eV
 spin-dn fermi level =   -0.369632 Ry,   gap(0K)= 0.116353 Ry = 1.583 eV
  
 delta movement in up-elecs =       33.8989365941
 delta movement in dn-elecs =       34.7115767155
 delta movement in electrons =       68.5935885856
 
 one-center local charge defect =        -0.00016678
 
 one-center local charge defect =        -0.00014682
 Slab dipole removed using vacuum LMCC
 Vacuum level[Ry]@z(+),z(-)=  9.676237118308788E-002 -9.676237118308788E-002
 Using LMCC treatment of supercell electrostatics
 DBG/LMCCINT, esns diagnostics redone
 ***** Warning: No reference term in LMCC
 LMCC chemical potential shift(Ry,eV)=        0.0000007843        0.0000106709
 LMCC esns total grid integral=        2.4339276774
  
 grid-integrated up-density total =      752.9969598661
 grid-integrated dn-density total =      751.9969757738
 grid-integrated valence-density total =     1504.9939356400
 grid-int core charge  =      315.8587513280
  
 TOTAL single particle eigenvalue sum=     -1952.6833455424
  
 rms,max scfchange=  1.8394D-03  4.0568D-01 for component#   1109577
 electronic meth_bl(BROYDEN)=           1
>>>>> Broyden blend to get next step - elec
<<<<< Broyden step complete, scf step=     8

 After blending   +   27.62 =     333.2 seconds wall (   22.28 usr    0.00 sys)
  
 *************************  iteration   9 begins here  *************************

 PEIGSOLV: do_eigvecs,do_eigpops,do_kppsolve,do_psolv= T T T F
 DEV/PEIGSOLV: smaller PRHOIJ stripe/transpose
 PEIGSOLVKP: k-parallel-parallel solver
 KPP/DEV: smaller prhoij(06) stripe/transpose

 eigsolvkp/begin      +    1.58 =     334.8 seconds wall (    0.02 usr    0.00 sys)
 PSCHROEDKP: k-parallel-parellel solves (opt mem)
    number of kpp masterss=    2
 procs, rowsxcols=solver:    64     8     8    64

 eigsolvkp/pschkp scalap+   13.10 =     347.9 seconds wall (   11.08 usr    0.00 sys)

 eigsolvkp/pop        +    0.00 =     347.9 seconds wall (    0.00 usr    0.00 sys)
 DMAT: all-parallel stripe/merge dmat(k)
 PRHOIJ(06): compact stripe+transpose
 DMAT: all-parallel stripe/merge dmat(k)
 PRHOIJ(06): compact stripe+transpose

 eigsolvkp/rhoij      +    4.10 =     352.0 seconds wall (    2.17 usr    0.00 sys)
 
 spin-up fermi level =   -0.315276 Ry,   gap(0K)= 0.006542 Ry = 0.089 eV
 spin-dn fermi level =   -0.369527 Ry,   gap(0K)= 0.110454 Ry = 1.503 eV
  
 delta movement in up-elecs =       33.5420449167
 delta movement in dn-elecs =       34.3440741535
 delta movement in electrons =       67.8622081477
 
 one-center local charge defect =        -0.00016807
 
 one-center local charge defect =        -0.00014866
 Slab dipole removed using vacuum LMCC
 Vacuum level[Ry]@z(+),z(-)=  9.084053679990467E-002 -9.084053679990467E-002
 Using LMCC treatment of supercell electrostatics
 DBG/LMCCINT, esns diagnostics redone
 ***** Warning: No reference term in LMCC
 LMCC chemical potential shift(Ry,eV)=        0.0000007013        0.0000095412
 LMCC esns total grid integral=        2.2486989923
  
 grid-integrated up-density total =      752.9969491446
 grid-integrated dn-density total =      751.9969635717
 grid-integrated valence-density total =     1504.9939127163
 grid-int core charge  =      315.8587513280
  
 TOTAL single particle eigenvalue sum=     -1953.3082738872
  
 rms,max scfchange=  1.6008D-03  2.9362D-01 for component#   1109577
 electronic meth_bl(BROYDEN)=           1
>>>>> Broyden blend to get next step - elec
<<<<< Broyden step complete, scf step=     9

 After blending   +   27.46 =     379.4 seconds wall (   22.61 usr    0.00 sys)
  
 *************************  iteration  10 begins here  *************************

 PEIGSOLV: do_eigvecs,do_eigpops,do_kppsolve,do_psolv= T T T F
 DEV/PEIGSOLV: smaller PRHOIJ stripe/transpose
 PEIGSOLVKP: k-parallel-parallel solver
 KPP/DEV: smaller prhoij(06) stripe/transpose

 eigsolvkp/begin      +    0.66 =     380.1 seconds wall (    0.01 usr    0.00 sys)
 PSCHROEDKP: k-parallel-parellel solves (opt mem)
    number of kpp masterss=    2
 procs, rowsxcols=solver:    64     8     8    64

 eigsolvkp/pschkp scalap+    4.77 =     384.9 seconds wall (    3.10 usr    0.00 sys)

 eigsolvkp/pop        +    0.00 =     384.9 seconds wall (    0.00 usr    0.00 sys)
 DMAT: all-parallel stripe/merge dmat(k)
 PRHOIJ(06): compact stripe+transpose
 DMAT: all-parallel stripe/merge dmat(k)
 PRHOIJ(06): compact stripe+transpose

 eigsolvkp/rhoij      +    3.59 =     388.5 seconds wall (    2.24 usr    0.00 sys)
 
 spin-up fermi level =   -0.317605 Ry,   gap(0K)= 0.006822 Ry = 0.093 eV
 spin-dn fermi level =   -0.369351 Ry,   gap(0K)= 0.106186 Ry = 1.445 eV
  
 delta movement in up-elecs =       33.3307030830
 delta movement in dn-elecs =       34.1228785480
 delta movement in electrons =       67.4213405467
 
 one-center local charge defect =        -0.00016840
 
 one-center local charge defect =        -0.00014954
 Slab dipole removed using vacuum LMCC
 Vacuum level[Ry]@z(+),z(-)=  8.474770753957724E-002 -8.474770753957724E-002
 Using LMCC treatment of supercell electrostatics
 DBG/LMCCINT, esns diagnostics redone
 ***** Warning: No reference term in LMCC
 LMCC chemical potential shift(Ry,eV)=        0.0000006159        0.0000083792
 LMCC esns total grid integral=        2.1383516689
  
 grid-integrated up-density total =      752.9969413765
 grid-integrated dn-density total =      751.9969559184
 grid-integrated valence-density total =     1504.9938972949
 grid-int core charge  =      315.8587513280
  
 TOTAL single particle eigenvalue sum=     -1953.7219407826
  
 rms,max scfchange=  1.4117D-03  2.3156D-01 for component#   1109577
 electronic meth_bl(BROYDEN)=           1
>>>>> Broyden blend to get next step - elec
 Broyden: limit-history, dropping oldest
<<<<< Broyden step complete, scf step=    10

 After blending   +   27.16 =     415.6 seconds wall (   22.55 usr    0.00 sys)
  
 *************************  iteration  11 begins here  *************************

 PEIGSOLV: do_eigvecs,do_eigpops,do_kppsolve,do_psolv= T T T F
 DEV/PEIGSOLV: smaller PRHOIJ stripe/transpose
 PEIGSOLVKP: k-parallel-parallel solver
 KPP/DEV: smaller prhoij(06) stripe/transpose

 eigsolvkp/begin      +    0.48 =     416.1 seconds wall (    0.01 usr    0.00 sys)
 PSCHROEDKP: k-parallel-parellel solves (opt mem)
    number of kpp masterss=    2
 procs, rowsxcols=solver:    64     8     8    64

 eigsolvkp/pschkp scalap+    3.83 =     419.9 seconds wall (    3.03 usr    0.00 sys)

 eigsolvkp/pop        +    0.00 =     419.9 seconds wall (    0.00 usr    0.00 sys)
 DMAT: all-parallel stripe/merge dmat(k)
 PRHOIJ(06): compact stripe+transpose
 DMAT: all-parallel stripe/merge dmat(k)
 PRHOIJ(06): compact stripe+transpose

 eigsolvkp/rhoij      +    3.53 =     423.5 seconds wall (    2.41 usr    0.00 sys)
 
 spin-up fermi level =   -0.321055 Ry,   gap(0K)= 0.007319 Ry = 0.100 eV
 spin-dn fermi level =   -0.369422 Ry,   gap(0K)= 0.100446 Ry = 1.367 eV
  
 delta movement in up-elecs =       33.1636115192
 delta movement in dn-elecs =       33.9264337568
 delta movement in electrons =       67.0286847653
 
 one-center local charge defect =        -0.00016713
 
 one-center local charge defect =        -0.00014886
 Slab dipole removed using vacuum LMCC
 Vacuum level[Ry]@z(+),z(-)=  7.260901825392131E-002 -7.260901825392131E-002
 Using LMCC treatment of supercell electrostatics
