
===================================================================================
=   BAD TERMINATION OF ONE OF YOUR APPLICATION PROCESSES
=   RANK 0 PID 85010 RUNNING AT r031
=   KILLED BY SIGNAL: 9 (Killed)
===================================================================================

===================================================================================
=   BAD TERMINATION OF ONE OF YOUR APPLICATION PROCESSES
=   RANK 1 PID 85011 RUNNING AT r031
=   KILLED BY SIGNAL: 9 (Killed)
===================================================================================

===================================================================================
=   BAD TERMINATION OF ONE OF YOUR APPLICATION PROCESSES
=   RANK 2 PID 85012 RUNNING AT r031
=   KILLED BY SIGNAL: 9 (Killed)
===================================================================================

===================================================================================
=   BAD TERMINATION OF ONE OF YOUR APPLICATION PROCESSES
=   RANK 3 PID 85013 RUNNING AT r031
=   KILLED BY SIGNAL: 9 (Killed)
===================================================================================

===================================================================================
=   BAD TERMINATION OF ONE OF YOUR APPLICATION PROCESSES
=   RANK 4 PID 85014 RUNNING AT r031
=   KILLED BY SIGNAL: 9 (Killed)
===================================================================================

===================================================================================
=   BAD TERMINATION OF ONE OF YOUR APPLICATION PROCESSES
=   RANK 5 PID 85015 RUNNING AT r031
=   KILLED BY SIGNAL: 9 (Killed)
===================================================================================

===================================================================================
=   BAD TERMINATION OF ONE OF YOUR APPLICATION PROCESSES
=   RANK 6 PID 85016 RUNNING AT r031
=   KILLED BY SIGNAL: 9 (Killed)
===================================================================================

===================================================================================
=   BAD TERMINATION OF ONE OF YOUR APPLICATION PROCESSES
=   RANK 7 PID 85017 RUNNING AT r031
=   KILLED BY SIGNAL: 9 (Killed)
===================================================================================
slurmstepd: error: Detected 1 oom-kill event(s) in StepId=16355840.0 cgroup. Some of your processes may have been killed by the cgroup out-of-memory handler.
srun: error: r031: task 0: Out Of Memory
I_MPI_JOB_TIMEOUT = -1 second(s): job ending due to startup timeout
slurmstepd: error: Detected 1 oom-kill event(s) in StepId=16355840.batch cgroup. Some of your processes may have been killed by the cgroup out-of-memory handler.
