 MPINFO::: Global Communicator        :::
 MPINFO::: Global Context = ****      :::
 MPINFO::: Global Size =      52      :::
 MPINFO::: Global Root =       0      :::
 MPINFO::: Global Rank =       0      :::
 version 2.68: slics foundation version
 ========================================================================
    Program: SEQQUEST - LCAO-PS-DFT electronic structure code
    Version:  2.68e     Last revised: 29Mar20-PAS
    Copyright 2007 Sandia Corporation.

    Written by Peter A. Schultz (Sandia National Laboratories)
    Based on a code originally written by Peter J. Feibelman

    Documentation:  http://www.cs.sandia.gov/~paschul/Quest/
               and  http://dft.sandia.gov/Quest/
    Questions, comments to:  paschul@sandia.gov
 ========================================================================
  Maximum dimension parameters for this run are:
  
   maxwkd (r8 workspace)   = 220000000
   maxr1d (grid dimension) =       600
  
   norbd (basis fcns) =      8500
   natmd (atoms)      =       650     ntypd (atom types) =         7
   nshld (shell/atm)  =         7     noad  (bf/atm)     =        21
   nald  (gauss/shell)=         6     nrd   (rad pts/atm)=       200
   nkd   (kpts/ibz)   =      2000     nsymd (sym/group)  =        48
   nimgd (NEB images) =        12
  
   nlatd (lattice images)=      2000
   neq3d (do not ask) =        14
   Default record length (r8) for i/o=   1000000
 ------------------------------------------------------------------------

 Before input     +    5.73 =       5.7 seconds wall (    0.33 usr    0.00 sys)
  
##### Run options:
 do setup                                                                        
 do iters                                                                        
 do force                                                                        
 do relax                                                                        
 do post                                                                         
 setup data                                                                      
 >>>>> Options (set/scf/frc/relax/cell/neb/md)= T T T T F F F
 >>>>> use blas3= T
 >>>>> split basis = T
 >>>>> Output level set =           2
 >>>> do_bands, do_optic, do_nonscf= F F F
setup data:
title
 Title line(s) for this run:
title2
functional
PBE
 vdw_potential type, default=OFF 
   OFF   
dimension of system (0=cluster ... 3=bulk)
  2
coordinates
CARTESIAN
scale
   7.62074000
 scalez factor: scale z-direction
   1.00000000
primitive lattice vectors
   2.00000000  0.00000000  0.00000000
   0.00000000  2.00000000  0.00000000
   0.00000000  0.00000000 80.00000000
 > Input Cell volume{bohr^3)=    18584.217007
grid dimensions
   72  72 400
 nearby option: 0=0,1=pt,2=wt
  2
atom types
  3
atom file
 Ba = Ba.atm
>>>>> atom type name=Ba          
type number, label:
  1 Ba                     
notes5
 notes for this atom file:
 Constructed by Peter A. Schultz, 31-October-2006
 Hamann-type ppot [D.R. Hamann,  PRB 40, 2980 (1989)]
 generated by fhi98PP [M.Fuchs,M.Scheffler, Comput.Phys.Commun. 119,67(1999)]
 ppot: p6s0.5[+1.5], l=2, Rpc=2.5,Rd=1.4; Def: Rs=x.xx, Rp6=x.xx
 basis: refined in 5-lyr bcc(100) slab, pp checked in oxide
energy - bcc/24^3/k16^3/pbe
  -3.19899990D+01
effective nuclear charge (p6d0s0.5[+1.5], Rpc=2.5,Rd=1.4 to 12.0)
   8.00000000D+00
pseudopotentials: Lmax, and effective gaussian range
  2   0.25000000
functional type used in generating potential:
 PBE    = dft fcnal used to generate pot
radial mesh: number of points for local and non-local pot integrals
 120 109
mesh points for nuclear potential;  ham1fh
      0.01250000  0.01324253  0.01402918  0.01486255  0.01574543  0.01668075
      0.01767163  0.01872137  0.01983348  0.02101164  0.02225979  0.02358208
      0.02498292  0.02646698  0.02803919  0.02970480  0.03146934  0.03333871
      0.03531912  0.03741717  0.03963986  0.04199457  0.04448917  0.04713195
      0.04993172  0.05289780  0.05604007  0.05936901  0.06289569  0.06663187
      0.07058999  0.07478323  0.07922556  0.08393178  0.08891756  0.09419950
      0.09979522  0.10572333  0.11200359  0.11865691  0.12570546  0.13317271
      0.14108354  0.14946429  0.15834288  0.16774889  0.17771363  0.18827031
      0.19945409  0.21130222  0.22385415  0.23715171  0.25123918  0.26616348
      0.28197433  0.29872438  0.31646944  0.33526860  0.35518448  0.37628342
      0.39863570  0.42231576  0.44740248  0.47397943  0.50213512  0.53196333
      0.56356343  0.59704065  0.63250652  0.67007916  0.70988371  0.75205277
      0.79672678  0.84405456  0.89419373  0.94731132  1.00358423  1.06319991
      1.12635693  1.19326564  1.26414892  1.33924287  1.41879760  1.50307810
      1.59236510  1.68695599  1.78716584  1.89332844  2.00579739  2.12494730
      2.25117505  2.38490107  2.52657080  2.67665609  2.83565687  3.00410273
      3.18255474  3.37160730  3.57189010  3.78407026  4.00885450  4.24699155
      4.49927460  4.76654395  5.04968985  5.34965540  5.66743973  6.00410133
      6.36076156  6.73860839  7.13890038  7.56297081  8.01223220  8.48818096
      8.99240239  9.52657597 10.09248094 10.69200223 11.32713674 12.00000000
radwts: weights for radial points
      0.00072132  0.00076416  0.00080956  0.00085765  0.00090859  0.00096257
      0.00101975  0.00108032  0.00114450  0.00121248  0.00128451  0.00136081
      0.00144165  0.00152729  0.00161801  0.00171412  0.00181595  0.00192382
      0.00203810  0.00215917  0.00228743  0.00242331  0.00256726  0.00271976
      0.00288133  0.00305248  0.00323381  0.00342591  0.00362942  0.00384501
      0.00407342  0.00431539  0.00457174  0.00484331  0.00513102  0.00543581
      0.00575871  0.00610080  0.00646320  0.00684714  0.00725387  0.00768477
      0.00814127  0.00862488  0.00913723  0.00968000  0.01025502  0.01086420
      0.01150956  0.01219326  0.01291758  0.01368492  0.01449784  0.01535905
      0.01627142  0.01723799  0.01826197  0.01934678  0.02049603  0.02171356
      0.02300340  0.02436987  0.02581750  0.02735114  0.02897587  0.03069712
      0.03252061  0.03445242  0.03649899  0.03866713  0.04096407  0.04339745
      0.04597538  0.04870644  0.05159974  0.05466490  0.05791215  0.06135229
      0.06499679  0.06885778  0.07294812  0.07728144  0.08187217  0.08673561
      0.09188794  0.09734634  0.10312898  0.10925513  0.11574518  0.12262077
      0.12990478  0.13762148  0.14579658  0.15445730  0.16363249  0.17335271
      0.18365035  0.19455968  0.20611707  0.21836099  0.23133224  0.24507401
      0.25963209  0.27505495  0.29139398  0.30870359  0.32704143  0.34646860
      0.36704979  0.38885356  0.41195254  0.43642366  0.46234844  0.48981321
      0.51890947  0.54973413  0.58238986  0.61698543  0.65363607  0.69246386
non-local potential: l,potential*integration weight
  0   0.91989895  0.91969776  0.91948461  0.91925879  0.91901955  0.91876609
      0.91849756  0.91821306  0.91791165  0.91759232  0.91725400  0.91689555
      0.91651579  0.91611344  0.91568715  0.91523549  0.91475695  0.91424993
      0.91371273  0.91314354  0.91254045  0.91190142  0.91122432  0.91050686
      0.90974662  0.90894104  0.90808738  0.90718277  0.90622413  0.90520822
      0.90413157  0.90299052  0.90178118  0.90049941  0.89914083  0.89770075
      0.89617424  0.89455601  0.89284048  0.89102169  0.88909331  0.88704861
      0.88488043  0.88258114  0.88014258  0.87755613  0.87481259  0.87190219
      0.86881451  0.86553844  0.86206211  0.85837283  0.85445702  0.85030015
      0.84588659  0.84119962  0.83622119  0.83093190  0.82531075  0.81933526
      0.81298156  0.80622320  0.79902777  0.79136115  0.78320631  0.77455907
      0.76541902  0.75580344  0.74575335  0.73532834  0.72459647  0.71362206
      0.70245167  0.69109711  0.67951051  0.66754774  0.65493003  0.64124485
      0.62605689  0.60915417  0.59076179  0.57136727  0.55106048  0.52909929
      0.50434849  0.47591051  0.44327292  0.40618445  0.36458689  0.31870142
      0.26929494  0.21814262  0.16849346  0.12307007  0.08378302  0.05240648
      0.02959885  0.01477228  0.00633812  0.00225434  0.00063247  0.00013010
      0.00001700  0.00000056 -0.00000043 -0.00000021 -0.00000009 -0.00000004
     -0.00000002  0.00000000  0.00000000  0.00000000  0.00000000  0.00000000
      0.00000000  0.00000000  0.00000000  0.00000000  0.00000000  0.00000000
non-local potential: l,potential*integration weight
  1   0.92639670  0.92658070  0.92677551  0.92698172  0.92720001  0.92743105
      0.92767556  0.92793432  0.92820811  0.92849777  0.92880418  0.92912825
      0.92947096  0.92983329  0.93021630  0.93062106  0.93104870  0.93150038
      0.93197730  0.93248069  0.93301179  0.93357189  0.93416226  0.93478419
      0.93543896  0.93612782  0.93685197  0.93761255  0.93841060  0.93924705
      0.94012264  0.94103790  0.94199311  0.94298820  0.94402271  0.94509567
      0.94620552  0.94734999  0.94852595  0.94972926  0.95095455  0.95219494
      0.95344167  0.95468364  0.95590715  0.95709580  0.95823040  0.95928803
      0.96024093  0.96105568  0.96169231  0.96210300  0.96223066  0.96200744
      0.96135329  0.96017439  0.95836109  0.95578526  0.95229768  0.94772789
      0.94188325  0.93451197  0.92519835  0.91341021  0.89886431  0.88134232
      0.86035067  0.83533100  0.80576690  0.77114611  0.73094301  0.68467499
      0.63201230  0.57292010  0.50781587  0.43771790  0.36435703  0.29020851
      0.21834528  0.15205583  0.09451620  0.04866284  0.01629401 -0.00321892
     -0.01251657 -0.01480274 -0.01300303 -0.00948944 -0.00592247 -0.00325077
     -0.00187265 -0.00160688 -0.00134804 -0.00084130 -0.00051652 -0.00029359
     -0.00014166 -0.00005274 -0.00001495 -0.00000623 -0.00000580 -0.00000461
     -0.00000266 -0.00000125 -0.00000052 -0.00000021 -0.00000009 -0.00000004
     -0.00000002  0.00000000  0.00000000  0.00000000  0.00000000  0.00000000
      0.00000000  0.00000000  0.00000000  0.00000000  0.00000000  0.00000000
non-local potential: l,potential*integration weight
  2   0.91816127  0.91785682  0.91753426  0.91719253  0.91683047  0.91644687
      0.91604045  0.91560985  0.91515363  0.91467023  0.91415805  0.91361536
      0.91304033  0.91243101  0.91178534  0.91110113  0.91037605  0.90960764
      0.90879326  0.90793012  0.90701524  0.90604546  0.90501740  0.90392747
      0.90277184  0.90154641  0.90024681  0.89886837  0.89740609  0.89585461
      0.89420819  0.89246066  0.89060539  0.88863523  0.88654249  0.88431887
      0.88195538  0.87944231  0.87676911  0.87392435  0.87089557  0.86766918
      0.86423027  0.86056243  0.85664757  0.85246599  0.84799623  0.84321477
      0.83809557  0.83260980  0.82672550  0.82040724  0.81361561  0.80630685
      0.79843257  0.78993944  0.78076884  0.77085646  0.76013203  0.74852034
      0.73594217  0.72230185  0.70745021  0.69120814  0.67351012  0.65433622
      0.63359032  0.61118578  0.58708624  0.56128629  0.53379174  0.50461683
      0.47378901  0.44135238  0.40736324  0.37187478  0.33492468  0.29656328
      0.25695701  0.21655942  0.17634020  0.13794417  0.10323510  0.07344160
      0.04910373  0.03047369  0.01748197  0.00947096  0.00515434  0.00292154
      0.00137329 -0.00007634 -0.00075053 -0.00066470 -0.00048050 -0.00028900
     -0.00014133 -0.00005273 -0.00001495 -0.00000623 -0.00000580 -0.00000461
     -0.00000266 -0.00000125 -0.00000052 -0.00000021 -0.00000009 -0.00000004
     -0.00000002  0.00000000  0.00000000  0.00000000  0.00000000  0.00000000
      0.00000000  0.00000000  0.00000000  0.00000000  0.00000000  0.00000000

 For atom type  1, l= 2 potential used as local nuclear potential
partial core charge density, cutoff=    2.46804933
 -2   0.07466903  0.07466903  0.07466902  0.07466901  0.07466901  0.07466900
      0.07466899  0.07466897  0.07466896  0.07466894  0.07466892  0.07466889
      0.07466886  0.07466882  0.07466878  0.07466872  0.07466866  0.07466859
      0.07466850  0.07466839  0.07466827  0.07466812  0.07466794  0.07466773
      0.07466748  0.07466718  0.07466683  0.07466640  0.07466590  0.07466530
      0.07466459  0.07466374  0.07466273  0.07466153  0.07466010  0.07465840
      0.07465637  0.07465396  0.07465109  0.07464767  0.07464360  0.07463875
      0.07463298  0.07462611  0.07461793  0.07460819  0.07459660  0.07458279
      0.07456636  0.07454680  0.07452351  0.07449580  0.07446282  0.07442357
      0.07437689  0.07432136  0.07425533  0.07417684  0.07408357  0.07397278
      0.07384124  0.07368515  0.07350004  0.07328069  0.07302095  0.07271369
      0.07235059  0.07192203  0.07141691  0.07082248  0.07012419  0.06930556
      0.06834807  0.06723108  0.06593192  0.06442605  0.06268737  0.06068889
      0.05840362  0.05580596  0.05287365  0.04959029  0.04594877  0.04195551
      0.03763556  0.03303847  0.02824452  0.02337038  0.01857261  0.01404621
      0.01001328  0.00669408  0.00424546  0.00260025  0.00153776  0.00087662
      0.00048087  0.00025335  0.00012794  0.00006179  0.00002847  0.00001249
      0.00000520  0.00000205  0.00000076  0.00000027  0.00000009  0.00000003
      0.00000001  0.00000000  0.00000000  0.00000000  0.00000000  0.00000000
      0.00000000  0.00000000  0.00000000  0.00000000  0.00000000  0.00000000
number of radial functions  **** Ba/pbe   - by Peter Schultz / 31Oct06 ****
  5
angular momentum, number of alphas
  1  4
alphas - p - 4p/2/4d365
   2.16149000D-01  5.44075000D-01  1.68087300D+00  3.36180000D+00
wave function coefficients
   2.38121000D-01  8.40515000D-01 -1.31234000D+00  5.41641000D-01
angular momentum, number of alphas
  0  3
alphas - s - 3s/2/3s477 Eopt + reopt(c2,c1)
   6.06340000D-02  2.37159000D-01  4.74400000D-01
wave function coefficients
   3.04690000D-01 -5.75020000D-01  2.91005000D-01
angular momentum, number of alphas
  0  1
alphas - s - second zeta s polarization
   6.06340000D-02
wave function coefficients
   1.00000000D+00
angular momentum, number of alphas
  1  1
alphas - p - angular polarization Eopt(c2)
   6.50000000D-02
wave function coefficients
   1.00000000D+00
angular momentum, number of alphas
  2  3
alphas - d - 3d/3d Eopt + contract
   1.10000000D-01  4.10000000D-01  1.56000000D+00
wave function coefficients
   2.13060000D-01  1.00000000D+00 -3.76700000D-01
shell occupation numbers for barium, Ba:  p(6)s(2.00)d(0.00)
      6.00000000  2.00000000  0.00000000  0.00000000  0.00000000
end atom file
atom file
 Ti = Ti.atm
>>>>> atom type name=Ti          
type number, label:
  2 Ti                     
notes6
 notes for this atom file:
 Constructed by Peter A. Schultz, 13-August-2006 (spin-hard Rpc: 8Sep07)
 Hamann-type ppot [D.R. Hamann,  PRB 40, 2980 (1989)]
 generated by fhi98PP [M.Fuchs,M.Scheffler, Comput.Phys.Commun. 119,67(1999)]
 ppot: p6d2s1[+1],l=2,Rpc=0.6 ; Def: Rs=1.65,Rp6=0.54,Rd=0.38
   semicore p6 is VALENCE, and spin-hard partial core
 basis: refined in 5l hcp(0001)
energy - hcp/24^2x36/kh16x10/uc/pbe
  -8.80960450D+01
effective nuclear charge (p6d2s1[+1], Rpc=0.6 to 12.0)
   1.00000000D+01
pseudopotentials: Lmax, and effective gaussian range
  2   1.10000000
functional type used in generating potential:
 PBE    = dft fcnal used to generate pot
radial mesh: number of points for local and non-local pot integrals
 120 101
mesh points for nuclear potential;  ham1fh
      0.01000000  0.01061391  0.01126551  0.01195712  0.01269118  0.01347030
      0.01429726  0.01517499  0.01610660  0.01709540  0.01814491  0.01925884
      0.02044117  0.02169607  0.02302802  0.02444174  0.02594225  0.02753487
      0.02922527  0.03101944  0.03292376  0.03494499  0.03709030  0.03936732
      0.04178413  0.04434931  0.04707196  0.04996176  0.05302898  0.05628449
      0.05973986  0.06340736  0.06730001  0.07143164  0.07581691  0.08047140
      0.08541163  0.09065515  0.09622058  0.10212767  0.10839741  0.11505206
      0.12211524  0.12961203  0.13756907  0.14601460  0.15497860  0.16449292
      0.17459134  0.18530970  0.19668609  0.20876088  0.22157695  0.23517982
      0.24961779  0.26494212  0.28120722  0.29847087  0.31679434  0.33624272
      0.35688506  0.37879465  0.40204930  0.42673158  0.45292913  0.48073498
      0.51024787  0.54157258  0.57482036  0.61010926  0.64756458  0.68731933
      0.72951468  0.77430044  0.82183565  0.87228911  0.92583997  0.98267837
      1.04300615  1.10703752  1.17499986  1.24713448  1.32369753  1.40496088
      1.49121308  1.58276041  1.67992793  1.78306068  1.89252487  2.00870920
      2.13202622  2.26291381  2.40183675  2.54928833  2.70579214  2.87190390
      3.04821346  3.23534687  3.43396861  3.64478398  3.86854156  4.10603587
      4.35811024  4.62565975  4.90963444  5.21104267  5.53095471  5.87050652
      6.23090382  6.61342633  7.01943235  7.45036355  7.90775013  8.39321620
      8.90848561  9.45538802 10.03586541 10.65197898 11.30591649 12.00000000
radwts: weights for radial points
      0.00059580  0.00063238  0.00067120  0.00071241  0.00075615  0.00080257
      0.00085184  0.00090413  0.00095964  0.00101855  0.00108108  0.00114745
      0.00121789  0.00129266  0.00137202  0.00145625  0.00154565  0.00164054
      0.00174126  0.00184815  0.00196161  0.00208204  0.00220986  0.00234552
      0.00248952  0.00264235  0.00280457  0.00297675  0.00315949  0.00335346
      0.00355933  0.00377784  0.00400977  0.00425593  0.00451721  0.00479452
      0.00508887  0.00540128  0.00573287  0.00608482  0.00645837  0.00685486
      0.00727568  0.00772235  0.00819643  0.00869962  0.00923370  0.00980057
      0.01040224  0.01104084  0.01171865  0.01243807  0.01320166  0.01401213
      0.01487235  0.01578538  0.01675446  0.01778304  0.01887476  0.02003350
      0.02126338  0.02256877  0.02395429  0.02542487  0.02698573  0.02864242
      0.03040081  0.03226715  0.03424807  0.03635060  0.03858221  0.04095081
      0.04346483  0.04613319  0.04896536  0.05197140  0.05516199  0.05854845
      0.06214280  0.06595782  0.07000705  0.07430487  0.07886653  0.08370824
      0.08884719  0.09430162  0.10009091  0.10623561  0.11275754  0.11967985
      0.12702714  0.13482549  0.14310258  0.15188782  0.16121239  0.17110941
      0.18161401  0.19276351  0.20459749  0.21715797  0.23048955  0.24463958
      0.25965829  0.27559902  0.29251836  0.31047641  0.32953692  0.34976758
      0.37124022  0.39403110  0.41822113  0.44389622  0.47114753  0.50007183
      0.53077183  0.56335653  0.59794165  0.63464999  0.67361190  0.71496573
non-local potential: l,potential*integration weight
  0   1.18660524  1.18629805  1.18597202  1.18562597  1.18525869  1.18486887
      1.18445512  1.18401598  1.18354989  1.18305519  1.18253014  1.18197287
      1.18138139  1.18075361  1.18008731  1.17938011  1.17862950  1.17783281
      1.17698722  1.17608971  1.17513709  1.17412596  1.17305271  1.17191351
      1.17070428  1.16942068  1.16805810  1.16661163  1.16507604  1.16344575
      1.16171482  1.15987690  1.15792521  1.15585250  1.15365101  1.15131242
      1.14882780  1.14618755  1.14338134  1.14039802  1.13722557  1.13385095
      1.13026002  1.12643747  1.12236668  1.11802968  1.11340696  1.10847741
      1.10321800  1.09760364  1.09160677  1.08519676  1.07833893  1.07099306
      1.06311094  1.05463290  1.04548294  1.03556247  1.02474279  1.01285678
      0.99969082  0.98497908  0.96840594  0.94963095  0.92835579  0.90441106
      0.87768627  0.84808324  0.81943484  0.79862542  0.77762565  0.75501327
      0.73063333  0.70488267  0.67780584  0.64921680  0.61890874  0.58672493
      0.55253779  0.51620469  0.47755381  0.43642284  0.39273792  0.34661353
      0.29846105  0.24909020  0.19977746  0.15226350  0.10863470  0.07104881
      0.04129962  0.02029860  0.00765388  0.00162462 -0.00030736 -0.00045268
     -0.00020825 -0.00005527 -0.00000893 -0.00000093 -0.00000009  0.00000000
      0.00000000  0.00000000  0.00000000  0.00000000  0.00000000  0.00000000
      0.00000000  0.00000000  0.00000000  0.00000000  0.00000000  0.00000000
      0.00000000  0.00000000  0.00000000  0.00000000  0.00000000  0.00000000
non-local potential: l,potential*integration weight
  1   1.18859298  1.18840607  1.18820738  1.18799614  1.18777152  1.18753262
      1.18727847  1.18700805  1.18672022  1.18641377  1.18608738  1.18573963
      1.18536896  1.18497368  1.18455193  1.18410167  1.18362069  1.18310650
      1.18255639  1.18196734  1.18133598  1.18065856  1.17993088  1.17914820
      1.17830520  1.17739583  1.17641326  1.17534967  1.17419615  1.17294249
      1.17157694  1.17008597  1.16845398  1.16666289  1.16469173  1.16251619
      1.16010799  1.15743423  1.15445655  1.15113013  1.14740226  1.14321084
      1.13848258  1.13313156  1.12705798  1.12014670  1.11226508  1.10325972
      1.09295299  1.08113986  1.06758479  1.05201847  1.03413468  1.01358782
      0.98999181  0.96292148  0.93191784  0.89649954  0.85618269  0.81051201
      0.75910512  0.70171375  0.63831204  0.56924148  0.49545432  0.41878438
      0.34166611  0.26577831  0.19502615  0.13788838  0.09088234  0.05434425
      0.02655065  0.00588623 -0.00882377 -0.01804920 -0.02203576 -0.02169145
     -0.01875815 -0.01500078 -0.01145655 -0.00846397 -0.00605290 -0.00417888
     -0.00278324 -0.00179757 -0.00114083 -0.00072322 -0.00046297 -0.00030604
     -0.00022496 -0.00018823 -0.00014684 -0.00008103 -0.00002340  0.00000029
      0.00000187 -0.00000019 -0.00000053 -0.00000024 -0.00000006  0.00000000
      0.00000000  0.00000000  0.00000000  0.00000000  0.00000000  0.00000000
      0.00000000  0.00000000  0.00000000  0.00000000  0.00000000  0.00000000
      0.00000000  0.00000000  0.00000000  0.00000000  0.00000000  0.00000000
non-local potential: l,potential*integration weight
  2   1.15309513  1.15072542  1.14820932  1.14553768  1.14270076  1.13968818
      1.13648890  1.13309114  1.12948235  1.12564911  1.12157714  1.11725116
      1.11265483  1.10777070  1.10258007  1.09706290  1.09119769  1.08496137
      1.07832913  1.07127424  1.06376791  1.05577906  1.04727406  1.03821649
      1.02856685  1.01828219  1.00731574  0.99561647  0.98312861  0.96979108
      0.95553690  0.94029243  0.92397671  0.90650054  0.88776562  0.86766361
      0.84607516  0.82286895  0.79790066  0.77101175  0.74202812  0.71075874
      0.67699542  0.64051490  0.60108390  0.55846672  0.51243376  0.46277171
      0.40929929  0.35189166  0.29051493  0.22527204  0.15646265  0.08465984
      0.01080513 -0.06368015 -0.13677500 -0.20574983 -0.26710671 -0.31663596
     -0.34969086 -0.36181185 -0.34980160 -0.31321537 -0.25589234 -0.18681479
     -0.11973532 -0.07091182 -0.04878625 -0.04445241 -0.05060302 -0.05554504
     -0.05501173 -0.05004465 -0.04332003 -0.03648543 -0.03012429 -0.02441475
     -0.01940871 -0.01510147 -0.01146560 -0.00846438 -0.00605291 -0.00417888
     -0.00278324 -0.00179757 -0.00114083 -0.00072322 -0.00046297 -0.00030604
     -0.00022496 -0.00018823 -0.00014684 -0.00008103 -0.00002340  0.00000029
      0.00000187 -0.00000019 -0.00000053 -0.00000024 -0.00000006  0.00000000
      0.00000000  0.00000000  0.00000000  0.00000000  0.00000000  0.00000000
      0.00000000  0.00000000  0.00000000  0.00000000  0.00000000  0.00000000
      0.00000000  0.00000000  0.00000000  0.00000000  0.00000000  0.00000000

 For atom type  2, l= 2 potential used as local nuclear potential
partial core charge density, cutoff=    0.58916341
 -2  10.78207356 10.78205668 10.78203640 10.78201204 10.78198276 10.78194757
     10.78190525 10.78185436 10.78179314 10.78171947 10.78163079 10.78152402
     10.78139542 10.78124049 10.78105377 10.78082868 10.78055723 10.78022978
     10.77983466 10.77935771 10.77878182 10.77808626 10.77724589 10.77623028
     10.77500256 10.77351805 10.77172261 10.76955067 10.76692278 10.76374277
     10.75989420 10.75523621 10.74959848 10.74277520 10.73451792 10.72452700
     10.71244155 10.69782750 10.68016364 10.65882539 10.63306595 10.60199471
     10.56455284 10.51948587 10.46531360 10.40029773 10.32240811 10.22928914
     10.11822849  9.98613170  9.82950748  9.64447029  9.42676967  9.17185767
      8.87501068  8.53152341  8.13699896  7.68775963  7.18140483  6.61753959
      5.99868212  5.33133749  4.62716630  3.90409258  3.18703282  2.50767097
      1.90228309  1.40595313  1.04044469  0.79327880  0.62696751  0.51389640
      0.43389975  0.37303098  0.32244229  0.27718244  0.23502948  0.19546740
      0.15886337  0.12587787  0.09709330  0.07282629  0.05307601  0.03755917
      0.02578962  0.01716996  0.01107499  0.00691462  0.00417441  0.00243389
      0.00136870  0.00074127  0.00038601  0.00019295  0.00009238  0.00004227
      0.00001844  0.00000764  0.00000300  0.00000111  0.00000039  0.00000013
      0.00000004  0.00000001  0.00000000  0.00000000  0.00000000  0.00000000
      0.00000000  0.00000000  0.00000000  0.00000000  0.00000000  0.00000000
      0.00000000  0.00000000  0.00000000  0.00000000  0.00000000  0.00000000
number of radial functions  **** Ti/pbe   - by Peter Schultz / 16Aug06 ****
  6
angular momentum, number of alphas
  1  4
alphas - p - 4p/2/4p288 Eopt
   3.91179000D-01  9.91449000D-01  2.25510800D+00  6.04653000D+00
wave function coefficients
   2.61901000D-01  1.57373400D+00  2.46706900D+00 -1.99393000D+00
angular momentum, number of alphas
  2  6
alphas - d - 6d/2/6d447 Eopt + reopt(c1)
   1.62994000D-01  4.73268000D-01  1.23050100D+00  3.16310400D+00
   9.40053900D+00  3.04437490D+01
wave function coefficients
   4.14920000D-02  2.68625000D-01  1.36799100D+00  4.64355300D+00
   1.26094120D+01 -4.88274200D+00
angular momentum, number of alphas
  0  3
alphas - s - 3s/2/3s295 Eopt + reopt(c1)
   1.00346000D-01  4.67290000D-01  9.34600000D-01
wave function coefficients
   3.12070000D-01 -7.45755000D-01  2.69030000D-01
angular momentum, number of alphas
  0  1
alphas - s - second zeta s polarization
   1.00346000D-01
wave function coefficients
   1.00000000D+00
angular momentum, number of alphas
  1  2
alphas - p - angular polarization
   8.00000000D-02  3.91179000D-01
wave function coefficients
   1.00000000D+00  6.31400000D-01
angular momentum, number of alphas
  2  1
alphas - d - second zeta d polarization
   1.62994000D-01
wave function coefficients
   1.00000000D+00
shell occupancies for titanium, Ti: p(6)d(2.0)s(2.0)
      6.00000000  2.00000000  2.00000000  0.00000000  0.00000000  0.00000000
end atom file
atom file
 O  = O.atm
>>>>> atom type name=O           
type number, label:
  3 O                      
notes6
 notes for this atom file:
 Constructed by Peter A. Schultz, 17-January-2007
 Troullier/Martins-type ppot [N.Troullier,J.L.Martins, PRB 43,8861(1991)]
 generated by fhi98PP [M.Fuchs,M.Scheffler, Comput.Phys.Commun. 119,67(1999)]
 ppot: [He-core]s2p4, l=1; Rs=1.15, Rp=1.15
   NB: a middlin' hard T-M potential, without partial core correction
 basis: refined in H2O
mass
   1.59994000D+01
energy = E(H2O) - E(H2)
  -3.20919400D+01
effective nuclear charge (s2p4 to  9.0)
   6.00000000D+00
pseudopotentials: Lmax, and effective gaussian range
  1   5.87000000
functional type used in generating potential:
 PBE    = dft fcnal used to generate pot
radial mesh: number of points for local and non-local pot integrals
  80  59
mesh points for nuclear potential;  tm91fh
      0.01666667  0.01804829  0.01954444  0.02116462  0.02291911  0.02481905
      0.02687648  0.02910446  0.03151714  0.03412983  0.03695910  0.04002291
      0.04334070  0.04693352  0.05082419  0.05503737  0.05959982  0.06454048
      0.06989072  0.07568447  0.08195850  0.08875264  0.09610999  0.10407725
      0.11270497  0.12204790  0.13216534  0.14312149  0.15498587  0.16783378
      0.18174674  0.19681305  0.21312832  0.23079608  0.24992845  0.27064683
      0.29308272  0.31737848  0.34368829  0.37217912  0.40303175  0.43644199
      0.47262184  0.51180091  0.55422781  0.60017179  0.64992440  0.70380136
      0.76214458  0.82532429  0.89374143  0.96783016  1.04806065  1.13494203
      1.22902564  1.33090852  1.44123721  1.56071186  1.69009063  1.83019454
      1.98191269  2.14620786  2.32412265  2.51678610  2.72542082  2.95135079
      3.19600974  3.46095025  3.74785362  4.05854048  4.39498245  4.75931454
      5.15384877  5.58108881  6.04374589  6.54475598  7.08729845  7.67481621
      8.31103759  9.00000000
radwts: weights for radial points
      0.00132734  0.00143737  0.00155652  0.00168555  0.00182528  0.00197659
      0.00214045  0.00231788  0.00251003  0.00271810  0.00294343  0.00318743
      0.00345166  0.00373779  0.00404764  0.00438318  0.00474654  0.00514001
      0.00556610  0.00602752  0.00652718  0.00706827  0.00765421  0.00828872
      0.00897584  0.00971991  0.01052566  0.01139821  0.01234309  0.01336630
      0.01447433  0.01567421  0.01697356  0.01838063  0.01990433  0.02155435
      0.02334114  0.02527606  0.02737138  0.02964039  0.03209750  0.03475829
      0.03763966  0.04075988  0.04413877  0.04779775  0.05176005  0.05605082
      0.06069728  0.06572892  0.07117767  0.07707811  0.08346767  0.09038691
      0.09787974  0.10599371  0.11478030  0.12429527  0.13459901  0.14575690
      0.15783976  0.17092424  0.18509340  0.20043714  0.21705283  0.23504592
      0.25453058  0.27563048  0.29847949  0.32322263  0.35001691  0.37903236
      0.41045311  0.44447856  0.48132462  0.52122512  0.56443327  0.61122325
      0.66189199  0.71676104
non-local potential: l,potential*integration weight
  0   0.93730511  0.93554052  0.93361839  0.93153365  0.92928327  0.92686634
      0.92428390  0.92153850  0.91863349  0.91557199  0.91235563  0.90898303
      0.90544833  0.90173964  0.89783801  0.89371685  0.88934220  0.88467387
      0.87966724  0.87427564  0.86845278  0.86215507  0.85534357  0.84798554
      0.84005562  0.83153648  0.82241863  0.81269851  0.80237370  0.79143391
      0.77984650  0.76753677  0.75436432  0.74009742  0.72438611  0.70673257
      0.68645949  0.66269421  0.63442591  0.60072027  0.56103450  0.51518157
      0.46260034  0.40186561  0.33154312  0.25174338  0.16543037  0.07940357
      0.00465384 -0.04517076 -0.05908610 -0.03875595 -0.00829872  0.00001909
      0.00000545  0.00000199  0.00000064  0.00000018  0.00000004  0.00000000
      0.00000000  0.00000000  0.00000000  0.00000000  0.00000000  0.00000000
      0.00000000  0.00000000  0.00000000  0.00000000  0.00000000  0.00000000
      0.00000000  0.00000000  0.00000000  0.00000000  0.00000000  0.00000000
      0.00000000  0.00000000
non-local potential: l,potential*integration weight
  1   0.90370413  0.89915413  0.89421569  0.88886460  0.88307711  0.87682988
      0.87009965  0.86286267  0.85509381  0.84676537  0.83784560  0.82829704
      0.81807474  0.80712459  0.79538197  0.78277097  0.76920439  0.75458466
      0.73880543  0.72175375  0.70331247  0.68336251  0.66178511  0.63846390
      0.61328705  0.58614966  0.55695625  0.52562300  0.49207935  0.45626822
      0.41814517  0.37767819  0.33485145  0.28967777  0.24222327  0.19264571
      0.14124931  0.08857314  0.03556416 -0.01609767 -0.06361358 -0.10313288
     -0.13071331 -0.14337790 -0.13932187 -0.11803667 -0.08124130 -0.03422899
      0.01331497  0.04813719  0.05745893  0.03806545  0.00846852  0.00000828
      0.00000560  0.00000199  0.00000064  0.00000018  0.00000004  0.00000000
      0.00000000  0.00000000  0.00000000  0.00000000  0.00000000  0.00000000
      0.00000000  0.00000000  0.00000000  0.00000000  0.00000000  0.00000000
      0.00000000  0.00000000  0.00000000  0.00000000  0.00000000  0.00000000
      0.00000000  0.00000000

 For atom type  3, l= 1 potential used as local nuclear potential
number of radial functions  ****  O/pbe   - by Peter Schultz / 17Jan07 ****
  5
angular momentum, number of alphas
  0  5
alphas - s - 5s/2/5s284 Eopt(flat) + check (c1)
   2.40227000D-01  6.83348000D-01  1.98182200D+00  3.96390000D+00
   7.92780000D+00
wave function coefficients
   3.33034000D-01  1.10004600D+00  1.16492600D+00 -1.95149900D+00
   6.44755000D-01
angular momentum, number of alphas
  1  4
alphas - p - 4p/2/4p563 Eopt + reopt(c1)
   1.29289000D-01  4.02185000D-01  1.18213300D+00  3.84037500D+00
wave function coefficients
   5.93100000D-02  3.75369000D-01  1.45605400D+00  3.86770800D+00
angular momentum, number of alphas
  0  1
alphas - s - second zeta s polarization
   2.40227000D-01
wave function coefficients
   1.00000000D+00
angular momentum, number of alphas
  1  1
alphas - p - second zeta p polarization
   1.29289000D-01
wave function coefficients
   1.00000000D+00
angular momentum, number of alphas
  2  2
alphas
   2.50000000D-01  1.20000000D+00
wave function coefficients
   1.17200000D-01  1.00000000D+00
shell occupancies for oxygen, O s(2.0)p(4.5)p'(-0.5), -0.5 pseudoion (H2O)
      2.00000000  4.50000000  0.00000000 -0.50000000  0.00000000
end atom file
 ionopt (0=none,2=gaussian lmcc,3=dble layer):
    2
 charge state for system
   0.00000000
atom file
 number of centers/atoms in system?
 >>>>> Want label >number<, found >atom f<
 ***** ERROR: inputlbl:  format error in input file
 Total TIME=       5.7 seconds (usr=       0.3  sys=       0.0  lost=       5.4)
