 MPINFO::: Global Communicator        :::
 MPINFO::: Global Context = ****      :::
 MPINFO::: Global Size =      19      :::
 MPINFO::: Global Root =       0      :::
 MPINFO::: Global Rank =       0      :::
 version 2.68: slics foundation version
 ========================================================================
    Program: SEQQUEST - LCAO-PS-DFT electronic structure code
    Version:  2.68e     Last revised: 29Mar20-PAS
    Copyright 2007 Sandia Corporation.

    Written by Peter A. Schultz (Sandia National Laboratories)
    Based on a code originally written by Peter J. Feibelman

    Documentation:  http://www.cs.sandia.gov/~paschul/Quest/
               and  http://dft.sandia.gov/Quest/
    Questions, comments to:  paschul@sandia.gov
 ========================================================================
  Maximum dimension parameters for this run are:
  
   maxwkd (r8 workspace)   = 220000000
   maxr1d (grid dimension) =       600
  
   norbd (basis fcns) =      8500
   natmd (atoms)      =       650     ntypd (atom types) =         7
   nshld (shell/atm)  =         7     noad  (bf/atm)     =        21
   nald  (gauss/shell)=         6     nrd   (rad pts/atm)=       200
   nkd   (kpts/ibz)   =      2000     nsymd (sym/group)  =        48
   nimgd (NEB images) =        12
  
   nlatd (lattice images)=      2000
   neq3d (do not ask) =        14
   Default record length (r8) for i/o=   1000000
 ------------------------------------------------------------------------

 Before input     +    2.25 =       2.2 seconds wall (    0.11 usr    0.00 sys)
  
##### Run options:
 do setup                                                                        
 do iters                                                                        
 do force                                                                        
 do relax                                                                        
 do post                                                                         
 setup data                                                                      
 >>>>> Options (set/scf/frc/relax/cell/neb/md)= T T T T F F F
 >>>>> use blas3= T
 >>>>> split basis = T
 >>>>> Output level set =           2
 >>>> do_bands, do_optic, do_nonscf= F F F
setup data:
title
 Title line(s) for this run:
title2
functional
PBE
 vdw_potential type, default=OFF 
   OFF   
dimension of system (0=cluster ... 3=bulk)
  2
coordinates
CARTESIAN
scale
   7.62074000
 scalez factor: scale z-direction
   1.00000000
primitive lattice vectors
   4.00000000  0.00000000  0.00000000
   0.00000000  4.00000000  0.00000000
   0.00000000  0.00000000100.00000000
 > Input Cell volume{bohr^3)=    92921.085036
grid dimensions
  144 144 400
 nearby option: 0=0,1=pt,2=wt
  2
atom types
  6
atom file
 Ba = Ba.atm
>>>>> atom type name=Ba          
type number, label:
  1 Ba                     
notes5
 notes for this atom file:
 Constructed by Peter A. Schultz, 31-October-2006
 Hamann-type ppot [D.R. Hamann,  PRB 40, 2980 (1989)]
 generated by fhi98PP [M.Fuchs,M.Scheffler, Comput.Phys.Commun. 119,67(1999)]
 ppot: p6s0.5[+1.5], l=2, Rpc=2.5,Rd=1.4; Def: Rs=x.xx, Rp6=x.xx
 basis: refined in 5-lyr bcc(100) slab, pp checked in oxide
energy - bcc/24^3/k16^3/pbe
  -3.19899990D+01
effective nuclear charge (p6d0s0.5[+1.5], Rpc=2.5,Rd=1.4 to 12.0)
   8.00000000D+00
pseudopotentials: Lmax, and effective gaussian range
  2   0.25000000
functional type used in generating potential:
 PBE    = dft fcnal used to generate pot
radial mesh: number of points for local and non-local pot integrals
 120 109
mesh points for nuclear potential;  ham1fh
      0.01250000  0.01324253  0.01402918  0.01486255  0.01574543  0.01668075
      0.01767163  0.01872137  0.01983348  0.02101164  0.02225979  0.02358208
      0.02498292  0.02646698  0.02803919  0.02970480  0.03146934  0.03333871
      0.03531912  0.03741717  0.03963986  0.04199457  0.04448917  0.04713195
      0.04993172  0.05289780  0.05604007  0.05936901  0.06289569  0.06663187
      0.07058999  0.07478323  0.07922556  0.08393178  0.08891756  0.09419950
      0.09979522  0.10572333  0.11200359  0.11865691  0.12570546  0.13317271
      0.14108354  0.14946429  0.15834288  0.16774889  0.17771363  0.18827031
      0.19945409  0.21130222  0.22385415  0.23715171  0.25123918  0.26616348
      0.28197433  0.29872438  0.31646944  0.33526860  0.35518448  0.37628342
      0.39863570  0.42231576  0.44740248  0.47397943  0.50213512  0.53196333
      0.56356343  0.59704065  0.63250652  0.67007916  0.70988371  0.75205277
      0.79672678  0.84405456  0.89419373  0.94731132  1.00358423  1.06319991
      1.12635693  1.19326564  1.26414892  1.33924287  1.41879760  1.50307810
      1.59236510  1.68695599  1.78716584  1.89332844  2.00579739  2.12494730
      2.25117505  2.38490107  2.52657080  2.67665609  2.83565687  3.00410273
      3.18255474  3.37160730  3.57189010  3.78407026  4.00885450  4.24699155
      4.49927460  4.76654395  5.04968985  5.34965540  5.66743973  6.00410133
      6.36076156  6.73860839  7.13890038  7.56297081  8.01223220  8.48818096
      8.99240239  9.52657597 10.09248094 10.69200223 11.32713674 12.00000000
radwts: weights for radial points
      0.00072132  0.00076416  0.00080956  0.00085765  0.00090859  0.00096257
      0.00101975  0.00108032  0.00114450  0.00121248  0.00128451  0.00136081
      0.00144165  0.00152729  0.00161801  0.00171412  0.00181595  0.00192382
      0.00203810  0.00215917  0.00228743  0.00242331  0.00256726  0.00271976
      0.00288133  0.00305248  0.00323381  0.00342591  0.00362942  0.00384501
      0.00407342  0.00431539  0.00457174  0.00484331  0.00513102  0.00543581
      0.00575871  0.00610080  0.00646320  0.00684714  0.00725387  0.00768477
      0.00814127  0.00862488  0.00913723  0.00968000  0.01025502  0.01086420
      0.01150956  0.01219326  0.01291758  0.01368492  0.01449784  0.01535905
      0.01627142  0.01723799  0.01826197  0.01934678  0.02049603  0.02171356
      0.02300340  0.02436987  0.02581750  0.02735114  0.02897587  0.03069712
      0.03252061  0.03445242  0.03649899  0.03866713  0.04096407  0.04339745
      0.04597538  0.04870644  0.05159974  0.05466490  0.05791215  0.06135229
      0.06499679  0.06885778  0.07294812  0.07728144  0.08187217  0.08673561
      0.09188794  0.09734634  0.10312898  0.10925513  0.11574518  0.12262077
      0.12990478  0.13762148  0.14579658  0.15445730  0.16363249  0.17335271
      0.18365035  0.19455968  0.20611707  0.21836099  0.23133224  0.24507401
      0.25963209  0.27505495  0.29139398  0.30870359  0.32704143  0.34646860
      0.36704979  0.38885356  0.41195254  0.43642366  0.46234844  0.48981321
      0.51890947  0.54973413  0.58238986  0.61698543  0.65363607  0.69246386
non-local potential: l,potential*integration weight
  0   0.91989895  0.91969776  0.91948461  0.91925879  0.91901955  0.91876609
      0.91849756  0.91821306  0.91791165  0.91759232  0.91725400  0.91689555
      0.91651579  0.91611344  0.91568715  0.91523549  0.91475695  0.91424993
      0.91371273  0.91314354  0.91254045  0.91190142  0.91122432  0.91050686
      0.90974662  0.90894104  0.90808738  0.90718277  0.90622413  0.90520822
      0.90413157  0.90299052  0.90178118  0.90049941  0.89914083  0.89770075
      0.89617424  0.89455601  0.89284048  0.89102169  0.88909331  0.88704861
      0.88488043  0.88258114  0.88014258  0.87755613  0.87481259  0.87190219
      0.86881451  0.86553844  0.86206211  0.85837283  0.85445702  0.85030015
      0.84588659  0.84119962  0.83622119  0.83093190  0.82531075  0.81933526
      0.81298156  0.80622320  0.79902777  0.79136115  0.78320631  0.77455907
      0.76541902  0.75580344  0.74575335  0.73532834  0.72459647  0.71362206
      0.70245167  0.69109711  0.67951051  0.66754774  0.65493003  0.64124485
      0.62605689  0.60915417  0.59076179  0.57136727  0.55106048  0.52909929
      0.50434849  0.47591051  0.44327292  0.40618445  0.36458689  0.31870142
      0.26929494  0.21814262  0.16849346  0.12307007  0.08378302  0.05240648
      0.02959885  0.01477228  0.00633812  0.00225434  0.00063247  0.00013010
      0.00001700  0.00000056 -0.00000043 -0.00000021 -0.00000009 -0.00000004
     -0.00000002  0.00000000  0.00000000  0.00000000  0.00000000  0.00000000
      0.00000000  0.00000000  0.00000000  0.00000000  0.00000000  0.00000000
non-local potential: l,potential*integration weight
  1   0.92639670  0.92658070  0.92677551  0.92698172  0.92720001  0.92743105
      0.92767556  0.92793432  0.92820811  0.92849777  0.92880418  0.92912825
      0.92947096  0.92983329  0.93021630  0.93062106  0.93104870  0.93150038
      0.93197730  0.93248069  0.93301179  0.93357189  0.93416226  0.93478419
      0.93543896  0.93612782  0.93685197  0.93761255  0.93841060  0.93924705
      0.94012264  0.94103790  0.94199311  0.94298820  0.94402271  0.94509567
      0.94620552  0.94734999  0.94852595  0.94972926  0.95095455  0.95219494
      0.95344167  0.95468364  0.95590715  0.95709580  0.95823040  0.95928803
      0.96024093  0.96105568  0.96169231  0.96210300  0.96223066  0.96200744
      0.96135329  0.96017439  0.95836109  0.95578526  0.95229768  0.94772789
      0.94188325  0.93451197  0.92519835  0.91341021  0.89886431  0.88134232
      0.86035067  0.83533100  0.80576690  0.77114611  0.73094301  0.68467499
      0.63201230  0.57292010  0.50781587  0.43771790  0.36435703  0.29020851
      0.21834528  0.15205583  0.09451620  0.04866284  0.01629401 -0.00321892
     -0.01251657 -0.01480274 -0.01300303 -0.00948944 -0.00592247 -0.00325077
     -0.00187265 -0.00160688 -0.00134804 -0.00084130 -0.00051652 -0.00029359
     -0.00014166 -0.00005274 -0.00001495 -0.00000623 -0.00000580 -0.00000461
     -0.00000266 -0.00000125 -0.00000052 -0.00000021 -0.00000009 -0.00000004
     -0.00000002  0.00000000  0.00000000  0.00000000  0.00000000  0.00000000
      0.00000000  0.00000000  0.00000000  0.00000000  0.00000000  0.00000000
non-local potential: l,potential*integration weight
  2   0.91816127  0.91785682  0.91753426  0.91719253  0.91683047  0.91644687
      0.91604045  0.91560985  0.91515363  0.91467023  0.91415805  0.91361536
      0.91304033  0.91243101  0.91178534  0.91110113  0.91037605  0.90960764
      0.90879326  0.90793012  0.90701524  0.90604546  0.90501740  0.90392747
      0.90277184  0.90154641  0.90024681  0.89886837  0.89740609  0.89585461
      0.89420819  0.89246066  0.89060539  0.88863523  0.88654249  0.88431887
      0.88195538  0.87944231  0.87676911  0.87392435  0.87089557  0.86766918
      0.86423027  0.86056243  0.85664757  0.85246599  0.84799623  0.84321477
      0.83809557  0.83260980  0.82672550  0.82040724  0.81361561  0.80630685
      0.79843257  0.78993944  0.78076884  0.77085646  0.76013203  0.74852034
      0.73594217  0.72230185  0.70745021  0.69120814  0.67351012  0.65433622
      0.63359032  0.61118578  0.58708624  0.56128629  0.53379174  0.50461683
      0.47378901  0.44135238  0.40736324  0.37187478  0.33492468  0.29656328
      0.25695701  0.21655942  0.17634020  0.13794417  0.10323510  0.07344160
      0.04910373  0.03047369  0.01748197  0.00947096  0.00515434  0.00292154
      0.00137329 -0.00007634 -0.00075053 -0.00066470 -0.00048050 -0.00028900
     -0.00014133 -0.00005273 -0.00001495 -0.00000623 -0.00000580 -0.00000461
     -0.00000266 -0.00000125 -0.00000052 -0.00000021 -0.00000009 -0.00000004
     -0.00000002  0.00000000  0.00000000  0.00000000  0.00000000  0.00000000
      0.00000000  0.00000000  0.00000000  0.00000000  0.00000000  0.00000000

 For atom type  1, l= 2 potential used as local nuclear potential
partial core charge density, cutoff=    2.46804933
 -2   0.07466903  0.07466903  0.07466902  0.07466901  0.07466901  0.07466900
      0.07466899  0.07466897  0.07466896  0.07466894  0.07466892  0.07466889
      0.07466886  0.07466882  0.07466878  0.07466872  0.07466866  0.07466859
      0.07466850  0.07466839  0.07466827  0.07466812  0.07466794  0.07466773
      0.07466748  0.07466718  0.07466683  0.07466640  0.07466590  0.07466530
      0.07466459  0.07466374  0.07466273  0.07466153  0.07466010  0.07465840
      0.07465637  0.07465396  0.07465109  0.07464767  0.07464360  0.07463875
      0.07463298  0.07462611  0.07461793  0.07460819  0.07459660  0.07458279
      0.07456636  0.07454680  0.07452351  0.07449580  0.07446282  0.07442357
      0.07437689  0.07432136  0.07425533  0.07417684  0.07408357  0.07397278
      0.07384124  0.07368515  0.07350004  0.07328069  0.07302095  0.07271369
      0.07235059  0.07192203  0.07141691  0.07082248  0.07012419  0.06930556
      0.06834807  0.06723108  0.06593192  0.06442605  0.06268737  0.06068889
      0.05840362  0.05580596  0.05287365  0.04959029  0.04594877  0.04195551
      0.03763556  0.03303847  0.02824452  0.02337038  0.01857261  0.01404621
      0.01001328  0.00669408  0.00424546  0.00260025  0.00153776  0.00087662
      0.00048087  0.00025335  0.00012794  0.00006179  0.00002847  0.00001249
      0.00000520  0.00000205  0.00000076  0.00000027  0.00000009  0.00000003
      0.00000001  0.00000000  0.00000000  0.00000000  0.00000000  0.00000000
      0.00000000  0.00000000  0.00000000  0.00000000  0.00000000  0.00000000
number of radial functions  **** Ba/pbe   - by Peter Schultz / 31Oct06 ****
  5
angular momentum, number of alphas
  1  4
alphas - p - 4p/2/4d365
   2.16149000D-01  5.44075000D-01  1.68087300D+00  3.36180000D+00
wave function coefficients
   2.38121000D-01  8.40515000D-01 -1.31234000D+00  5.41641000D-01
angular momentum, number of alphas
  0  3
alphas - s - 3s/2/3s477 Eopt + reopt(c2,c1)
   6.06340000D-02  2.37159000D-01  4.74400000D-01
wave function coefficients
   3.04690000D-01 -5.75020000D-01  2.91005000D-01
angular momentum, number of alphas
  0  1
alphas - s - second zeta s polarization
   6.06340000D-02
wave function coefficients
   1.00000000D+00
angular momentum, number of alphas
  1  1
alphas - p - angular polarization Eopt(c2)
   6.50000000D-02
wave function coefficients
   1.00000000D+00
angular momentum, number of alphas
  2  3
alphas - d - 3d/3d Eopt + contract
   1.10000000D-01  4.10000000D-01  1.56000000D+00
wave function coefficients
   2.13060000D-01  1.00000000D+00 -3.76700000D-01
shell occupation numbers for barium, Ba:  p(6)s(2.00)d(0.00)
      6.00000000  2.00000000  0.00000000  0.00000000  0.00000000
end atom file
atom file
 Ti = Ti.atm
>>>>> atom type name=Ti          
type number, label:
  2 Ti                     
notes6
 notes for this atom file:
 Constructed by Peter A. Schultz, 13-August-2006 (spin-hard Rpc: 8Sep07)
 Hamann-type ppot [D.R. Hamann,  PRB 40, 2980 (1989)]
 generated by fhi98PP [M.Fuchs,M.Scheffler, Comput.Phys.Commun. 119,67(1999)]
 ppot: p6d2s1[+1],l=2,Rpc=0.6 ; Def: Rs=1.65,Rp6=0.54,Rd=0.38
   semicore p6 is VALENCE, and spin-hard partial core
 basis: refined in 5l hcp(0001)
energy - hcp/24^2x36/kh16x10/uc/pbe
  -8.80960450D+01
effective nuclear charge (p6d2s1[+1], Rpc=0.6 to 12.0)
   1.00000000D+01
pseudopotentials: Lmax, and effective gaussian range
  2   1.10000000
functional type used in generating potential:
 PBE    = dft fcnal used to generate pot
radial mesh: number of points for local and non-local pot integrals
 120 101
mesh points for nuclear potential;  ham1fh
      0.01000000  0.01061391  0.01126551  0.01195712  0.01269118  0.01347030
      0.01429726  0.01517499  0.01610660  0.01709540  0.01814491  0.01925884
      0.02044117  0.02169607  0.02302802  0.02444174  0.02594225  0.02753487
      0.02922527  0.03101944  0.03292376  0.03494499  0.03709030  0.03936732
      0.04178413  0.04434931  0.04707196  0.04996176  0.05302898  0.05628449
      0.05973986  0.06340736  0.06730001  0.07143164  0.07581691  0.08047140
      0.08541163  0.09065515  0.09622058  0.10212767  0.10839741  0.11505206
      0.12211524  0.12961203  0.13756907  0.14601460  0.15497860  0.16449292
      0.17459134  0.18530970  0.19668609  0.20876088  0.22157695  0.23517982
      0.24961779  0.26494212  0.28120722  0.29847087  0.31679434  0.33624272
      0.35688506  0.37879465  0.40204930  0.42673158  0.45292913  0.48073498
      0.51024787  0.54157258  0.57482036  0.61010926  0.64756458  0.68731933
      0.72951468  0.77430044  0.82183565  0.87228911  0.92583997  0.98267837
      1.04300615  1.10703752  1.17499986  1.24713448  1.32369753  1.40496088
      1.49121308  1.58276041  1.67992793  1.78306068  1.89252487  2.00870920
      2.13202622  2.26291381  2.40183675  2.54928833  2.70579214  2.87190390
      3.04821346  3.23534687  3.43396861  3.64478398  3.86854156  4.10603587
      4.35811024  4.62565975  4.90963444  5.21104267  5.53095471  5.87050652
      6.23090382  6.61342633  7.01943235  7.45036355  7.90775013  8.39321620
      8.90848561  9.45538802 10.03586541 10.65197898 11.30591649 12.00000000
radwts: weights for radial points
      0.00059580  0.00063238  0.00067120  0.00071241  0.00075615  0.00080257
      0.00085184  0.00090413  0.00095964  0.00101855  0.00108108  0.00114745
      0.00121789  0.00129266  0.00137202  0.00145625  0.00154565  0.00164054
      0.00174126  0.00184815  0.00196161  0.00208204  0.00220986  0.00234552
      0.00248952  0.00264235  0.00280457  0.00297675  0.00315949  0.00335346
      0.00355933  0.00377784  0.00400977  0.00425593  0.00451721  0.00479452
      0.00508887  0.00540128  0.00573287  0.00608482  0.00645837  0.00685486
      0.00727568  0.00772235  0.00819643  0.00869962  0.00923370  0.00980057
      0.01040224  0.01104084  0.01171865  0.01243807  0.01320166  0.01401213
      0.01487235  0.01578538  0.01675446  0.01778304  0.01887476  0.02003350
      0.02126338  0.02256877  0.02395429  0.02542487  0.02698573  0.02864242
      0.03040081  0.03226715  0.03424807  0.03635060  0.03858221  0.04095081
      0.04346483  0.04613319  0.04896536  0.05197140  0.05516199  0.05854845
      0.06214280  0.06595782  0.07000705  0.07430487  0.07886653  0.08370824
      0.08884719  0.09430162  0.10009091  0.10623561  0.11275754  0.11967985
      0.12702714  0.13482549  0.14310258  0.15188782  0.16121239  0.17110941
      0.18161401  0.19276351  0.20459749  0.21715797  0.23048955  0.24463958
      0.25965829  0.27559902  0.29251836  0.31047641  0.32953692  0.34976758
      0.37124022  0.39403110  0.41822113  0.44389622  0.47114753  0.50007183
      0.53077183  0.56335653  0.59794165  0.63464999  0.67361190  0.71496573
non-local potential: l,potential*integration weight
  0   1.18660524  1.18629805  1.18597202  1.18562597  1.18525869  1.18486887
      1.18445512  1.18401598  1.18354989  1.18305519  1.18253014  1.18197287
      1.18138139  1.18075361  1.18008731  1.17938011  1.17862950  1.17783281
      1.17698722  1.17608971  1.17513709  1.17412596  1.17305271  1.17191351
      1.17070428  1.16942068  1.16805810  1.16661163  1.16507604  1.16344575
      1.16171482  1.15987690  1.15792521  1.15585250  1.15365101  1.15131242
      1.14882780  1.14618755  1.14338134  1.14039802  1.13722557  1.13385095
      1.13026002  1.12643747  1.12236668  1.11802968  1.11340696  1.10847741
      1.10321800  1.09760364  1.09160677  1.08519676  1.07833893  1.07099306
      1.06311094  1.05463290  1.04548294  1.03556247  1.02474279  1.01285678
      0.99969082  0.98497908  0.96840594  0.94963095  0.92835579  0.90441106
      0.87768627  0.84808324  0.81943484  0.79862542  0.77762565  0.75501327
      0.73063333  0.70488267  0.67780584  0.64921680  0.61890874  0.58672493
      0.55253779  0.51620469  0.47755381  0.43642284  0.39273792  0.34661353
      0.29846105  0.24909020  0.19977746  0.15226350  0.10863470  0.07104881
      0.04129962  0.02029860  0.00765388  0.00162462 -0.00030736 -0.00045268
     -0.00020825 -0.00005527 -0.00000893 -0.00000093 -0.00000009  0.00000000
      0.00000000  0.00000000  0.00000000  0.00000000  0.00000000  0.00000000
      0.00000000  0.00000000  0.00000000  0.00000000  0.00000000  0.00000000
      0.00000000  0.00000000  0.00000000  0.00000000  0.00000000  0.00000000
non-local potential: l,potential*integration weight
  1   1.18859298  1.18840607  1.18820738  1.18799614  1.18777152  1.18753262
      1.18727847  1.18700805  1.18672022  1.18641377  1.18608738  1.18573963
      1.18536896  1.18497368  1.18455193  1.18410167  1.18362069  1.18310650
      1.18255639  1.18196734  1.18133598  1.18065856  1.17993088  1.17914820
      1.17830520  1.17739583  1.17641326  1.17534967  1.17419615  1.17294249
      1.17157694  1.17008597  1.16845398  1.16666289  1.16469173  1.16251619
      1.16010799  1.15743423  1.15445655  1.15113013  1.14740226  1.14321084
      1.13848258  1.13313156  1.12705798  1.12014670  1.11226508  1.10325972
      1.09295299  1.08113986  1.06758479  1.05201847  1.03413468  1.01358782
      0.98999181  0.96292148  0.93191784  0.89649954  0.85618269  0.81051201
      0.75910512  0.70171375  0.63831204  0.56924148  0.49545432  0.41878438
      0.34166611  0.26577831  0.19502615  0.13788838  0.09088234  0.05434425
      0.02655065  0.00588623 -0.00882377 -0.01804920 -0.02203576 -0.02169145
     -0.01875815 -0.01500078 -0.01145655 -0.00846397 -0.00605290 -0.00417888
     -0.00278324 -0.00179757 -0.00114083 -0.00072322 -0.00046297 -0.00030604
     -0.00022496 -0.00018823 -0.00014684 -0.00008103 -0.00002340  0.00000029
      0.00000187 -0.00000019 -0.00000053 -0.00000024 -0.00000006  0.00000000
      0.00000000  0.00000000  0.00000000  0.00000000  0.00000000  0.00000000
      0.00000000  0.00000000  0.00000000  0.00000000  0.00000000  0.00000000
      0.00000000  0.00000000  0.00000000  0.00000000  0.00000000  0.00000000
non-local potential: l,potential*integration weight
  2   1.15309513  1.15072542  1.14820932  1.14553768  1.14270076  1.13968818
      1.13648890  1.13309114  1.12948235  1.12564911  1.12157714  1.11725116
      1.11265483  1.10777070  1.10258007  1.09706290  1.09119769  1.08496137
      1.07832913  1.07127424  1.06376791  1.05577906  1.04727406  1.03821649
      1.02856685  1.01828219  1.00731574  0.99561647  0.98312861  0.96979108
      0.95553690  0.94029243  0.92397671  0.90650054  0.88776562  0.86766361
      0.84607516  0.82286895  0.79790066  0.77101175  0.74202812  0.71075874
      0.67699542  0.64051490  0.60108390  0.55846672  0.51243376  0.46277171
      0.40929929  0.35189166  0.29051493  0.22527204  0.15646265  0.08465984
      0.01080513 -0.06368015 -0.13677500 -0.20574983 -0.26710671 -0.31663596
     -0.34969086 -0.36181185 -0.34980160 -0.31321537 -0.25589234 -0.18681479
     -0.11973532 -0.07091182 -0.04878625 -0.04445241 -0.05060302 -0.05554504
     -0.05501173 -0.05004465 -0.04332003 -0.03648543 -0.03012429 -0.02441475
     -0.01940871 -0.01510147 -0.01146560 -0.00846438 -0.00605291 -0.00417888
     -0.00278324 -0.00179757 -0.00114083 -0.00072322 -0.00046297 -0.00030604
     -0.00022496 -0.00018823 -0.00014684 -0.00008103 -0.00002340  0.00000029
      0.00000187 -0.00000019 -0.00000053 -0.00000024 -0.00000006  0.00000000
      0.00000000  0.00000000  0.00000000  0.00000000  0.00000000  0.00000000
      0.00000000  0.00000000  0.00000000  0.00000000  0.00000000  0.00000000
      0.00000000  0.00000000  0.00000000  0.00000000  0.00000000  0.00000000

 For atom type  2, l= 2 potential used as local nuclear potential
partial core charge density, cutoff=    0.58916341
 -2  10.78207356 10.78205668 10.78203640 10.78201204 10.78198276 10.78194757
     10.78190525 10.78185436 10.78179314 10.78171947 10.78163079 10.78152402
     10.78139542 10.78124049 10.78105377 10.78082868 10.78055723 10.78022978
     10.77983466 10.77935771 10.77878182 10.77808626 10.77724589 10.77623028
     10.77500256 10.77351805 10.77172261 10.76955067 10.76692278 10.76374277
     10.75989420 10.75523621 10.74959848 10.74277520 10.73451792 10.72452700
     10.71244155 10.69782750 10.68016364 10.65882539 10.63306595 10.60199471
     10.56455284 10.51948587 10.46531360 10.40029773 10.32240811 10.22928914
     10.11822849  9.98613170  9.82950748  9.64447029  9.42676967  9.17185767
      8.87501068  8.53152341  8.13699896  7.68775963  7.18140483  6.61753959
      5.99868212  5.33133749  4.62716630  3.90409258  3.18703282  2.50767097
      1.90228309  1.40595313  1.04044469  0.79327880  0.62696751  0.51389640
      0.43389975  0.37303098  0.32244229  0.27718244  0.23502948  0.19546740
      0.15886337  0.12587787  0.09709330  0.07282629  0.05307601  0.03755917
      0.02578962  0.01716996  0.01107499  0.00691462  0.00417441  0.00243389
      0.00136870  0.00074127  0.00038601  0.00019295  0.00009238  0.00004227
      0.00001844  0.00000764  0.00000300  0.00000111  0.00000039  0.00000013
      0.00000004  0.00000001  0.00000000  0.00000000  0.00000000  0.00000000
      0.00000000  0.00000000  0.00000000  0.00000000  0.00000000  0.00000000
      0.00000000  0.00000000  0.00000000  0.00000000  0.00000000  0.00000000
number of radial functions  **** Ti/pbe   - by Peter Schultz / 16Aug06 ****
  6
angular momentum, number of alphas
  1  4
alphas - p - 4p/2/4p288 Eopt
   3.91179000D-01  9.91449000D-01  2.25510800D+00  6.04653000D+00
wave function coefficients
   2.61901000D-01  1.57373400D+00  2.46706900D+00 -1.99393000D+00
angular momentum, number of alphas
  2  6
alphas - d - 6d/2/6d447 Eopt + reopt(c1)
   1.62994000D-01  4.73268000D-01  1.23050100D+00  3.16310400D+00
   9.40053900D+00  3.04437490D+01
wave function coefficients
   4.14920000D-02  2.68625000D-01  1.36799100D+00  4.64355300D+00
   1.26094120D+01 -4.88274200D+00
angular momentum, number of alphas
  0  3
alphas - s - 3s/2/3s295 Eopt + reopt(c1)
   1.00346000D-01  4.67290000D-01  9.34600000D-01
wave function coefficients
   3.12070000D-01 -7.45755000D-01  2.69030000D-01
angular momentum, number of alphas
  0  1
alphas - s - second zeta s polarization
   1.00346000D-01
wave function coefficients
   1.00000000D+00
angular momentum, number of alphas
  1  2
alphas - p - angular polarization
   8.00000000D-02  3.91179000D-01
wave function coefficients
   1.00000000D+00  6.31400000D-01
angular momentum, number of alphas
  2  1
alphas - d - second zeta d polarization
   1.62994000D-01
wave function coefficients
   1.00000000D+00
shell occupancies for titanium, Ti: p(6)d(2.0)s(2.0)
      6.00000000  2.00000000  2.00000000  0.00000000  0.00000000  0.00000000
end atom file
atom file
 O  = O.atm
>>>>> atom type name=O           
type number, label:
  3 O                      
notes6
 notes for this atom file:
 Constructed by Peter A. Schultz, 17-January-2007
 Troullier/Martins-type ppot [N.Troullier,J.L.Martins, PRB 43,8861(1991)]
 generated by fhi98PP [M.Fuchs,M.Scheffler, Comput.Phys.Commun. 119,67(1999)]
 ppot: [He-core]s2p4, l=1; Rs=1.15, Rp=1.15
   NB: a middlin' hard T-M potential, without partial core correction
 basis: refined in H2O
mass
   1.59994000D+01
energy = E(H2O) - E(H2)
  -3.20919400D+01
effective nuclear charge (s2p4 to  9.0)
   6.00000000D+00
pseudopotentials: Lmax, and effective gaussian range
  1   5.87000000
functional type used in generating potential:
 PBE    = dft fcnal used to generate pot
radial mesh: number of points for local and non-local pot integrals
  80  59
mesh points for nuclear potential;  tm91fh
      0.01666667  0.01804829  0.01954444  0.02116462  0.02291911  0.02481905
      0.02687648  0.02910446  0.03151714  0.03412983  0.03695910  0.04002291
      0.04334070  0.04693352  0.05082419  0.05503737  0.05959982  0.06454048
      0.06989072  0.07568447  0.08195850  0.08875264  0.09610999  0.10407725
      0.11270497  0.12204790  0.13216534  0.14312149  0.15498587  0.16783378
      0.18174674  0.19681305  0.21312832  0.23079608  0.24992845  0.27064683
      0.29308272  0.31737848  0.34368829  0.37217912  0.40303175  0.43644199
      0.47262184  0.51180091  0.55422781  0.60017179  0.64992440  0.70380136
      0.76214458  0.82532429  0.89374143  0.96783016  1.04806065  1.13494203
      1.22902564  1.33090852  1.44123721  1.56071186  1.69009063  1.83019454
      1.98191269  2.14620786  2.32412265  2.51678610  2.72542082  2.95135079
      3.19600974  3.46095025  3.74785362  4.05854048  4.39498245  4.75931454
      5.15384877  5.58108881  6.04374589  6.54475598  7.08729845  7.67481621
      8.31103759  9.00000000
radwts: weights for radial points
      0.00132734  0.00143737  0.00155652  0.00168555  0.00182528  0.00197659
      0.00214045  0.00231788  0.00251003  0.00271810  0.00294343  0.00318743
      0.00345166  0.00373779  0.00404764  0.00438318  0.00474654  0.00514001
      0.00556610  0.00602752  0.00652718  0.00706827  0.00765421  0.00828872
      0.00897584  0.00971991  0.01052566  0.01139821  0.01234309  0.01336630
      0.01447433  0.01567421  0.01697356  0.01838063  0.01990433  0.02155435
      0.02334114  0.02527606  0.02737138  0.02964039  0.03209750  0.03475829
      0.03763966  0.04075988  0.04413877  0.04779775  0.05176005  0.05605082
      0.06069728  0.06572892  0.07117767  0.07707811  0.08346767  0.09038691
      0.09787974  0.10599371  0.11478030  0.12429527  0.13459901  0.14575690
      0.15783976  0.17092424  0.18509340  0.20043714  0.21705283  0.23504592
      0.25453058  0.27563048  0.29847949  0.32322263  0.35001691  0.37903236
      0.41045311  0.44447856  0.48132462  0.52122512  0.56443327  0.61122325
      0.66189199  0.71676104
non-local potential: l,potential*integration weight
  0   0.93730511  0.93554052  0.93361839  0.93153365  0.92928327  0.92686634
      0.92428390  0.92153850  0.91863349  0.91557199  0.91235563  0.90898303
      0.90544833  0.90173964  0.89783801  0.89371685  0.88934220  0.88467387
      0.87966724  0.87427564  0.86845278  0.86215507  0.85534357  0.84798554
      0.84005562  0.83153648  0.82241863  0.81269851  0.80237370  0.79143391
      0.77984650  0.76753677  0.75436432  0.74009742  0.72438611  0.70673257
      0.68645949  0.66269421  0.63442591  0.60072027  0.56103450  0.51518157
      0.46260034  0.40186561  0.33154312  0.25174338  0.16543037  0.07940357
      0.00465384 -0.04517076 -0.05908610 -0.03875595 -0.00829872  0.00001909
      0.00000545  0.00000199  0.00000064  0.00000018  0.00000004  0.00000000
      0.00000000  0.00000000  0.00000000  0.00000000  0.00000000  0.00000000
      0.00000000  0.00000000  0.00000000  0.00000000  0.00000000  0.00000000
      0.00000000  0.00000000  0.00000000  0.00000000  0.00000000  0.00000000
      0.00000000  0.00000000
non-local potential: l,potential*integration weight
  1   0.90370413  0.89915413  0.89421569  0.88886460  0.88307711  0.87682988
      0.87009965  0.86286267  0.85509381  0.84676537  0.83784560  0.82829704
      0.81807474  0.80712459  0.79538197  0.78277097  0.76920439  0.75458466
      0.73880543  0.72175375  0.70331247  0.68336251  0.66178511  0.63846390
      0.61328705  0.58614966  0.55695625  0.52562300  0.49207935  0.45626822
      0.41814517  0.37767819  0.33485145  0.28967777  0.24222327  0.19264571
      0.14124931  0.08857314  0.03556416 -0.01609767 -0.06361358 -0.10313288
     -0.13071331 -0.14337790 -0.13932187 -0.11803667 -0.08124130 -0.03422899
      0.01331497  0.04813719  0.05745893  0.03806545  0.00846852  0.00000828
      0.00000560  0.00000199  0.00000064  0.00000018  0.00000004  0.00000000
      0.00000000  0.00000000  0.00000000  0.00000000  0.00000000  0.00000000
      0.00000000  0.00000000  0.00000000  0.00000000  0.00000000  0.00000000
      0.00000000  0.00000000  0.00000000  0.00000000  0.00000000  0.00000000
      0.00000000  0.00000000

 For atom type  3, l= 1 potential used as local nuclear potential
number of radial functions  ****  O/pbe   - by Peter Schultz / 17Jan07 ****
  5
angular momentum, number of alphas
  0  5
alphas - s - 5s/2/5s284 Eopt(flat) + check (c1)
   2.40227000D-01  6.83348000D-01  1.98182200D+00  3.96390000D+00
   7.92780000D+00
wave function coefficients
   3.33034000D-01  1.10004600D+00  1.16492600D+00 -1.95149900D+00
   6.44755000D-01
angular momentum, number of alphas
  1  4
alphas - p - 4p/2/4p563 Eopt + reopt(c1)
   1.29289000D-01  4.02185000D-01  1.18213300D+00  3.84037500D+00
wave function coefficients
   5.93100000D-02  3.75369000D-01  1.45605400D+00  3.86770800D+00
angular momentum, number of alphas
  0  1
alphas - s - second zeta s polarization
   2.40227000D-01
wave function coefficients
   1.00000000D+00
angular momentum, number of alphas
  1  1
alphas - p - second zeta p polarization
   1.29289000D-01
wave function coefficients
   1.00000000D+00
angular momentum, number of alphas
  2  2
alphas
   2.50000000D-01  1.20000000D+00
wave function coefficients
   1.17200000D-01  1.00000000D+00
shell occupancies for oxygen, O s(2.0)p(4.5)p'(-0.5), -0.5 pseudoion (H2O)
      2.00000000  4.50000000  0.00000000 -0.50000000  0.00000000
end atom file
atom file
 H = H.atm
>>>>> atom type name=H           
type number, label:
  4 H                      
notes3
 notes for this atom file:
 bare nuclear potential
 generated March-2001, by Peter A. Schultz
 Changed to triple-zeta s (to recover double-zeta, remove third zeta)
mass
   1.00079000D+00
energy = E(H2)/2
  -1.16555500D+00
effective nuclear charge (s1 to 10.0)
   1.00000000D+00
pseudopotentials: Lmax, and effective gaussian range
 -1   1.71000000
radial mesh: number of points for local and non-local pot integrals
 100  80
mesh points for nuclear potential
      0.00200000  0.00217968  0.00237551  0.00258893  0.00282152  0.00307501
      0.00335127  0.00365236  0.00398049  0.00433810  0.00472785  0.00515260
      0.00561552  0.00612003  0.00666986  0.00726909  0.00792215  0.00863389
      0.00940957  0.01025494  0.01117626  0.01218036  0.01327466  0.01446727
      0.01576703  0.01718357  0.01872736  0.02040986  0.02224351  0.02424190
      0.02641983  0.02879343  0.03138027  0.03419952  0.03727205  0.04062063
      0.04427005  0.04824734  0.05258195  0.05730599  0.06245444  0.06806544
      0.07418054  0.08084503  0.08810827  0.09602405  0.10465099  0.11405299
      0.12429968  0.13546694  0.14763749  0.16090146  0.17535709  0.19111143
      0.20828116  0.22699345  0.24738688  0.26961248  0.29383487  0.32023343
      0.34900367  0.38035868  0.41453067  0.45177272  0.49236064  0.53659505
      0.58480355  0.63734316  0.69460302  0.75700718  0.82501783  0.89913865
      0.97991859  1.06795593  1.16390267  1.26846941  1.38243058  1.50663019
      1.64198808  1.78950672  1.95027865  2.12549457  2.31645214  2.52456563
      2.75137635  2.99856407  3.26795950  3.56155782  3.88153345  4.23025616
      4.61030863  5.02450558  5.47591460  5.96787887  6.50404194  7.08837469
      7.72520477  8.41924860  9.17564635 10.00000000
radwts: weights for radial points
      0.00017206  0.00018752  0.00020437  0.00022273  0.00024274  0.00026455
      0.00028832  0.00031422  0.00034245  0.00037322  0.00040675  0.00044329
      0.00048312  0.00052652  0.00057382  0.00062538  0.00068156  0.00074279
      0.00080953  0.00088226  0.00096152  0.00104790  0.00114205  0.00124465
      0.00135647  0.00147834  0.00161116  0.00175591  0.00191366  0.00208559
      0.00227296  0.00247716  0.00269972  0.00294226  0.00320660  0.00349468
      0.00380865  0.00415083  0.00452374  0.00493016  0.00537310  0.00585582
      0.00638192  0.00695528  0.00758015  0.00826117  0.00900336  0.00981224
      0.01069378  0.01165453  0.01270159  0.01384272  0.01508637  0.01644175
      0.01791890  0.01952876  0.02128325  0.02319537  0.02527928  0.02755040
      0.03002557  0.03272311  0.03566301  0.03886703  0.04235890  0.04616448
      0.05031197  0.05483207  0.05975826  0.06512703  0.07097814  0.07735492
      0.08430461  0.09187866  0.10013317  0.10912928  0.11893362  0.12961879
      0.14126394  0.15395530  0.16778687  0.18286109  0.19928960  0.21719407
      0.23670711  0.25797323  0.28114992  0.30640885  0.33393707  0.36393847
      0.39663525  0.43226954  0.47110528  0.51343007  0.55955739  0.60982886
      0.66461678  0.72432694  0.78940154  0.86032254
number of radial functions  **** H PBE bare-core basis 11Apr01-PAS ****
  4
angular momentum, number of alphas
  0  5
alphas - s - Ham-II/PBE/4s408 + a5(19.22) + full recontract in H2
   1.02474000D-01  3.72304000D-01  1.23085800D+00  4.78332400D+00
   1.92200000D+01
wave function coefficients
   1.04060000D-01  4.80100000D-01  5.85350000D-01  3.97563000D-01
   2.69130000D-01
angular momentum, number of alphas
  0  2
alphas - s - second zeta s polarization (H2O Eopt)
   1.02474000D-01  3.72304000D-01
wave function coefficients
   7.52810000D-02  1.20939000D-01
angular momentum, number of alphas
  0  1
alphas - s - third zeta s polarization (H2O Eopt)
   1.02474000D-01
wave function coefficients
   1.00000000D+00
angular momentum, number of alphas
  1  1
alphas - p - angular polarization (dzp Eopt H2)
   1.10000000D+00
wave function coefficients
   1.00000000D+00
shell occupancies for hydrogen, H: s(1.00)p(0.00)
      1.00000000  0.00000000  0.00000000  0.00000000
end atom file
atom file
 C = C.atm
>>>>> atom type name=C           
type number, label:
  5 C                      
notes5
 notes for this atom file:
 Constructed by Peter A. Schultz, 4-January-2007
 Hamann-type ppot [D.R. Hamann,  PRB 40, 2980 (1989)]
 generated by fhi98PP [M.Fuchs,M.Scheffler, Comput.Phys.Commun. 119,67(1999)]
 ppot: [He-core]s2p2, l=1; Def: Rs=0.73, Rp=0.48
 basis: refined in 4-lyr Td(111) slab
energy - Td/16^3/k8^3/pbe
  -1.13937680D+01
effective nuclear charge (s2p2 to  9.0)
   4.00000000D+00
pseudopotentials: Lmax, and effective gaussian range
  1   3.69000000
functional type used in generating potential:
 PBE    = dft fcnal used to generate pot
radial mesh: number of points for local and non-local pot integrals
 120 102
mesh points for nuclear potential;  ham1fh
      0.02500000  0.02626767  0.02759962  0.02899911  0.03046956  0.03201457
      0.03363793  0.03534360  0.03713576  0.03901879  0.04099731  0.04307615
      0.04526040  0.04755541  0.04996679  0.05250045  0.05516258  0.05795969
      0.06089864  0.06398662  0.06723117  0.07064025  0.07422219  0.07798576
      0.08194016  0.08609508  0.09046069  0.09504766  0.09986722  0.10493116
      0.11025188  0.11584240  0.12171640  0.12788824  0.13437304  0.14118667
      0.14834579  0.15586793  0.16377149  0.17207581  0.18080122  0.18996907
      0.19960179  0.20972295  0.22035733  0.23153093  0.24327112  0.25560662
      0.26856761  0.28218580  0.29649454  0.31152882  0.32732544  0.34392306
      0.36136229  0.37968581  0.39893845  0.41916733  0.44042196  0.46275433
      0.48621912  0.51087372  0.53677848  0.56399679  0.59259525  0.62264384
      0.65421610  0.68738929  0.72224459  0.75886729  0.79734700  0.83777790
      0.88025891  0.92489401  0.97179240  1.02106886  1.07284397  1.12724443
      1.18440337  1.24446064  1.30756323  1.37386555  1.44352985  1.51672659
      1.59363491  1.67444300  1.75934861  1.84855951  1.94229400  2.04078147
      2.14426292  2.25299158  2.36723353  2.48726831  2.61338967  2.74590624
      2.88514230  3.03143856  3.18515304  3.34666189  3.51636033  3.69466363
      3.88200811  4.07885224  4.28567769  4.50299059  4.73132273  4.97123286
      5.22330806  5.48816518  5.76645235  6.05885056  6.36607535  6.68887851
      7.02804998  7.38441975  7.75885988  8.15228666  8.56566284  9.00000000
radwts: weights for radial points
      0.00123658  0.00129928  0.00136516  0.00143438  0.00150712  0.00158354
      0.00166383  0.00174820  0.00183685  0.00192999  0.00202785  0.00213068
      0.00223872  0.00235224  0.00247151  0.00259683  0.00272851  0.00286686
      0.00301223  0.00316497  0.00332546  0.00349408  0.00367126  0.00385741
      0.00405301  0.00425853  0.00447446  0.00470135  0.00493974  0.00519022
      0.00545340  0.00572992  0.00602047  0.00632574  0.00664650  0.00698352
      0.00733764  0.00770970  0.00810064  0.00851140  0.00894298  0.00939645
      0.00987291  0.01037354  0.01089955  0.01145223  0.01203293  0.01264309
      0.01328418  0.01395777  0.01466553  0.01540917  0.01619052  0.01701149
      0.01787408  0.01878042  0.01973272  0.02073330  0.02178462  0.02288924
      0.02404988  0.02526938  0.02655071  0.02789701  0.02931157  0.03079787
      0.03235953  0.03400038  0.03572443  0.03753590  0.03943922  0.04143906
      0.04354030  0.04574809  0.04806782  0.05050519  0.05306614  0.05575696
      0.05858421  0.06155483  0.06467608  0.06795559  0.07140140  0.07502194
      0.07882606  0.08282307  0.08702276  0.09143541  0.09607180  0.10094329
      0.10606180  0.11143986  0.11709061  0.12302790  0.12926625  0.13582092
      0.14270796  0.14994422  0.15754741  0.16553613  0.17392994  0.18274936
      0.19201600  0.20175251  0.21198273  0.22273169  0.23402570  0.24589238
      0.25836079  0.27146144  0.28522637  0.29968928  0.31488556  0.33085239
      0.34762885  0.36525599  0.38377694  0.40323704  0.42368389  0.44516753
non-local potential: l,potential*integration weight
  0   0.39100562  0.39067485  0.39033823  0.38999879  0.38965989  0.38932513
      0.38899826  0.38868306  0.38838318  0.38810195  0.38784228  0.38760641
      0.38739580  0.38721103  0.38705165  0.38691622  0.38680233  0.38670670
      0.38662533  0.38655366  0.38648687  0.38641999  0.38634820  0.38626692
      0.38617198  0.38605973  0.38592700  0.38577121  0.38559025  0.38538253
      0.38514689  0.38488257  0.38458924  0.38426700  0.38391647  0.38353887
      0.38313623  0.38271151  0.38226892  0.38181401  0.38135384  0.38089688
      0.38045258  0.38003039  0.37963798  0.37927841  0.37894605  0.37862117
      0.37826346  0.37780501  0.37714366  0.37613777  0.37460355  0.37231704
      0.36902414  0.36446416  0.35841004  0.35071546  0.34133721  0.33029683
      0.31759520  0.30316280  0.28690443  0.26875136  0.24853666  0.22574940
      0.19972621  0.17051836  0.13937240  0.10806813  0.07821470  0.05122470
      0.02840362  0.01081157 -0.00100516 -0.00724855 -0.00892743 -0.00764520
     -0.00514007 -0.00276292 -0.00116667 -0.00036807 -0.00007497 -0.00000151
      0.00000748  0.00000523  0.00000292  0.00000155  0.00000081  0.00000043
      0.00000024  0.00000016  0.00000011  0.00000009  0.00000008  0.00000006
      0.00000005  0.00000005  0.00000004  0.00000004  0.00000003  0.00000003
      0.00000000  0.00000000  0.00000000  0.00000000  0.00000000  0.00000000
      0.00000000  0.00000000  0.00000000  0.00000000  0.00000000  0.00000000
      0.00000000  0.00000000  0.00000000  0.00000000  0.00000000  0.00000000
non-local potential: l,potential*integration weight
  1   0.36560952  0.36397730  0.36227137  0.36049107  0.35863582  0.35670508
      0.35469817  0.35261419  0.35045178  0.34820898  0.34588303  0.34347014
      0.34096535  0.33836235  0.33565334  0.33282903  0.32987859  0.32678968
      0.32354862  0.32014045  0.31654911  0.31275762  0.30874814  0.30450211
      0.30000028  0.29522270  0.29014867  0.28475665  0.27902413  0.27292752
      0.26644201  0.25954147  0.25219842  0.24438401  0.23606814  0.22721973
      0.21780705  0.20779831  0.19716246  0.18587019  0.17389525  0.16121597
      0.14781711  0.13369188  0.11884413  0.10329073  0.08706409  0.07021525
      0.05281777  0.03497339  0.01682028 -0.00145547 -0.01960454 -0.03729507
     -0.05408874 -0.06941146 -0.08252221 -0.09249895 -0.09828416 -0.09883540
     -0.09337182 -0.08162950 -0.06406125 -0.04206903 -0.01838077  0.00287418
      0.01747263  0.02350852  0.02232316  0.01698540  0.01056097  0.00526361
      0.00203413  0.00063797  0.00029470  0.00031888  0.00036305  0.00033630
      0.00025811  0.00017000  0.00009990  0.00005521  0.00003035  0.00001705
      0.00000966  0.00000539  0.00000293  0.00000155  0.00000081  0.00000043
      0.00000024  0.00000016  0.00000011  0.00000009  0.00000008  0.00000006
      0.00000005  0.00000005  0.00000004  0.00000004  0.00000003  0.00000003
      0.00000000  0.00000000  0.00000000  0.00000000  0.00000000  0.00000000
      0.00000000  0.00000000  0.00000000  0.00000000  0.00000000  0.00000000
      0.00000000  0.00000000  0.00000000  0.00000000  0.00000000  0.00000000

 For atom type  5, l= 1 potential used as local nuclear potential
number of radial functions  ****  C/pbe  basis - by Peter Schultz -  8Jan07 ****
  5
angular momentum, number of alphas
  0  5
alphas - s - 5s/2/5s312 Eopt + reopt(c2,c1)
   1.55830000D-01  4.58320000D-01  1.40253800D+00  2.80520000D+00
   5.61040000D+00
wave function coefficients
   2.61700000D-01  7.05480000D-01  3.62537000D-01 -1.29642800D+00
   4.50261000D-01
angular momentum, number of alphas
  1  4
alphas - p - 4p/2/4p361 Eopt + reopt(c1)
   1.43749000D-01  4.89605000D-01  1.38713100D+00  4.55300700D+00
wave function coefficients
   8.49200000D-02  5.16452000D-01  1.01732000D+00  1.69318600D+00
angular momentum, number of alphas
  0  1
alphas - p - second zeta p polarization
   1.55830000D-01
wave function coefficients
   1.00000000D+00
angular momentum, number of alphas
  1  1
alphas - p - second zeta p polarization
   1.43749000D-01
wave function coefficients
   1.00000000D+00
angular momentum, number of alphas
  2  1
alphas - d - angular polarization (dzp Eopt)
   7.30000000D-01
wave function coefficients
   1.00000000D+00
shell occupation numbers for C, carbon - s(2.00)p(2.00)
      2.00000000  2.00000000  0.00000000  0.00000000  0.00000000
end atom file
atom file
 P = P.atm
>>>>> atom type name=P           
type number, label:
  6 P                      
notes5
 notes for this atom file:
 Constructed by Peter A. Schultz, 29-September-2005
 Hamann-type ppot [D.R. Hamann,  PRB 40, 2980 (1989)]
 generated by fhi98PP [M.Fuchs,M.Scheffler, Comput.Phys.Commun. 119,67(1999)]
 Potential is standard Hamann, out to l=2
 Basis refined in PH# molecule
effective nuclear charge (s2p3 to 10.0)
   5.00000000D+00
pseudopotentials: Lmax, and effective gaussian range
  2   1.03000000
functional type used in generating potential:
 PBE    = dft fcnal used to generate pot
radial mesh: number of points for local and non-local pot integrals
  80  67
mesh points for nuclear potential;  ham1fh
      0.02000000  0.02163686  0.02340768  0.02532343  0.02739597  0.02963814
      0.03206381  0.03468800  0.03752696  0.04059828  0.04392095  0.04751557
      0.05140438  0.05561146  0.06016286  0.06508676  0.07041365  0.07617650
      0.08241100  0.08915575  0.09645251  0.10434646  0.11288647  0.12212542
      0.13212051  0.14293363  0.15463173  0.16728723  0.18097849  0.19579028
      0.21181432  0.22914980  0.24790408  0.26819325  0.29014295  0.31388907
      0.33957865  0.36737073  0.39743740  0.42996481  0.46515435  0.50322391
      0.54440918  0.58896518  0.63716776  0.68931539  0.74573092  0.80676366
      0.87279149  0.94422323  1.02150115  1.10510371  1.19554854  1.29339564
      1.39925081  1.51376948  1.63766068  1.77169149  1.91669177  2.07355927
      2.24326527  2.42686048  2.62548164  2.84035853  3.07282156  3.32431002
      3.59638101  3.89071906  4.20914658  4.55363511  4.92631757  5.32950141
      5.76568298  6.23756288  6.74806277  7.30034343  7.89782430  8.54420472
      9.24348674 10.00000000
radwts: weights for radial points
      0.00157332  0.00170208  0.00184139  0.00199209  0.00215513  0.00233151
      0.00252233  0.00272876  0.00295209  0.00319370  0.00345508  0.00373786
      0.00404377  0.00437473  0.00473277  0.00512011  0.00553915  0.00599249
      0.00648294  0.00701352  0.00758753  0.00820851  0.00888032  0.00960711
      0.01039338  0.01124401  0.01216425  0.01315980  0.01423684  0.01540202
      0.01666257  0.01802628  0.01950160  0.02109767  0.02282436  0.02469237
      0.02671327  0.02889956  0.03126478  0.03382358  0.03659180  0.03958657
      0.04282645  0.04633149  0.05012339  0.05422563  0.05866361  0.06346481
      0.06865895  0.07427819  0.08035733  0.08693401  0.09404893  0.10174616
      0.11007336  0.11908208  0.12882809  0.13937175  0.15077833  0.16311846
      0.17646854  0.19091123  0.20653594  0.22343943  0.24172635  0.26150992
      0.28291264  0.30606702  0.33111641  0.35821592  0.38753333  0.41925016
      0.45356279  0.49068366  0.53084260  0.57428827  0.62128966  0.67213777
      0.72714744  0.78665925
non-local potential: l,potential*integration weight
  0   0.79194237  0.79229810  0.79266574  0.79304318  0.79342803  0.79381774
      0.79421004  0.79460337  0.79499775  0.79539576  0.79580377  0.79623330
      0.79670225  0.79723568  0.79786573  0.79863038  0.79957067  0.80072655
      0.80213199  0.80381019  0.80577020  0.80800573  0.81049653  0.81321184
      0.81611461  0.81916536  0.82232435  0.82555105  0.82879989  0.83201365
      0.83511867  0.83802416  0.84061777  0.84275146  0.84422684  0.84478331
      0.84408273  0.84168845  0.83704005  0.82942523  0.81795185  0.80152598
      0.77884664  0.74843234  0.70869711  0.65809533  0.59537193  0.52002684
      0.43324210  0.33952550  0.24715199  0.16037180  0.08254019  0.03045955
      0.00670300  0.00006632 -0.00023287  0.00021569  0.00025203  0.00015010
      0.00007297  0.00003143  0.00001194  0.00000386  0.00000100  0.00000019
      0.00000003  0.00000000  0.00000000  0.00000000  0.00000000  0.00000000
      0.00000000  0.00000000  0.00000000  0.00000000  0.00000000  0.00000000
      0.00000000  0.00000000
non-local potential: l,potential*integration weight
  1   0.77817286  0.77740024  0.77654692  0.77560319  0.77455839  0.77340108
      0.77211929  0.77070105  0.76913505  0.76741166  0.76552404  0.76346945
      0.76125036  0.75887521  0.75635826  0.75371821  0.75097540  0.74814761
      0.74524509  0.74226579  0.73919198  0.73598912  0.73260739  0.72898529
      0.72505429  0.72074307  0.71598039  0.71069588  0.70481820  0.69827168
      0.69097400  0.68283645  0.67376315  0.66364636  0.65236302  0.63977478
      0.62572842  0.61005619  0.59257641  0.57309522  0.55140960  0.52731218
      0.50059906  0.47108050  0.43859184  0.40299709  0.36418172  0.32207688
      0.27689000  0.22989923  0.18395087  0.13827535  0.09073908  0.05221867
      0.02735294  0.01277374  0.00515564  0.00180322  0.00057961  0.00019521
      0.00007640  0.00003154  0.00001194  0.00000386  0.00000100  0.00000019
      0.00000003  0.00000000  0.00000000  0.00000000  0.00000000  0.00000000
      0.00000000  0.00000000  0.00000000  0.00000000  0.00000000  0.00000000
      0.00000000  0.00000000
non-local potential: l,potential*integration weight
  2   0.76912150  0.76760675  0.76595028  0.76413732  0.76215174  0.75997614
      0.75759211  0.75498067  0.75212294  0.74900101  0.74559909  0.74190468
      0.73790967  0.73361098  0.72901030  0.72411268  0.71892357  0.71344449
      0.70766799  0.70157269  0.69511970  0.68825139  0.68089270  0.67295452
      0.66433807  0.65493899  0.64464987  0.63336088  0.62095779  0.60731858
      0.59231097  0.57579252  0.55760996  0.53759553  0.51556511  0.49132052
      0.46465378  0.43535337  0.40321407  0.36805232  0.32972900  0.28818284
      0.24347833  0.19587209  0.14589934  0.09447627  0.04301278 -0.00644446
     -0.05093042 -0.08591183 -0.10520305 -0.10682550 -0.09345241 -0.06169428
     -0.02082920  0.00992786  0.01975432  0.01381332  0.00525699  0.00110801
      0.00015516  0.00003395  0.00001195  0.00000386  0.00000100  0.00000019
      0.00000003  0.00000000  0.00000000  0.00000000  0.00000000  0.00000000
      0.00000000  0.00000000  0.00000000  0.00000000  0.00000000  0.00000000
      0.00000000  0.00000000

 For atom type  6, l= 2 potential used as local nuclear potential
number of radial functions  **** P /pbe   - by Peter Schultz / 29Sep05 ****
  5
angular momentum, number of alphas
  0  4
alphas - s - 4s/2/4s444 Eopt + check(c1)
   1.28870000D-01  3.45430000D-01  1.62562100D+00  3.25130000D+00
wave function coefficients
   2.92671000D-01  7.38220000D-01 -1.26921800D+00  4.98262000D-01
angular momentum, number of alphas
  1  4
alphas - p - 4p/2/4p466 Eopt + reopt(c1)
   9.59990000D-02  2.83991000D-01  7.14882000D-01  1.42980000D+00
wave function coefficients
   5.29800000D-02  3.08537000D-01  3.90265000D-01 -2.95490000D-01
angular momentum, number of alphas
  0  1
alphas - s - second zeta s polarization
   1.28870000D-01
wave function coefficients
   1.00000000D+00
angular momentum, number of alphas
  1  1
alphas - p - second zeta p polarization
   9.59990000D-02
wave function coefficients
   1.00000000D+00
angular momentum, number of alphas
  2  2
alphas - d - angular polarization (dzp Eopt)
   2.20000000D-01  8.40000000D-01
wave function coefficients
   1.28980000D-01  1.00000000D+00
shell occupancies for phosphorus, P: s(2)p(3)
      2.00000000  3.00000000  0.00000000  0.00000000  0.00000000
end atom file
 ionopt (0=none,2=gaussian lmcc,3=dble layer):
    2
 charge state for system
   0.00000000
number of atoms in unit cell
   19
atom, type, position;  step#      6
 AT0mH1       H                 1.7499832140    1.7502881903   -3.5129593844    
 AT0mH2       H                 1.3982687426    1.2169371226   -3.5331347377    
 AT0mH3       H                 1.1158674258    1.7818312028   -3.5082727218    
 AT0m1C       C                 1.7463122487    1.7401364272   -3.2404012229    
 AT0m2C       C                 1.4090026818    1.2087833429   -3.2605846791    
 AT0m3C       C                 1.1195416137    1.7655360204   -3.2360221001    
 AT0mH4       H                 1.9684881851    1.6060486429   -3.1582086466    
 AT0mH5       H                 0.8892418083    1.6444006983   -3.1560913591    
 AT0mH6       H                 1.6282783546    1.0641431380   -3.1891649540    
 AT0mH7       H                 1.1872324603    1.0787894260   -3.1709539781    
 AT0mH8       H                 1.1240376140    2.0183205040   -3.1351023544    
 AT0mH9       H                 1.7590329403    1.9950728761   -3.1455169914    
 AT00CC       C                 1.4262960712    1.5658966566   -3.1267156232    
 AT0P01       P                 1.4286821329    1.5743048798   -2.6725375764    
 AT0dPO       O                 1.4489900608    1.9070859030   -2.5081402906    
 AT0ox1       O                 1.7356910359    1.3245908832   -2.5731847012    
 AT0ox2       O                 1.0936375060    1.3637882243   -2.5708132273    
 ATpoh1       H                 1.8472244821    1.4169514993   -2.3791315806    
 ATpoh2       H                 0.9928889624    1.4735249643   -2.3798298374    
origin offset
   0.00000000  0.00000000  0.00000000
 symmetry center
   0.00000000  0.00000000  0.00000000
kgrid
    2   2   0
end setup phase data
 >>>> Total number of electrons=              50.0000000000
 >>>> Minimum number of occupied states=          25
 >>>> Number of basis functions, norb=         170
 ************** VERSION 2.65 CHANGE: ***************
 **** grid range default changed from 2.d-7 to 2.d-8
 **** This will cause numerical changes in results
 **** To recover pre-2.65, use input cutgrd/2.d-7
 ***************************************************
run phase input data
no ges
iterations
   55
blend ratio
   0.20000000
convergence criterion
   0.00190000
geometry relaxation
gmethod
asd
gfixed
   13   17 => fixed atom sequence
gsteps
   10
end geometry relaxation

 >>>> Relax params (gstop,gblend,gconv,atoms-relaxd):
 >>>>     10  1.5000000  0.000800000000     14

end run phase data
cutXXX for code (grd,slo,ii,1c)
   2.00000000D-08  1.00000000D-01  1.00000000D-02  1.00000000D-04
cutall for code (s,t,nl,loc;frc)
   3.00000000D-09  3.00000000D-09  1.50000000D-07  6.00000000D-08
   3.00000000D-07  3.00000000D-07  5.00000000D-06  6.00000000D-06
 
 ##### output #####
 
 MPINFO::: Local Communicator         :::
 MPINFO::: Local Context = ****       :::
 MPINFO::: Local Size =      19       :::
 MPINFO::: Local Root =       0       :::
 MPINFO::: Local Rank =       0       :::
 Maximum record length (r8) for i/o=     1000000
 Flavor of dft that will be used for this run=PBE   
 ***** Note: basis transformed to split basis form
 IBZ Bloch vectors, total=           2           4
   K#       wt               k-vector:(r);(g)
     1    2.000000    0.051530  0.051530  0.000000    0.2500  0.2500  0.0000
     2    2.000000    0.154591  0.051530  0.000000    0.7500  0.2500  0.0000
  
 LATVEC: nlat1c,nlat2c,nlat =           3           5           5
 
  Atom
  Type  Shell  Min-alf     range
    1        0.060634  12.090689
    2        0.080000  10.526019
    3        0.129289   8.279963
    4        0.102474   9.300415
    5        0.143749   7.852478
    6        0.095999   9.608947
 Turnover EF->DM npopdm, npop0k=          63          25
 DEV264h/wkmem: perlsolv dist-mem
 DEV/wkmem: KPSTORE= T
 DEV/wkmem: psolv version, input do_psolv= F

 Need       38750-length r*4 array to pack grid wfcns/box
 Need     4282100-length r*4 array to pack all grid wfcns
 Need       38750-length r*4 array for grid wfcns scratch
 WKMEM: using stripe-parallel+Merge  setup
 WKMEM: Use serial complex solver in PSCHROED2
 Minimum maxwkd for scf to complete=   116138378
 All grid wfcns stored in   2141050 of 120450282 available
 WKMEM: in-core Broyden! uses     28900 out of 118309232 available
 >>>>> geom/basis data saved to file
  
 Atom type   1  radial valence charge =    7.999999861627
 Atom type   1    core charge =    1.826156845234
  
 Atom type   2  radial valence charge =    9.999999869126
 Atom type   2    core charge =    5.362408557932
  
 Atom type   3  radial valence charge =    5.999995363882
 Atom type   3      xc valence charge =    6.499995360087
  
 Atom type   4  radial valence charge =    0.999999985299
  
 Atom type   5  radial valence charge =    3.999996877569
  
 Atom type   6  radial valence charge =    4.999999641069
 mat0set: stripe-parallel, KPSTORE= T

   sij compute    +    0.94 =       3.2 seconds wall (    0.01 usr    0.00 sys)

   sij/nlat-bcast +    0.00 =       3.2 seconds wall (    0.00 usr    0.00 sys)

   vlocmat compute+    0.03 =       3.2 seconds wall (    0.02 usr    0.00 sys)

   vlocmii compute+    0.00 =       3.2 seconds wall (    0.00 usr    0.00 sys)

   nlocmat compute+    0.03 =       3.2 seconds wall (    0.02 usr    0.00 sys)
 NLOCMAT: Max neqilat=           1

 After mat0set    +    0.07 =       3.3 seconds wall (    0.01 usr    0.00 sys)

 grid0xc compute+    1.72 =       5.0 seconds wall (    1.10 usr    0.00 sys)

 grid0xc Merge  +    0.17 =       5.2 seconds wall (    0.17 usr    0.00 sys)

 grid0xc Bcast  +    1.02 =       6.2 seconds wall (    0.99 usr    0.00 sys)
 

 AFTER SETUP PHASE+    3.33 =       9.6 seconds wall (    1.37 usr    0.00 sys)
 
  
 *************************  iteration   0 begins here  *************************


 Before iterations+    0.32 =       9.9 seconds wall (    0.27 usr    0.00 sys)
  
 grid-integrated valence-density total =       49.9999940223
 Harris Fcnal XC piece=       13.7396177028
  
  

 After 0 iteration+    1.70 =      11.6 seconds wall (    1.59 usr    0.00 sys)
 *************************  iteration   1 begins here  *************************

 PEIGSOLV: do_eigvecs,do_eigpops,do_kppsolve,do_psolv= T T F F
 DEV/PEIGSOLV: smaller PRHOIJ stripe/transpose
 PEIGSOLV0: do_psolv,do_eigvecs,do_eigpops= F T T

 eigsolv/begin      +    0.02 =      11.6 seconds wall (    0.00 usr    0.00 sys)
 PEIGSOLV: single-proc solves
 PSCHROED2: k-parallel single-processor solver, nk=           2

 eigsolv/schroedkp  +    0.03 =      11.6 seconds wall (    0.03 usr    0.00 sys)

 eigsolv/pop        +    0.00 =      11.6 seconds wall (    0.00 usr    0.00 sys)
 DMAT: all-parallel stripe/merge dmat(k)
 PRHOIJ(06): compact stripe+transpose

 eigsolv/rhoij      +    0.01 =      11.6 seconds wall (    0.00 usr    0.00 sys)
 
         fermi level =   -0.294798 Ry,   gap(0K)= 0.570046 Ry = 7.756 eV

 k-vector:       1                    2
  weight:    0.500000             0.500000
            level    occup       level    occup
  
    1    -1.945478  2.0000    -1.945478  2.0000
    2    -1.855095  2.0000    -1.855095  2.0000
    3    -1.834072  2.0000    -1.834072  2.0000
    4    -1.596464  2.0000    -1.596464  2.0000
    5    -1.359028  2.0000    -1.359028  2.0000
    6    -1.358068  2.0000    -1.358068  2.0000
    7    -1.174223  2.0000    -1.174223  2.0000
    8    -1.040837  2.0000    -1.040837  2.0000
    9    -0.931925  2.0000    -0.931925  2.0000
   10    -0.927355  2.0000    -0.927355  2.0000
   11    -0.898831  2.0000    -0.898831  2.0000
   12    -0.871706  2.0000    -0.871706  2.0000
   13    -0.868260  2.0000    -0.868260  2.0000
   14    -0.800784  2.0000    -0.800784  2.0000
   15    -0.783224  2.0000    -0.783224  2.0000
   16    -0.764346  2.0000    -0.764346  2.0000
   17    -0.753459  2.0000    -0.753459  2.0000
   18    -0.744599  2.0000    -0.744599  2.0000
   19    -0.703267  2.0000    -0.703267  2.0000
   20    -0.701455  2.0000    -0.701455  2.0000
   21    -0.686836  2.0000    -0.686836  2.0000
   22    -0.639606  2.0000    -0.639606  2.0000
   23    -0.615314  2.0000    -0.615314  2.0000
   24    -0.580306  2.0000    -0.580306  2.0000
   25    -0.579821  2.0000    -0.579821  2.0000
   26    -0.009775  0.0000    -0.009775  0.0000
   27     0.045963  0.0000     0.045963  0.0000
   28     0.057475  0.0000     0.057475  0.0000
   29     0.065065  0.0000     0.065065  0.0000
   30     0.108659  0.0000     0.108659  0.0000
   31     0.118565  0.0000     0.118565  0.0000
   32     0.123861  0.0000     0.123861  0.0000
   33     0.141009  0.0000     0.141009  0.0000
             ...      ...         ...      ...
   35     0.149611  0.0000     0.149611  0.0000
  
 delta movement in electrons =        6.4358714609
 
 one-center local charge defect =         0.00000068
 Slab dipole removed using vacuum LMCC
 Vacuum level[Ry]@z(+),z(-)=  1.227546009922791E-003 -1.227546009922791E-003
 Using LMCC treatment of supercell electrostatics
 DBG/LMCCINT, esns diagnostics redone
 ***** Warning: No reference term in LMCC
 LMCC chemical potential shift(Ry,eV)=        0.0000000000        0.0000000001
 LMCC esns total grid integral=        0.7160154912
  
 grid-integrated valence-density total =       49.9999638372
  
 TOTAL single particle eigenvalue sum=       -50.0287181415
  
 rms,max scfchange=  1.8528D-02  5.0864D-01 for component#     49250
 electronic meth_bl(BROYDEN)=           1
 EBROYDDJ: in-core history
>>>>> Broyden: first step (elec) simple blend ratio= 0.200000
<<<<< Broyden step complete, scf step=     1

 After blending   +   12.63 =      24.3 seconds wall (    9.31 usr    0.00 sys)
  
 *************************  iteration   2 begins here  *************************

 PEIGSOLV: do_eigvecs,do_eigpops,do_kppsolve,do_psolv= T T F F
 DEV/PEIGSOLV: smaller PRHOIJ stripe/transpose
 PEIGSOLV0: do_psolv,do_eigvecs,do_eigpops= F T T

 eigsolv/begin      +    0.00 =      24.3 seconds wall (    0.00 usr    0.00 sys)
 PEIGSOLV: single-proc solves
 PSCHROED2: k-parallel single-processor solver, nk=           2

 eigsolv/schroedkp  +    0.02 =      24.3 seconds wall (    0.01 usr    0.00 sys)

 eigsolv/pop        +    0.00 =      24.3 seconds wall (    0.00 usr    0.00 sys)
 DMAT: all-parallel stripe/merge dmat(k)
 PRHOIJ(06): compact stripe+transpose

 eigsolv/rhoij      +    0.00 =      24.3 seconds wall (    0.00 usr    0.00 sys)
 
         fermi level =   -0.270052 Ry,   gap(0K)= 0.527110 Ry = 7.172 eV
  
 delta movement in electrons =        5.6307127127
 
 one-center local charge defect =         0.00000125
 Slab dipole removed using vacuum LMCC
 Vacuum level[Ry]@z(+),z(-)=  2.052720615400463E-003 -2.052720615400463E-003
 Using LMCC treatment of supercell electrostatics
 DBG/LMCCINT, esns diagnostics redone
 ***** Warning: No reference term in LMCC
 LMCC chemical potential shift(Ry,eV)=        0.0000000000        0.0000000003
 LMCC esns total grid integral=        0.4280615573
  
 grid-integrated valence-density total =       49.9999588726
  
 TOTAL single particle eigenvalue sum=       -48.3768784471
  
 rms,max scfchange=  9.7592D-03  1.9379D-01 for component#     27019
 electronic meth_bl(BROYDEN)=           1
>>>>> Broyden blend to get next step - elec
<<<<< Broyden step complete, scf step=     2

 After blending   +   12.09 =      36.4 seconds wall (    9.25 usr    0.00 sys)
  
 *************************  iteration   3 begins here  *************************

 PEIGSOLV: do_eigvecs,do_eigpops,do_kppsolve,do_psolv= T T F F
 DEV/PEIGSOLV: smaller PRHOIJ stripe/transpose
 PEIGSOLV0: do_psolv,do_eigvecs,do_eigpops= F T T

 eigsolv/begin      +    0.00 =      36.4 seconds wall (    0.00 usr    0.00 sys)
 PEIGSOLV: single-proc solves
 PSCHROED2: k-parallel single-processor solver, nk=           2

 eigsolv/schroedkp  +    0.02 =      36.4 seconds wall (    0.01 usr    0.00 sys)

 eigsolv/pop        +    0.00 =      36.4 seconds wall (    0.00 usr    0.00 sys)
 DMAT: all-parallel stripe/merge dmat(k)
 PRHOIJ(06): compact stripe+transpose

 eigsolv/rhoij      +    0.00 =      36.4 seconds wall (    0.00 usr    0.00 sys)
 
         fermi level =   -0.251487 Ry,   gap(0K)= 0.477394 Ry = 6.495 eV
  
 delta movement in electrons =        5.0042355198
 
 one-center local charge defect =         0.00000222
 Slab dipole removed using vacuum LMCC
 Vacuum level[Ry]@z(+),z(-)=  3.702726675811784E-003 -3.702726675811784E-003
 Using LMCC treatment of supercell electrostatics
 DBG/LMCCINT, esns diagnostics redone
 ***** Warning: No reference term in LMCC
 LMCC chemical potential shift(Ry,eV)=        0.0000000001        0.0000000011
 LMCC esns total grid integral=        0.2519776038
  
 grid-integrated valence-density total =       49.9999538117
  
 TOTAL single particle eigenvalue sum=       -46.9208628938
  
 rms,max scfchange=  1.8893D-03  7.9139D-02 for component#     55919
 electronic meth_bl(BROYDEN)=           1
>>>>> Broyden blend to get next step - elec
<<<<< Broyden step complete, scf step=     3

 After blending   +   11.95 =      48.3 seconds wall (    9.54 usr    0.00 sys)
  
 *************************  iteration   4 begins here  *************************

 PEIGSOLV: do_eigvecs,do_eigpops,do_kppsolve,do_psolv= T T F F
 DEV/PEIGSOLV: smaller PRHOIJ stripe/transpose
 PEIGSOLV0: do_psolv,do_eigvecs,do_eigpops= F T T

 eigsolv/begin      +    0.10 =      48.4 seconds wall (    0.00 usr    0.00 sys)
 PEIGSOLV: single-proc solves
 PSCHROED2: k-parallel single-processor solver, nk=           2

 eigsolv/schroedkp  +    0.02 =      48.4 seconds wall (    0.01 usr    0.00 sys)

 eigsolv/pop        +    0.00 =      48.4 seconds wall (    0.00 usr    0.00 sys)
 DMAT: all-parallel stripe/merge dmat(k)
 PRHOIJ(06): compact stripe+transpose

 eigsolv/rhoij      +    0.27 =      48.7 seconds wall (    0.26 usr    0.00 sys)
 
         fermi level =   -0.261070 Ry,   gap(0K)= 0.483680 Ry = 6.581 eV
  
 delta movement in electrons =        5.0081951611
 
 one-center local charge defect =         0.00000265
 Slab dipole removed using vacuum LMCC
 Vacuum level[Ry]@z(+),z(-)=  4.513761977434340E-003 -4.513761977434340E-003
 Using LMCC treatment of supercell electrostatics
 DBG/LMCCINT, esns diagnostics redone
 ***** Warning: No reference term in LMCC
 LMCC chemical potential shift(Ry,eV)=        0.0000000001        0.0000000016
 LMCC esns total grid integral=        0.2579449744
  
 grid-integrated valence-density total =       49.9999539852
  
 TOTAL single particle eigenvalue sum=       -47.1613258098
  
 rms,max scfchange=  1.2208D-03  4.2870D-02 for component#     55919
 electronic meth_bl(BROYDEN)=           1
>>>>> Broyden blend to get next step - elec
<<<<< Broyden step complete, scf step=     4

 After blending   +   11.52 =      60.2 seconds wall (    9.21 usr    0.00 sys)
  
 *************************  iteration   5 begins here  *************************

 PEIGSOLV: do_eigvecs,do_eigpops,do_kppsolve,do_psolv= T T F F
 DEV/PEIGSOLV: smaller PRHOIJ stripe/transpose
 PEIGSOLV0: do_psolv,do_eigvecs,do_eigpops= F T T

 eigsolv/begin      +    0.00 =      60.2 seconds wall (    0.00 usr    0.00 sys)
 PEIGSOLV: single-proc solves
 PSCHROED2: k-parallel single-processor solver, nk=           2

 eigsolv/schroedkp  +    0.01 =      60.2 seconds wall (    0.01 usr    0.00 sys)

 eigsolv/pop        +    0.00 =      60.2 seconds wall (    0.00 usr    0.00 sys)
 DMAT: all-parallel stripe/merge dmat(k)
 PRHOIJ(06): compact stripe+transpose

 eigsolv/rhoij      +    0.01 =      60.3 seconds wall (    0.00 usr    0.00 sys)
 
         fermi level =   -0.257444 Ry,   gap(0K)= 0.470449 Ry = 6.401 eV
  
 delta movement in electrons =        4.9606108438
 
 one-center local charge defect =         0.00000285
 Slab dipole removed using vacuum LMCC
 Vacuum level[Ry]@z(+),z(-)=  4.163501458633188E-003 -4.163501458633188E-003
 Using LMCC treatment of supercell electrostatics
 DBG/LMCCINT, esns diagnostics redone
 ***** Warning: No reference term in LMCC
 LMCC chemical potential shift(Ry,eV)=        0.0000000001        0.0000000014
 LMCC esns total grid integral=        0.2436413113
  
 grid-integrated valence-density total =       49.9999534203
  
 TOTAL single particle eigenvalue sum=       -47.1193332052
  
 rms,max scfchange=  6.7202D-04  3.7500D-02 for component#     20350
 electronic meth_bl(BROYDEN)=           1
>>>>> Broyden blend to get next step - elec
<<<<< Broyden step complete, scf step=     5

 After blending   +   11.79 =      72.0 seconds wall (    9.20 usr    0.00 sys)
  
 *************************  iteration   6 begins here  *************************

 PEIGSOLV: do_eigvecs,do_eigpops,do_kppsolve,do_psolv= T T F F
 DEV/PEIGSOLV: smaller PRHOIJ stripe/transpose
 PEIGSOLV0: do_psolv,do_eigvecs,do_eigpops= F T T

 eigsolv/begin      +    0.01 =      72.1 seconds wall (    0.00 usr    0.00 sys)
 PEIGSOLV: single-proc solves
 PSCHROED2: k-parallel single-processor solver, nk=           2

 eigsolv/schroedkp  +    0.02 =      72.1 seconds wall (    0.01 usr    0.00 sys)

 eigsolv/pop        +    0.00 =      72.1 seconds wall (    0.00 usr    0.00 sys)
 DMAT: all-parallel stripe/merge dmat(k)
 PRHOIJ(06): compact stripe+transpose

 eigsolv/rhoij      +    0.01 =      72.1 seconds wall (    0.00 usr    0.00 sys)
 
         fermi level =   -0.260683 Ry,   gap(0K)= 0.470514 Ry = 6.402 eV
  
 delta movement in electrons =        4.9676785261
 
 one-center local charge defect =         0.00000309
 Slab dipole removed using vacuum LMCC
 Vacuum level[Ry]@z(+),z(-)=  4.295212945078232E-003 -4.295212945078232E-003
 Using LMCC treatment of supercell electrostatics
 DBG/LMCCINT, esns diagnostics redone
 ***** Warning: No reference term in LMCC
 LMCC chemical potential shift(Ry,eV)=        0.0000000001        0.0000000015
 LMCC esns total grid integral=        0.2466987988
  
 grid-integrated valence-density total =       49.9999536281
  
 TOTAL single particle eigenvalue sum=       -47.2504794348
  
 rms,max scfchange=  1.7261D-04  8.2840D-03 for component#     49250
 electronic meth_bl(BROYDEN)=           1
>>>>> Broyden blend to get next step - elec
 Broyden: limit-history, dropping oldest
<<<<< Broyden step complete, scf step=     6

 After blending   +   11.41 =      83.5 seconds wall (    8.53 usr    0.00 sys)
  
 *************************  iteration   7 begins here  *************************

 PEIGSOLV: do_eigvecs,do_eigpops,do_kppsolve,do_psolv= T T F F
 DEV/PEIGSOLV: smaller PRHOIJ stripe/transpose
 PEIGSOLV0: do_psolv,do_eigvecs,do_eigpops= F T T

 eigsolv/begin      +    0.00 =      83.5 seconds wall (    0.00 usr    0.00 sys)
 PEIGSOLV: single-proc solves
 PSCHROED2: k-parallel single-processor solver, nk=           2

 eigsolv/schroedkp  +    0.01 =      83.5 seconds wall (    0.01 usr    0.00 sys)

 eigsolv/pop        +    0.00 =      83.5 seconds wall (    0.00 usr    0.00 sys)
 DMAT: all-parallel stripe/merge dmat(k)
 PRHOIJ(06): compact stripe+transpose

 eigsolv/rhoij      +    0.01 =      83.5 seconds wall (    0.00 usr    0.00 sys)
 
         fermi level =   -0.261100 Ry,   gap(0K)= 0.470266 Ry = 6.398 eV
  
 delta movement in electrons =        4.9679962978
 
 one-center local charge defect =         0.00000318
 Slab dipole removed using vacuum LMCC
 Vacuum level[Ry]@z(+),z(-)=  4.300636545092705E-003 -4.300636545092705E-003
 Using LMCC treatment of supercell electrostatics
 DBG/LMCCINT, esns diagnostics redone
 ***** Warning: No reference term in LMCC
 LMCC chemical potential shift(Ry,eV)=        0.0000000001        0.0000000015
 LMCC esns total grid integral=        0.2471563621
  
 grid-integrated valence-density total =       49.9999537010
  
 TOTAL single particle eigenvalue sum=       -47.2647247502
  
 rms,max scfchange=  3.6833D-05  9.0372D-04 for component#     20350
 ######################  ENERGY ANALYSIS  #######################
    Spherical-atom es ENERGY correction =      -132.0195264647
    Full spherical atom trace ENERGY =          -77.4822578904
    Spherical-atom-Vxc trace ENERGY =            87.6871031658
    non-spherical es ENERGY =                     0.2471577695
    Total Exc ENERGY =                          -46.5286048198
 
    total kinetic trace ENERGY =          122.7292882402
    non-local ps-pot trace ENERGY =        18.5330730551
    total electrostatic ENERGY =         -262.8298847150
    Total Vxc ENERGY =                    -60.3949773371
 
    TOTAL ENERGY (Rydberg) =                   -168.0961282396
 
 ################################################################

 After blending   +   12.23 =      95.7 seconds wall (    8.76 usr    0.00 sys)
  
 >>>>> self-consistency achieved, iteration   7

 Final (+z) VACUUM level(Ry)=        0.0043006365
 Final (-z) VACUUM level(Ry)=       -0.0043006365

 Final GAP(eV)=  6.3983
 
         fermi level =   -0.261100 Ry,   gap(0K)= 0.470266 Ry = 6.398 eV

 k-vector:       1                    2
  weight:    0.500000             0.500000
            level    occup       level    occup
  
    1    -1.966551  2.0000    -1.966551  2.0000
    2    -1.886074  2.0000    -1.886074  2.0000
    3    -1.749581  2.0000    -1.749581  2.0000
    4    -1.509005  2.0000    -1.509005  2.0000
    5    -1.261639  2.0000    -1.261640  2.0000
    6    -1.260379  2.0000    -1.260380  2.0000
    7    -1.180929  2.0000    -1.180929  2.0000
    8    -1.004551  2.0000    -1.004551  2.0000
    9    -0.972463  2.0000    -0.972463  2.0000
   10    -0.870853  2.0000    -0.870853  2.0000
   11    -0.836413  2.0000    -0.836413  2.0000
   12    -0.797815  2.0000    -0.797815  2.0000
   13    -0.794706  2.0000    -0.794706  2.0000
   14    -0.760003  2.0000    -0.760003  2.0000
   15    -0.714853  2.0000    -0.714853  2.0000
   16    -0.703260  2.0000    -0.703260  2.0000
   17    -0.691069  2.0000    -0.691069  2.0000
   18    -0.659395  2.0000    -0.659395  2.0000
   19    -0.636176  2.0000    -0.636176  2.0000
   20    -0.611738  2.0000    -0.611738  2.0000
   21    -0.610452  2.0000    -0.610452  2.0000
   22    -0.583160  2.0000    -0.583160  2.0000
   23    -0.576940  2.0000    -0.576940  2.0000
   24    -0.498124  2.0000    -0.498124  2.0000
   25    -0.496233  2.0000    -0.496233  2.0000
   26    -0.025967  0.0000    -0.025967  0.0000
   27     0.037152  0.0000     0.037152  0.0000
   28     0.051412  0.0000     0.051412  0.0000
   29     0.081219  0.0000     0.081219  0.0000
   30     0.116996  0.0000     0.116996  0.0000
   31     0.128131  0.0000     0.128132  0.0000
   32     0.167670  0.0000     0.167670  0.0000
   33     0.168783  0.0000     0.168783  0.0000
             ...      ...         ...      ...
   35     0.175509  0.0000     0.175509  0.0000
  
 >>>>> grid delta-density saved to file
 ### ATOM POSITIONS: name, type, x,y,z (Bohr) ###
 AT0mH1       H                13.3361670783   13.3384912233   23.2286499009 
 AT0mH2       H                10.6558425375    9.2739614077   23.0748987790 
 AT0mH3       H                 8.5037355265   13.5788723204   23.2643657381 
 AT0m1C       C                13.3081916062   13.2611272762   25.3057447846 
 AT0m2C       C                10.7376430973    9.2118235726   25.1519319126 
 AT0m3C       C                 8.5317355572   13.4546909721   25.3391169409 
 AT0mH4       H                15.0013366517   12.2392791349   25.9321130385 
 AT0mH5       H                 6.7766806182   12.5315501776   25.9482483361 
 AT0mH6       H                12.4086859880    8.1095581775   25.6962030685 
 AT0mH7       H                 9.0475898995    8.2211737303   25.8349841809 
 AT0mH8       H                 8.5659984065   15.3810957977   26.1082000837 
 AT0mH9       H                13.4051326895   15.2039316698   26.0288328430 
 AT00CC       C                10.8694315216   11.9332912868   26.1721131817 
 AT0P01       P                10.8876150775   11.9973681697   29.6332859900 
 AT0dPO       O                11.0423765159   14.5334058244   30.8861149618 
 AT0ox1       O                13.2272501049   10.0943627272   30.3904284202 
 AT0ox2       O                 8.3343270875   10.3930754725   30.4085008062 
 ATpoh1       H                14.0772174997   10.7982189688   31.8692567985 
 ATpoh2       H                 7.5665486313   11.2293506364   31.8639355649 
 ##### Z-AVERAGE DENSITY and POTENTIAL #####
spacing of points
 0.2500000 Bohr
number of points in z-direction
   400
 PLANAR GRID AVERAGE OF del-density (e/bohr^3)
 Global average: -4.33930127D-10 Planar averages:
   0.0000000D+00  0.0000000D+00  0.0000000D+00  0.0000000D+00  0.0000000D+00
   0.0000000D+00  0.0000000D+00  0.0000000D+00  0.0000000D+00  0.0000000D+00
   0.0000000D+00  0.0000000D+00  0.0000000D+00  0.0000000D+00  0.0000000D+00
   0.0000000D+00  0.0000000D+00  0.0000000D+00  0.0000000D+00  0.0000000D+00
   0.0000000D+00  0.0000000D+00  0.0000000D+00  0.0000000D+00  0.0000000D+00
   0.0000000D+00  0.0000000D+00  0.0000000D+00  0.0000000D+00  0.0000000D+00
   0.0000000D+00  0.0000000D+00  0.0000000D+00  0.0000000D+00  0.0000000D+00
   0.0000000D+00  0.0000000D+00  0.0000000D+00  0.0000000D+00  0.0000000D+00
   0.0000000D+00  0.0000000D+00  0.0000000D+00  0.0000000D+00  0.0000000D+00
   0.0000000D+00  0.0000000D+00  0.0000000D+00  0.0000000D+00  0.0000000D+00
   0.0000000D+00  0.0000000D+00  0.0000000D+00  0.0000000D+00  0.0000000D+00
  -3.8070081D-13 -9.8597470D-13 -2.4891931D-12 -6.1257922D-12 -1.4695243D-11
  -3.3469299D-11 -7.6288277D-11 -1.6950453D-10 -3.6712765D-10 -7.7511321D-10
  -1.6080302D-09 -3.2313280D-09 -6.3312256D-09 -1.2096025D-08 -2.2536779D-08
  -3.7078027D-08 -6.3980834D-08 -1.0705059D-07 -1.7356069D-07 -2.7256321D-07
  -4.1692870D-07 -6.1696580D-07 -8.8904908D-07 -1.2544479D-06 -1.7484130D-06
  -2.4337306D-06 -3.4433863D-06 -5.0242219D-06 -7.6418964D-06 -1.2138798D-05
  -1.9980789D-05 -3.3605658D-05 -5.6588792D-05 -9.2738181D-05 -1.4229819D-04
  -1.9517061D-04 -2.2502954D-04 -1.8791807D-04 -3.4637101D-05  1.8302671D-04
   3.0846796D-04  2.7370770D-04  9.9654020D-05 -1.0334081D-04 -1.8202326D-04
  -7.2632889D-05  1.6940139D-04  3.7843701D-04  3.5326977D-04  1.3738927D-04
  -6.5149884D-05 -1.8569831D-04 -2.1833160D-04 -1.7068906D-04 -8.3105659D-05
  -7.5856340D-06  2.9413564D-05  2.3383502D-05 -2.0012578D-05 -8.5006967D-05
  -1.4159193D-04 -1.5024153D-04 -8.3060651D-05  5.2116721D-05  2.1143432D-04
   3.2378005D-04  3.0064003D-04  1.4652010D-04  3.7212461D-05  8.3285798D-05
   1.5268248D-04  9.8028334D-05 -6.2052358D-05 -1.9120516D-04 -2.1047947D-04
  -1.6866020D-04 -1.0922046D-04 -5.6992579D-05 -2.0961098D-05 -4.1986859D-07
   8.9751821D-06  1.1586141D-05  1.0622047D-05  8.2178674D-06  5.6230055D-06
   3.4404370D-06  1.8599437D-06  8.4305885D-07  2.6162339D-07 -2.5561363D-08
  -1.3665824D-07 -1.5442010D-07 -1.3207765D-07 -9.8489870D-08 -6.7187102D-08
  -4.3055069D-08 -2.6015807D-08 -1.5014893D-08 -8.3192559D-09 -4.4410195D-09
  -2.3959448D-09 -1.1830174D-09 -5.6766078D-10 -2.6486305D-10 -1.2022594D-10
  -5.1973012D-11 -2.2297071D-11 -9.3237754D-12 -3.8002297D-12 -1.5097393D-12
  -2.0802052D-14 -7.8535064D-15 -2.8899814D-15 -1.0365745D-15 -3.6239320D-16
   0.0000000D+00  0.0000000D+00  0.0000000D+00  0.0000000D+00  0.0000000D+00
   0.0000000D+00  0.0000000D+00  0.0000000D+00  0.0000000D+00  0.0000000D+00
   0.0000000D+00  0.0000000D+00  0.0000000D+00  0.0000000D+00  0.0000000D+00
   0.0000000D+00  0.0000000D+00  0.0000000D+00  0.0000000D+00  0.0000000D+00
   0.0000000D+00  0.0000000D+00  0.0000000D+00  0.0000000D+00  0.0000000D+00
   0.0000000D+00  0.0000000D+00  0.0000000D+00  0.0000000D+00  0.0000000D+00
   0.0000000D+00  0.0000000D+00  0.0000000D+00  0.0000000D+00  0.0000000D+00
   0.0000000D+00  0.0000000D+00  0.0000000D+00  0.0000000D+00  0.0000000D+00
   0.0000000D+00  0.0000000D+00  0.0000000D+00  0.0000000D+00  0.0000000D+00
   0.0000000D+00  0.0000000D+00  0.0000000D+00  0.0000000D+00  0.0000000D+00
   0.0000000D+00  0.0000000D+00  0.0000000D+00  0.0000000D+00  0.0000000D+00
   0.0000000D+00  0.0000000D+00  0.0000000D+00  0.0000000D+00  0.0000000D+00
   0.0000000D+00  0.0000000D+00  0.0000000D+00  0.0000000D+00  0.0000000D+00
   0.0000000D+00  0.0000000D+00  0.0000000D+00  0.0000000D+00  0.0000000D+00
   0.0000000D+00  0.0000000D+00  0.0000000D+00  0.0000000D+00  0.0000000D+00
   0.0000000D+00  0.0000000D+00  0.0000000D+00  0.0000000D+00  0.0000000D+00
   0.0000000D+00  0.0000000D+00  0.0000000D+00  0.0000000D+00  0.0000000D+00
   0.0000000D+00  0.0000000D+00  0.0000000D+00  0.0000000D+00  0.0000000D+00
   0.0000000D+00  0.0000000D+00  0.0000000D+00  0.0000000D+00  0.0000000D+00
   0.0000000D+00  0.0000000D+00  0.0000000D+00  0.0000000D+00  0.0000000D+00
   0.0000000D+00  0.0000000D+00  0.0000000D+00  0.0000000D+00  0.0000000D+00
   0.0000000D+00  0.0000000D+00  0.0000000D+00  0.0000000D+00  0.0000000D+00
   0.0000000D+00  0.0000000D+00  0.0000000D+00  0.0000000D+00  0.0000000D+00
   0.0000000D+00  0.0000000D+00  0.0000000D+00  0.0000000D+00  0.0000000D+00
   0.0000000D+00  0.0000000D+00  0.0000000D+00  0.0000000D+00  0.0000000D+00
   0.0000000D+00  0.0000000D+00  0.0000000D+00  0.0000000D+00  0.0000000D+00
   0.0000000D+00  0.0000000D+00  0.0000000D+00  0.0000000D+00  0.0000000D+00
   0.0000000D+00  0.0000000D+00  0.0000000D+00  0.0000000D+00  0.0000000D+00
   0.0000000D+00  0.0000000D+00  0.0000000D+00  0.0000000D+00  0.0000000D+00
   0.0000000D+00  0.0000000D+00  0.0000000D+00  0.0000000D+00  0.0000000D+00
   0.0000000D+00  0.0000000D+00  0.0000000D+00  0.0000000D+00  0.0000000D+00
   0.0000000D+00  0.0000000D+00  0.0000000D+00  0.0000000D+00  0.0000000D+00
   0.0000000D+00  0.0000000D+00  0.0000000D+00  0.0000000D+00  0.0000000D+00
   0.0000000D+00  0.0000000D+00  0.0000000D+00  0.0000000D+00  0.0000000D+00
   0.0000000D+00  0.0000000D+00  0.0000000D+00  0.0000000D+00  0.0000000D+00
   0.0000000D+00  0.0000000D+00  0.0000000D+00  0.0000000D+00  0.0000000D+00
   0.0000000D+00  0.0000000D+00  0.0000000D+00  0.0000000D+00  0.0000000D+00
   0.0000000D+00  0.0000000D+00  0.0000000D+00  0.0000000D+00  0.0000000D+00
   0.0000000D+00  0.0000000D+00  0.0000000D+00  0.0000000D+00  0.0000000D+00
   0.0000000D+00  0.0000000D+00  0.0000000D+00  0.0000000D+00  0.0000000D+00
   0.0000000D+00  0.0000000D+00  0.0000000D+00  0.0000000D+00  0.0000000D+00
   0.0000000D+00  0.0000000D+00  0.0000000D+00  0.0000000D+00  0.0000000D+00
   0.0000000D+00  0.0000000D+00  0.0000000D+00  0.0000000D+00  0.0000000D+00
   0.0000000D+00  0.0000000D+00  0.0000000D+00  0.0000000D+00  0.0000000D+00
   0.0000000D+00  0.0000000D+00  0.0000000D+00  0.0000000D+00  0.0000000D+00
   0.0000000D+00  0.0000000D+00  0.0000000D+00  0.0000000D+00  0.0000000D+00
 PLANAR GRID AVERAGE OF electrostatic del-Ves (Ry)
 Global average:  2.56706281D-03 Planar averages:
  -4.3006365D-03 -4.3006972D-03 -4.3007585D-03 -4.3008205D-03 -4.3008832D-03
  -4.3009466D-03 -4.3010106D-03 -4.3010754D-03 -4.3011408D-03 -4.3012069D-03
  -4.3012737D-03 -4.3013411D-03 -4.3014093D-03 -4.3014781D-03 -4.3015476D-03
  -4.3016178D-03 -4.3016887D-03 -4.3017602D-03 -4.3018324D-03 -4.3019053D-03
  -4.3019789D-03 -4.3020532D-03 -4.3021282D-03 -4.3022038D-03 -4.3022801D-03
  -4.3023571D-03 -4.3024348D-03 -4.3025132D-03 -4.3025922D-03 -4.3026720D-03
  -4.3027524D-03 -4.3028335D-03 -4.3029153D-03 -4.3029977D-03 -4.3030809D-03
  -4.3031647D-03 -4.3032492D-03 -4.3033343D-03 -4.3034202D-03 -4.3035067D-03
  -4.3035940D-03 -4.3036819D-03 -4.3037705D-03 -4.3038597D-03 -4.3039497D-03
  -4.3040403D-03 -4.3041317D-03 -4.3042236D-03 -4.3043164D-03 -4.3044097D-03
  -4.3045038D-03 -4.3045985D-03 -4.3046939D-03 -4.3047899D-03 -4.3048868D-03
  -4.3049842D-03 -4.3050824D-03 -4.3051811D-03 -4.3052807D-03 -4.3053808D-03
  -4.3054816D-03 -4.3055830D-03 -4.3056851D-03 -4.3057874D-03 -4.3058900D-03
  -4.3059918D-03 -4.3060918D-03 -4.3061871D-03 -4.3062730D-03 -4.3063396D-03
  -4.3063714D-03 -4.3063436D-03 -4.3062143D-03 -4.3059140D-03 -4.3053381D-03
  -4.3043281D-03 -4.3026573D-03 -4.3000080D-03 -4.2959515D-03 -4.2899077D-03
  -4.2810945D-03 -4.2684162D-03 -4.2502576D-03 -4.2240730D-03 -4.1856447D-03
  -4.1277164D-03 -4.0376559D-03 -3.8935859D-03 -3.6588845D-03 -3.2766876D-03
  -2.6704206D-03 -1.7604935D-03 -5.0570215D-04  1.0283530D-03  2.6073541D-03
   3.9118943D-03  4.7533020D-03  5.1836700D-03  5.4616802D-03  5.8850215D-03
   6.5688504D-03  7.3487331D-03  7.8662122D-03  7.8219708D-03  7.2491233D-03
   6.4572431D-03  5.7567542D-03  5.3363817D-03  5.2482086D-03  5.4228124D-03
   5.7297706D-03  6.0538190D-03  6.3373576D-03  6.5891134D-03  6.8752358D-03
   7.2938609D-03  7.9285549D-03  8.7890593D-03  9.7708850D-03  1.0667538D-02
   1.1237990D-02  1.1318154D-02  1.0944738D-02  1.0334839D-02  9.6440370D-03
   8.8194023D-03  7.7724624D-03  6.5862218D-03  5.4929681D-03  4.6845226D-03
   4.1990013D-03  3.9761443D-03  3.9259445D-03  3.9674254D-03  4.0438966D-03
   4.1224728D-03  4.1878374D-03  4.2354571D-03  4.2665781D-03  4.2848071D-03
   4.2941490D-03  4.2980034D-03  4.2988631D-03  4.2983392D-03  4.2973667D-03
   4.2964097D-03  4.2956557D-03  4.2951375D-03  4.2948256D-03  4.2946673D-03
   4.2946156D-03  4.2946311D-03  4.2946881D-03  4.2947681D-03  4.2948613D-03
   4.2949606D-03  4.2950635D-03  4.2951673D-03  4.2952716D-03  4.2953754D-03
   4.2954790D-03  4.2955818D-03  4.2956842D-03  4.2957856D-03  4.2958866D-03
   4.2959867D-03  4.2960864D-03  4.2961851D-03  4.2962834D-03  4.2963808D-03
   4.2964777D-03  4.2965737D-03  4.2966693D-03  4.2967640D-03  4.2968581D-03
   4.2969514D-03  4.2970442D-03  4.2971362D-03  4.2972276D-03  4.2973182D-03
   4.2974083D-03  4.2974975D-03  4.2975862D-03  4.2976741D-03  4.2977614D-03
   4.2978480D-03  4.2979339D-03  4.2980191D-03  4.2981037D-03  4.2981875D-03
   4.2982707D-03  4.2983532D-03  4.2984350D-03  4.2985161D-03  4.2985966D-03
   4.2986763D-03  4.2987554D-03  4.2988338D-03  4.2989116D-03  4.2989886D-03
   4.2990650D-03  4.2991406D-03  4.2992156D-03  4.2992899D-03  4.2993636D-03
   4.2994365D-03  4.2995088D-03  4.2995804D-03  4.2996513D-03  4.2997215D-03
   4.2997911D-03  4.2998599D-03  4.2999281D-03  4.2999956D-03  4.3000624D-03
   4.3001286D-03  4.3001940D-03  4.3002588D-03  4.3003229D-03  4.3003863D-03
   4.3004490D-03  4.3005111D-03  4.3005724D-03  4.3006331D-03  4.3006931D-03
   4.3007524D-03  4.3008111D-03  4.3008690D-03  4.3009263D-03  4.3009829D-03
   4.3010388D-03  4.3010940D-03  4.3011486D-03  4.3012025D-03  4.3012557D-03
   4.3013082D-03  4.3013600D-03  4.3014111D-03  4.3014616D-03  4.3015113D-03
   4.3015605D-03  4.3016089D-03  4.3016566D-03  4.3017036D-03  4.3017500D-03
   4.3017957D-03  4.3018407D-03  4.3018850D-03  4.3019287D-03  4.3019716D-03
   4.3020139D-03  4.3020555D-03  4.3020964D-03  4.3021367D-03  4.3021762D-03
   4.3022151D-03  4.3022533D-03  4.3022908D-03  4.3023276D-03  4.3023638D-03
   4.3023992D-03  4.3024340D-03  4.3024681D-03  4.3025015D-03  4.3025343D-03
   4.3025663D-03  4.3025977D-03  4.3026284D-03  4.3026584D-03  4.3026877D-03
   4.3027164D-03  4.3027443D-03  4.3027716D-03  4.3027982D-03  4.3028241D-03
   4.3028494D-03  4.3028739D-03  4.3028978D-03  4.3029210D-03  4.3029435D-03
   4.3029654D-03  4.3029865D-03  4.3030070D-03  4.3030268D-03  4.3030459D-03
   4.3030643D-03  4.3030820D-03  4.3030991D-03  4.3031155D-03  4.3031312D-03
   4.3031462D-03  4.3031605D-03  4.3031742D-03  4.3031871D-03  4.3031994D-03
   4.3032110D-03  4.3032220D-03  4.3032322D-03  4.3032418D-03  4.3032506D-03
   4.3032588D-03  4.3032664D-03  4.3032732D-03  4.3032793D-03  4.3032848D-03
   4.3032896D-03  4.3032937D-03  4.3032971D-03  4.3032999D-03  4.3033019D-03
   4.3033033D-03  4.3033040D-03  4.3033041D-03  4.3033034D-03  4.3033020D-03
   4.3033000D-03  4.3032973D-03  4.3032939D-03  4.3032899D-03  4.3032851D-03
   4.3032797D-03  4.3032736D-03  4.3032668D-03  4.3032593D-03  4.3032511D-03
   4.3032423D-03  4.3032328D-03  4.3032225D-03  4.3032117D-03  4.3032001D-03
   4.3031878D-03  4.3031749D-03  4.3031613D-03  4.3031470D-03  4.3031320D-03
   4.3031164D-03  4.3031000D-03  4.3030830D-03  4.3030653D-03  4.3030469D-03
   4.3030279D-03  4.3030081D-03  4.3029877D-03  4.3029666D-03  4.3029448D-03
   4.3029223D-03  4.3028992D-03  4.3028753D-03  4.3028508D-03  4.3028256D-03
   4.3027997D-03  4.3027731D-03  4.3027459D-03  4.3027180D-03  4.3026894D-03
   4.3026601D-03  4.3026301D-03  4.3025995D-03  4.3025681D-03  4.3025361D-03
   4.3025034D-03  4.3024700D-03  4.3024360D-03  4.3024012D-03  4.3023658D-03
   4.3023297D-03  4.3022929D-03  4.3022554D-03  4.3022173D-03  4.3021784D-03
   4.3021389D-03  4.3020987D-03  4.3020579D-03  4.3020163D-03  4.3019741D-03
   4.3019311D-03  4.3018875D-03  4.3018432D-03  4.3017983D-03  4.3017526D-03
   4.3017063D-03  4.3016593D-03  4.3016116D-03  4.3015632D-03  4.3015142D-03
   4.3014644D-03  4.3014140D-03  4.3013629D-03  4.3013111D-03  4.3012587D-03
   4.3012055D-03  4.3011517D-03  4.3010972D-03  4.3010420D-03  4.3009861D-03
   4.3009295D-03  4.3008723D-03  4.3008144D-03  4.3007558D-03  4.3006965D-03
 ##### END Z-AVERAGE DENSITY and POTENTIAL #####
 
 FINAL CONVERGED ENERGY (Rydberg) =     -168.0961282396
 Binding energy =      -13.4241312396 Ry =           -182.6461 eV

 AFTER ITERATIONS +    0.41 =      96.1 seconds wall (    0.03 usr    0.00 sys)

 After ggastress  +    4.53 =     100.7 seconds wall (    4.34 usr    0.00 sys)
 
 atom xc0frc stress term=       38.8304935740
 mat0frc: stripe-parallel, KPSTORE= T
  
 total stress tensor, in Rydberg and in 10+2 N/m
           0.000496      0.000459          0.000042      0.000038
           0.000360      0.002173          0.000030      0.000182
 pressure=Tr(stress)/ndim=      0.001335 Ry=      0.000112 10+2 N/m
 total force contributions(Ry/bohr):
        atom       x force          y force          z force
          1      0.0000289887     0.0001714877     0.0003012830
          2     -0.0001462015     0.0000866236    -0.0002781792
          3      0.0000405443     0.0000724700     0.0000718699
          4      0.0002282896     0.0004313940     0.0003144657
          5     -0.0005157690     0.0001292942     0.0001402097
          6     -0.0002270743     0.0002534892     0.0001099624
          7     -0.0001142090    -0.0000257544    -0.0000058625
          8      0.0001515629     0.0000994621    -0.0000803026
          9     -0.0001946279     0.0000463247    -0.0002315195
         10     -0.0000021628     0.0000471895     0.0000184284
         11      0.0000084900     0.0000018078     0.0000464431
         12      0.0000171203    -0.0004816505    -0.0000855512
         13     -0.0000102549     0.0000756434    -0.0000253971
         14     -0.0009903727    -0.0037287882     0.0042680030
         15     -0.0000198556     0.0000925066    -0.0000222582
         16      0.0004936944     0.0001743504     0.0003329049
         17     -0.0000778144    -0.0002327179     0.0004913346
         18      0.0004157970     0.0005020395    -0.0003701978
         19     -0.0001662404     0.0002071220    -0.0004818356
      f-defect       -0.0010800952    -0.0020777061     0.0045138009

 AFTER FORCE RTNS +    0.89 =     101.6 seconds wall (    0.81 usr    0.00 sys)
  
 >>>>> GSELECT begins, nslics=           0
 <<<<< GSELECT ends
 rms,max force=  4.0201D-04  7.4965D-04 for component#       13
 
 ###############################################################################
 FINAL GEOMETRY for step   1, of   1 total
atom, type, position;  step#      1
 AT0mH1       H                 1.7499832140    1.7502881903   -3.5129593844 
 AT0mH2       H                 1.3982687426    1.2169371226   -3.5331347377 
 AT0mH3       H                 1.1158674258    1.7818312028   -3.5082727218 
 AT0m1C       C                 1.7463122487    1.7401364272   -3.2404012229 
 AT0m2C       C                 1.4090026818    1.2087833429   -3.2605846791 
 AT0m3C       C                 1.1195416137    1.7655360204   -3.2360221001 
 AT0mH4       H                 1.9684881851    1.6060486429   -3.1582086466 
 AT0mH5       H                 0.8892418083    1.6444006983   -3.1560913591 
 AT0mH6       H                 1.6282783546    1.0641431380   -3.1891649540 
 AT0mH7       H                 1.1872324603    1.0787894260   -3.1709539781 
 AT0mH8       H                 1.1240376140    2.0183205040   -3.1351023544 
 AT0mH9       H                 1.7590329403    1.9950728761   -3.1455169914 
 AT00CC       C                 1.4262960712    1.5658966566   -3.1267156232 
 AT0P01       P                 1.4286821329    1.5743048798   -2.6725375764 
 AT0dPO       O                 1.4489900608    1.9070859030   -2.5081402906 
 AT0ox1       O                 1.7356910359    1.3245908832   -2.5731847012 
 AT0ox2       O                 1.0936375060    1.3637882243   -2.5708132273 
 ATpoh1       H                 1.8472244821    1.4169514993   -2.3791315806 
 ATpoh2       H                 0.9928889624    1.4735249643   -2.3798298374 
 ###############################################################################

 FINAL RELAXED ENERGY =     -168.0961282396


 AFTER GEOMETRY   +    0.06 =     101.6 seconds wall (    0.00 usr    0.00 sys)
 Normal exit: RELAX DONE
 Total TIME=     101.6 seconds (usr=      75.0  sys=       0.0  lost=      26.6)
