 version 2.68: slics foundation version
 ========================================================================
    Program: SEQQUEST - LCAO-PS-DFT electronic structure code
    Version:  2.68e     Last revised: 29Mar20-PAS
    Copyright 2007 Sandia Corporation.

    Written by Peter A. Schultz (Sandia National Laboratories)
    Based on a code originally written by Peter J. Feibelman

    Documentation:  http://www.cs.sandia.gov/~paschul/Quest/
               and  http://dft.sandia.gov/Quest/
    Questions, comments to:  paschul@sandia.gov
 ========================================================================
  Maximum dimension parameters for this run are:
  
   maxwkd (r8 workspace)   = 220000000
   maxr1d (grid dimension) =       600
  
   norbd (basis fcns) =      8500
   natmd (atoms)      =       650     ntypd (atom types) =         7
   nshld (shell/atm)  =         7     noad  (bf/atm)     =        21
   nald  (gauss/shell)=         6     nrd   (rad pts/atm)=       200
   nkd   (kpts/ibz)   =      2000     nsymd (sym/group)  =        48
   nimgd (NEB images) =        12
  
   nlatd (lattice images)=      2000
   neq3d (do not ask) =        14
   Default record length (r8) for i/o=   1000000
 ------------------------------------------------------------------------

 Before input     +    0.01 =       0.0 seconds used (    0.00 usr    0.01 sys)
  
##### Run options:
 do setup                                                                        
 do iters                                                                        
 do force                                                                        
 do relax                                                                        
 do post                                                                         
 setup data                                                                      
 >>>>> Options (set/scf/frc/relax/cell/neb/md)= T T T T F F F
 >>>>> use blas3= T
 >>>>> split basis = T
 >>>>> Output level set =           2
 >>>> do_bands, do_optic, do_nonscf= F F F
setup data:
title
 Title line(s) for this run:
title2
functional
PBE
 vdw_potential type, default=OFF 
   OFF   
dimension of system (0=cluster ... 3=bulk)
  2
coordinates
CARTESIAN
scale
   7.62074000
 scalez factor: scale z-direction
   1.00000000
primitive lattice vectors
   1.00000000  0.00000000  0.00000000
   0.00000000  1.00000000  0.00000000
   0.00000000  0.00000000 80.00000000
 > Input Cell volume{bohr^3)=     4646.054252
grid dimensions
   36  36 400
 nearby option: 0=0,1=pt,2=wt
  2
atom types
  3
atom file
 Ba = Ba.atm
>>>>> atom type name=Ba          
type number, label:
  1 Ba                     
notes5
 notes for this atom file:
 Constructed by Peter A. Schultz, 31-October-2006
 Hamann-type ppot [D.R. Hamann,  PRB 40, 2980 (1989)]
 generated by fhi98PP [M.Fuchs,M.Scheffler, Comput.Phys.Commun. 119,67(1999)]
 ppot: p6s0.5[+1.5], l=2, Rpc=2.5,Rd=1.4; Def: Rs=x.xx, Rp6=x.xx
 basis: refined in 5-lyr bcc(100) slab, pp checked in oxide
energy - bcc/24^3/k16^3/pbe
  -3.19899990D+01
effective nuclear charge (p6d0s0.5[+1.5], Rpc=2.5,Rd=1.4 to 12.0)
   8.00000000D+00
pseudopotentials: Lmax, and effective gaussian range
  2   0.25000000
functional type used in generating potential:
 PBE    = dft fcnal used to generate pot
radial mesh: number of points for local and non-local pot integrals
 120 109
mesh points for nuclear potential;  ham1fh
      0.01250000  0.01324253  0.01402918  0.01486255  0.01574543  0.01668075
      0.01767163  0.01872137  0.01983348  0.02101164  0.02225979  0.02358208
      0.02498292  0.02646698  0.02803919  0.02970480  0.03146934  0.03333871
      0.03531912  0.03741717  0.03963986  0.04199457  0.04448917  0.04713195
      0.04993172  0.05289780  0.05604007  0.05936901  0.06289569  0.06663187
      0.07058999  0.07478323  0.07922556  0.08393178  0.08891756  0.09419950
      0.09979522  0.10572333  0.11200359  0.11865691  0.12570546  0.13317271
      0.14108354  0.14946429  0.15834288  0.16774889  0.17771363  0.18827031
      0.19945409  0.21130222  0.22385415  0.23715171  0.25123918  0.26616348
      0.28197433  0.29872438  0.31646944  0.33526860  0.35518448  0.37628342
      0.39863570  0.42231576  0.44740248  0.47397943  0.50213512  0.53196333
      0.56356343  0.59704065  0.63250652  0.67007916  0.70988371  0.75205277
      0.79672678  0.84405456  0.89419373  0.94731132  1.00358423  1.06319991
      1.12635693  1.19326564  1.26414892  1.33924287  1.41879760  1.50307810
      1.59236510  1.68695599  1.78716584  1.89332844  2.00579739  2.12494730
      2.25117505  2.38490107  2.52657080  2.67665609  2.83565687  3.00410273
      3.18255474  3.37160730  3.57189010  3.78407026  4.00885450  4.24699155
      4.49927460  4.76654395  5.04968985  5.34965540  5.66743973  6.00410133
      6.36076156  6.73860839  7.13890038  7.56297081  8.01223220  8.48818096
      8.99240239  9.52657597 10.09248094 10.69200223 11.32713674 12.00000000
radwts: weights for radial points
      0.00072132  0.00076416  0.00080956  0.00085765  0.00090859  0.00096257
      0.00101975  0.00108032  0.00114450  0.00121248  0.00128451  0.00136081
      0.00144165  0.00152729  0.00161801  0.00171412  0.00181595  0.00192382
      0.00203810  0.00215917  0.00228743  0.00242331  0.00256726  0.00271976
      0.00288133  0.00305248  0.00323381  0.00342591  0.00362942  0.00384501
      0.00407342  0.00431539  0.00457174  0.00484331  0.00513102  0.00543581
      0.00575871  0.00610080  0.00646320  0.00684714  0.00725387  0.00768477
      0.00814127  0.00862488  0.00913723  0.00968000  0.01025502  0.01086420
      0.01150956  0.01219326  0.01291758  0.01368492  0.01449784  0.01535905
      0.01627142  0.01723799  0.01826197  0.01934678  0.02049603  0.02171356
      0.02300340  0.02436987  0.02581750  0.02735114  0.02897587  0.03069712
      0.03252061  0.03445242  0.03649899  0.03866713  0.04096407  0.04339745
      0.04597538  0.04870644  0.05159974  0.05466490  0.05791215  0.06135229
      0.06499679  0.06885778  0.07294812  0.07728144  0.08187217  0.08673561
      0.09188794  0.09734634  0.10312898  0.10925513  0.11574518  0.12262077
      0.12990478  0.13762148  0.14579658  0.15445730  0.16363249  0.17335271
      0.18365035  0.19455968  0.20611707  0.21836099  0.23133224  0.24507401
      0.25963209  0.27505495  0.29139398  0.30870359  0.32704143  0.34646860
      0.36704979  0.38885356  0.41195254  0.43642366  0.46234844  0.48981321
      0.51890947  0.54973413  0.58238986  0.61698543  0.65363607  0.69246386
non-local potential: l,potential*integration weight
  0   0.91989895  0.91969776  0.91948461  0.91925879  0.91901955  0.91876609
      0.91849756  0.91821306  0.91791165  0.91759232  0.91725400  0.91689555
      0.91651579  0.91611344  0.91568715  0.91523549  0.91475695  0.91424993
      0.91371273  0.91314354  0.91254045  0.91190142  0.91122432  0.91050686
      0.90974662  0.90894104  0.90808738  0.90718277  0.90622413  0.90520822
      0.90413157  0.90299052  0.90178118  0.90049941  0.89914083  0.89770075
      0.89617424  0.89455601  0.89284048  0.89102169  0.88909331  0.88704861
      0.88488043  0.88258114  0.88014258  0.87755613  0.87481259  0.87190219
      0.86881451  0.86553844  0.86206211  0.85837283  0.85445702  0.85030015
      0.84588659  0.84119962  0.83622119  0.83093190  0.82531075  0.81933526
      0.81298156  0.80622320  0.79902777  0.79136115  0.78320631  0.77455907
      0.76541902  0.75580344  0.74575335  0.73532834  0.72459647  0.71362206
      0.70245167  0.69109711  0.67951051  0.66754774  0.65493003  0.64124485
      0.62605689  0.60915417  0.59076179  0.57136727  0.55106048  0.52909929
      0.50434849  0.47591051  0.44327292  0.40618445  0.36458689  0.31870142
      0.26929494  0.21814262  0.16849346  0.12307007  0.08378302  0.05240648
      0.02959885  0.01477228  0.00633812  0.00225434  0.00063247  0.00013010
      0.00001700  0.00000056 -0.00000043 -0.00000021 -0.00000009 -0.00000004
     -0.00000002  0.00000000  0.00000000  0.00000000  0.00000000  0.00000000
      0.00000000  0.00000000  0.00000000  0.00000000  0.00000000  0.00000000
non-local potential: l,potential*integration weight
  1   0.92639670  0.92658070  0.92677551  0.92698172  0.92720001  0.92743105
      0.92767556  0.92793432  0.92820811  0.92849777  0.92880418  0.92912825
      0.92947096  0.92983329  0.93021630  0.93062106  0.93104870  0.93150038
      0.93197730  0.93248069  0.93301179  0.93357189  0.93416226  0.93478419
      0.93543896  0.93612782  0.93685197  0.93761255  0.93841060  0.93924705
      0.94012264  0.94103790  0.94199311  0.94298820  0.94402271  0.94509567
      0.94620552  0.94734999  0.94852595  0.94972926  0.95095455  0.95219494
      0.95344167  0.95468364  0.95590715  0.95709580  0.95823040  0.95928803
      0.96024093  0.96105568  0.96169231  0.96210300  0.96223066  0.96200744
      0.96135329  0.96017439  0.95836109  0.95578526  0.95229768  0.94772789
      0.94188325  0.93451197  0.92519835  0.91341021  0.89886431  0.88134232
      0.86035067  0.83533100  0.80576690  0.77114611  0.73094301  0.68467499
      0.63201230  0.57292010  0.50781587  0.43771790  0.36435703  0.29020851
      0.21834528  0.15205583  0.09451620  0.04866284  0.01629401 -0.00321892
     -0.01251657 -0.01480274 -0.01300303 -0.00948944 -0.00592247 -0.00325077
     -0.00187265 -0.00160688 -0.00134804 -0.00084130 -0.00051652 -0.00029359
     -0.00014166 -0.00005274 -0.00001495 -0.00000623 -0.00000580 -0.00000461
     -0.00000266 -0.00000125 -0.00000052 -0.00000021 -0.00000009 -0.00000004
     -0.00000002  0.00000000  0.00000000  0.00000000  0.00000000  0.00000000
      0.00000000  0.00000000  0.00000000  0.00000000  0.00000000  0.00000000
non-local potential: l,potential*integration weight
  2   0.91816127  0.91785682  0.91753426  0.91719253  0.91683047  0.91644687
      0.91604045  0.91560985  0.91515363  0.91467023  0.91415805  0.91361536
      0.91304033  0.91243101  0.91178534  0.91110113  0.91037605  0.90960764
      0.90879326  0.90793012  0.90701524  0.90604546  0.90501740  0.90392747
      0.90277184  0.90154641  0.90024681  0.89886837  0.89740609  0.89585461
      0.89420819  0.89246066  0.89060539  0.88863523  0.88654249  0.88431887
      0.88195538  0.87944231  0.87676911  0.87392435  0.87089557  0.86766918
      0.86423027  0.86056243  0.85664757  0.85246599  0.84799623  0.84321477
      0.83809557  0.83260980  0.82672550  0.82040724  0.81361561  0.80630685
      0.79843257  0.78993944  0.78076884  0.77085646  0.76013203  0.74852034
      0.73594217  0.72230185  0.70745021  0.69120814  0.67351012  0.65433622
      0.63359032  0.61118578  0.58708624  0.56128629  0.53379174  0.50461683
      0.47378901  0.44135238  0.40736324  0.37187478  0.33492468  0.29656328
      0.25695701  0.21655942  0.17634020  0.13794417  0.10323510  0.07344160
      0.04910373  0.03047369  0.01748197  0.00947096  0.00515434  0.00292154
      0.00137329 -0.00007634 -0.00075053 -0.00066470 -0.00048050 -0.00028900
     -0.00014133 -0.00005273 -0.00001495 -0.00000623 -0.00000580 -0.00000461
     -0.00000266 -0.00000125 -0.00000052 -0.00000021 -0.00000009 -0.00000004
     -0.00000002  0.00000000  0.00000000  0.00000000  0.00000000  0.00000000
      0.00000000  0.00000000  0.00000000  0.00000000  0.00000000  0.00000000

 For atom type  1, l= 2 potential used as local nuclear potential
partial core charge density, cutoff=    2.46804933
 -2   0.07466903  0.07466903  0.07466902  0.07466901  0.07466901  0.07466900
      0.07466899  0.07466897  0.07466896  0.07466894  0.07466892  0.07466889
      0.07466886  0.07466882  0.07466878  0.07466872  0.07466866  0.07466859
      0.07466850  0.07466839  0.07466827  0.07466812  0.07466794  0.07466773
      0.07466748  0.07466718  0.07466683  0.07466640  0.07466590  0.07466530
      0.07466459  0.07466374  0.07466273  0.07466153  0.07466010  0.07465840
      0.07465637  0.07465396  0.07465109  0.07464767  0.07464360  0.07463875
      0.07463298  0.07462611  0.07461793  0.07460819  0.07459660  0.07458279
      0.07456636  0.07454680  0.07452351  0.07449580  0.07446282  0.07442357
      0.07437689  0.07432136  0.07425533  0.07417684  0.07408357  0.07397278
      0.07384124  0.07368515  0.07350004  0.07328069  0.07302095  0.07271369
      0.07235059  0.07192203  0.07141691  0.07082248  0.07012419  0.06930556
      0.06834807  0.06723108  0.06593192  0.06442605  0.06268737  0.06068889
      0.05840362  0.05580596  0.05287365  0.04959029  0.04594877  0.04195551
      0.03763556  0.03303847  0.02824452  0.02337038  0.01857261  0.01404621
      0.01001328  0.00669408  0.00424546  0.00260025  0.00153776  0.00087662
      0.00048087  0.00025335  0.00012794  0.00006179  0.00002847  0.00001249
      0.00000520  0.00000205  0.00000076  0.00000027  0.00000009  0.00000003
      0.00000001  0.00000000  0.00000000  0.00000000  0.00000000  0.00000000
      0.00000000  0.00000000  0.00000000  0.00000000  0.00000000  0.00000000
number of radial functions  **** Ba/pbe   - by Peter Schultz / 31Oct06 ****
  5
angular momentum, number of alphas
  1  4
alphas - p - 4p/2/4d365
   2.16149000D-01  5.44075000D-01  1.68087300D+00  3.36180000D+00
wave function coefficients
   2.38121000D-01  8.40515000D-01 -1.31234000D+00  5.41641000D-01
angular momentum, number of alphas
  0  3
alphas - s - 3s/2/3s477 Eopt + reopt(c2,c1)
   6.06340000D-02  2.37159000D-01  4.74400000D-01
wave function coefficients
   3.04690000D-01 -5.75020000D-01  2.91005000D-01
angular momentum, number of alphas
  0  1
alphas - s - second zeta s polarization
   6.06340000D-02
wave function coefficients
   1.00000000D+00
angular momentum, number of alphas
  1  1
alphas - p - angular polarization Eopt(c2)
   6.50000000D-02
wave function coefficients
   1.00000000D+00
angular momentum, number of alphas
  2  3
alphas - d - 3d/3d Eopt + contract
   1.10000000D-01  4.10000000D-01  1.56000000D+00
wave function coefficients
   2.13060000D-01  1.00000000D+00 -3.76700000D-01
shell occupation numbers for barium, Ba:  p(6)s(2.00)d(0.00)
      6.00000000  2.00000000  0.00000000  0.00000000  0.00000000
end atom file
atom file
 Ti = Ti.atm
>>>>> atom type name=Ti          
type number, label:
  2 Ti                     
notes6
 notes for this atom file:
 Constructed by Peter A. Schultz, 13-August-2006 (spin-hard Rpc: 8Sep07)
 Hamann-type ppot [D.R. Hamann,  PRB 40, 2980 (1989)]
 generated by fhi98PP [M.Fuchs,M.Scheffler, Comput.Phys.Commun. 119,67(1999)]
 ppot: p6d2s1[+1],l=2,Rpc=0.6 ; Def: Rs=1.65,Rp6=0.54,Rd=0.38
   semicore p6 is VALENCE, and spin-hard partial core
 basis: refined in 5l hcp(0001)
energy - hcp/24^2x36/kh16x10/uc/pbe
  -8.80960450D+01
effective nuclear charge (p6d2s1[+1], Rpc=0.6 to 12.0)
   1.00000000D+01
pseudopotentials: Lmax, and effective gaussian range
  2   1.10000000
functional type used in generating potential:
 PBE    = dft fcnal used to generate pot
radial mesh: number of points for local and non-local pot integrals
 120 101
mesh points for nuclear potential;  ham1fh
      0.01000000  0.01061391  0.01126551  0.01195712  0.01269118  0.01347030
      0.01429726  0.01517499  0.01610660  0.01709540  0.01814491  0.01925884
      0.02044117  0.02169607  0.02302802  0.02444174  0.02594225  0.02753487
      0.02922527  0.03101944  0.03292376  0.03494499  0.03709030  0.03936732
      0.04178413  0.04434931  0.04707196  0.04996176  0.05302898  0.05628449
      0.05973986  0.06340736  0.06730001  0.07143164  0.07581691  0.08047140
      0.08541163  0.09065515  0.09622058  0.10212767  0.10839741  0.11505206
      0.12211524  0.12961203  0.13756907  0.14601460  0.15497860  0.16449292
      0.17459134  0.18530970  0.19668609  0.20876088  0.22157695  0.23517982
      0.24961779  0.26494212  0.28120722  0.29847087  0.31679434  0.33624272
      0.35688506  0.37879465  0.40204930  0.42673158  0.45292913  0.48073498
      0.51024787  0.54157258  0.57482036  0.61010926  0.64756458  0.68731933
      0.72951468  0.77430044  0.82183565  0.87228911  0.92583997  0.98267837
      1.04300615  1.10703752  1.17499986  1.24713448  1.32369753  1.40496088
      1.49121308  1.58276041  1.67992793  1.78306068  1.89252487  2.00870920
      2.13202622  2.26291381  2.40183675  2.54928833  2.70579214  2.87190390
      3.04821346  3.23534687  3.43396861  3.64478398  3.86854156  4.10603587
      4.35811024  4.62565975  4.90963444  5.21104267  5.53095471  5.87050652
      6.23090382  6.61342633  7.01943235  7.45036355  7.90775013  8.39321620
      8.90848561  9.45538802 10.03586541 10.65197898 11.30591649 12.00000000
radwts: weights for radial points
      0.00059580  0.00063238  0.00067120  0.00071241  0.00075615  0.00080257
      0.00085184  0.00090413  0.00095964  0.00101855  0.00108108  0.00114745
      0.00121789  0.00129266  0.00137202  0.00145625  0.00154565  0.00164054
      0.00174126  0.00184815  0.00196161  0.00208204  0.00220986  0.00234552
      0.00248952  0.00264235  0.00280457  0.00297675  0.00315949  0.00335346
      0.00355933  0.00377784  0.00400977  0.00425593  0.00451721  0.00479452
      0.00508887  0.00540128  0.00573287  0.00608482  0.00645837  0.00685486
      0.00727568  0.00772235  0.00819643  0.00869962  0.00923370  0.00980057
      0.01040224  0.01104084  0.01171865  0.01243807  0.01320166  0.01401213
      0.01487235  0.01578538  0.01675446  0.01778304  0.01887476  0.02003350
      0.02126338  0.02256877  0.02395429  0.02542487  0.02698573  0.02864242
      0.03040081  0.03226715  0.03424807  0.03635060  0.03858221  0.04095081
      0.04346483  0.04613319  0.04896536  0.05197140  0.05516199  0.05854845
      0.06214280  0.06595782  0.07000705  0.07430487  0.07886653  0.08370824
      0.08884719  0.09430162  0.10009091  0.10623561  0.11275754  0.11967985
      0.12702714  0.13482549  0.14310258  0.15188782  0.16121239  0.17110941
      0.18161401  0.19276351  0.20459749  0.21715797  0.23048955  0.24463958
      0.25965829  0.27559902  0.29251836  0.31047641  0.32953692  0.34976758
      0.37124022  0.39403110  0.41822113  0.44389622  0.47114753  0.50007183
      0.53077183  0.56335653  0.59794165  0.63464999  0.67361190  0.71496573
non-local potential: l,potential*integration weight
  0   1.18660524  1.18629805  1.18597202  1.18562597  1.18525869  1.18486887
      1.18445512  1.18401598  1.18354989  1.18305519  1.18253014  1.18197287
      1.18138139  1.18075361  1.18008731  1.17938011  1.17862950  1.17783281
      1.17698722  1.17608971  1.17513709  1.17412596  1.17305271  1.17191351
      1.17070428  1.16942068  1.16805810  1.16661163  1.16507604  1.16344575
      1.16171482  1.15987690  1.15792521  1.15585250  1.15365101  1.15131242
      1.14882780  1.14618755  1.14338134  1.14039802  1.13722557  1.13385095
      1.13026002  1.12643747  1.12236668  1.11802968  1.11340696  1.10847741
      1.10321800  1.09760364  1.09160677  1.08519676  1.07833893  1.07099306
      1.06311094  1.05463290  1.04548294  1.03556247  1.02474279  1.01285678
      0.99969082  0.98497908  0.96840594  0.94963095  0.92835579  0.90441106
      0.87768627  0.84808324  0.81943484  0.79862542  0.77762565  0.75501327
      0.73063333  0.70488267  0.67780584  0.64921680  0.61890874  0.58672493
      0.55253779  0.51620469  0.47755381  0.43642284  0.39273792  0.34661353
      0.29846105  0.24909020  0.19977746  0.15226350  0.10863470  0.07104881
      0.04129962  0.02029860  0.00765388  0.00162462 -0.00030736 -0.00045268
     -0.00020825 -0.00005527 -0.00000893 -0.00000093 -0.00000009  0.00000000
      0.00000000  0.00000000  0.00000000  0.00000000  0.00000000  0.00000000
      0.00000000  0.00000000  0.00000000  0.00000000  0.00000000  0.00000000
      0.00000000  0.00000000  0.00000000  0.00000000  0.00000000  0.00000000
non-local potential: l,potential*integration weight
  1   1.18859298  1.18840607  1.18820738  1.18799614  1.18777152  1.18753262
      1.18727847  1.18700805  1.18672022  1.18641377  1.18608738  1.18573963
      1.18536896  1.18497368  1.18455193  1.18410167  1.18362069  1.18310650
      1.18255639  1.18196734  1.18133598  1.18065856  1.17993088  1.17914820
      1.17830520  1.17739583  1.17641326  1.17534967  1.17419615  1.17294249
      1.17157694  1.17008597  1.16845398  1.16666289  1.16469173  1.16251619
      1.16010799  1.15743423  1.15445655  1.15113013  1.14740226  1.14321084
      1.13848258  1.13313156  1.12705798  1.12014670  1.11226508  1.10325972
      1.09295299  1.08113986  1.06758479  1.05201847  1.03413468  1.01358782
      0.98999181  0.96292148  0.93191784  0.89649954  0.85618269  0.81051201
      0.75910512  0.70171375  0.63831204  0.56924148  0.49545432  0.41878438
      0.34166611  0.26577831  0.19502615  0.13788838  0.09088234  0.05434425
      0.02655065  0.00588623 -0.00882377 -0.01804920 -0.02203576 -0.02169145
     -0.01875815 -0.01500078 -0.01145655 -0.00846397 -0.00605290 -0.00417888
     -0.00278324 -0.00179757 -0.00114083 -0.00072322 -0.00046297 -0.00030604
     -0.00022496 -0.00018823 -0.00014684 -0.00008103 -0.00002340  0.00000029
      0.00000187 -0.00000019 -0.00000053 -0.00000024 -0.00000006  0.00000000
      0.00000000  0.00000000  0.00000000  0.00000000  0.00000000  0.00000000
      0.00000000  0.00000000  0.00000000  0.00000000  0.00000000  0.00000000
      0.00000000  0.00000000  0.00000000  0.00000000  0.00000000  0.00000000
non-local potential: l,potential*integration weight
  2   1.15309513  1.15072542  1.14820932  1.14553768  1.14270076  1.13968818
      1.13648890  1.13309114  1.12948235  1.12564911  1.12157714  1.11725116
      1.11265483  1.10777070  1.10258007  1.09706290  1.09119769  1.08496137
      1.07832913  1.07127424  1.06376791  1.05577906  1.04727406  1.03821649
      1.02856685  1.01828219  1.00731574  0.99561647  0.98312861  0.96979108
      0.95553690  0.94029243  0.92397671  0.90650054  0.88776562  0.86766361
      0.84607516  0.82286895  0.79790066  0.77101175  0.74202812  0.71075874
      0.67699542  0.64051490  0.60108390  0.55846672  0.51243376  0.46277171
      0.40929929  0.35189166  0.29051493  0.22527204  0.15646265  0.08465984
      0.01080513 -0.06368015 -0.13677500 -0.20574983 -0.26710671 -0.31663596
     -0.34969086 -0.36181185 -0.34980160 -0.31321537 -0.25589234 -0.18681479
     -0.11973532 -0.07091182 -0.04878625 -0.04445241 -0.05060302 -0.05554504
     -0.05501173 -0.05004465 -0.04332003 -0.03648543 -0.03012429 -0.02441475
     -0.01940871 -0.01510147 -0.01146560 -0.00846438 -0.00605291 -0.00417888
     -0.00278324 -0.00179757 -0.00114083 -0.00072322 -0.00046297 -0.00030604
     -0.00022496 -0.00018823 -0.00014684 -0.00008103 -0.00002340  0.00000029
      0.00000187 -0.00000019 -0.00000053 -0.00000024 -0.00000006  0.00000000
      0.00000000  0.00000000  0.00000000  0.00000000  0.00000000  0.00000000
      0.00000000  0.00000000  0.00000000  0.00000000  0.00000000  0.00000000
      0.00000000  0.00000000  0.00000000  0.00000000  0.00000000  0.00000000

 For atom type  2, l= 2 potential used as local nuclear potential
partial core charge density, cutoff=    0.58916341
 -2  10.78207356 10.78205668 10.78203640 10.78201204 10.78198276 10.78194757
     10.78190525 10.78185436 10.78179314 10.78171947 10.78163079 10.78152402
     10.78139542 10.78124049 10.78105377 10.78082868 10.78055723 10.78022978
     10.77983466 10.77935771 10.77878182 10.77808626 10.77724589 10.77623028
     10.77500256 10.77351805 10.77172261 10.76955067 10.76692278 10.76374277
     10.75989420 10.75523621 10.74959848 10.74277520 10.73451792 10.72452700
     10.71244155 10.69782750 10.68016364 10.65882539 10.63306595 10.60199471
     10.56455284 10.51948587 10.46531360 10.40029773 10.32240811 10.22928914
     10.11822849  9.98613170  9.82950748  9.64447029  9.42676967  9.17185767
      8.87501068  8.53152341  8.13699896  7.68775963  7.18140483  6.61753959
      5.99868212  5.33133749  4.62716630  3.90409258  3.18703282  2.50767097
      1.90228309  1.40595313  1.04044469  0.79327880  0.62696751  0.51389640
      0.43389975  0.37303098  0.32244229  0.27718244  0.23502948  0.19546740
      0.15886337  0.12587787  0.09709330  0.07282629  0.05307601  0.03755917
      0.02578962  0.01716996  0.01107499  0.00691462  0.00417441  0.00243389
      0.00136870  0.00074127  0.00038601  0.00019295  0.00009238  0.00004227
      0.00001844  0.00000764  0.00000300  0.00000111  0.00000039  0.00000013
      0.00000004  0.00000001  0.00000000  0.00000000  0.00000000  0.00000000
      0.00000000  0.00000000  0.00000000  0.00000000  0.00000000  0.00000000
      0.00000000  0.00000000  0.00000000  0.00000000  0.00000000  0.00000000
number of radial functions  **** Ti/pbe   - by Peter Schultz / 16Aug06 ****
  6
angular momentum, number of alphas
  1  4
alphas - p - 4p/2/4p288 Eopt
   3.91179000D-01  9.91449000D-01  2.25510800D+00  6.04653000D+00
wave function coefficients
   2.61901000D-01  1.57373400D+00  2.46706900D+00 -1.99393000D+00
angular momentum, number of alphas
  2  6
alphas - d - 6d/2/6d447 Eopt + reopt(c1)
   1.62994000D-01  4.73268000D-01  1.23050100D+00  3.16310400D+00
   9.40053900D+00  3.04437490D+01
wave function coefficients
   4.14920000D-02  2.68625000D-01  1.36799100D+00  4.64355300D+00
   1.26094120D+01 -4.88274200D+00
angular momentum, number of alphas
  0  3
alphas - s - 3s/2/3s295 Eopt + reopt(c1)
   1.00346000D-01  4.67290000D-01  9.34600000D-01
wave function coefficients
   3.12070000D-01 -7.45755000D-01  2.69030000D-01
angular momentum, number of alphas
  0  1
alphas - s - second zeta s polarization
   1.00346000D-01
wave function coefficients
   1.00000000D+00
angular momentum, number of alphas
  1  2
alphas - p - angular polarization
   8.00000000D-02  3.91179000D-01
wave function coefficients
   1.00000000D+00  6.31400000D-01
angular momentum, number of alphas
  2  1
alphas - d - second zeta d polarization
   1.62994000D-01
wave function coefficients
   1.00000000D+00
shell occupancies for titanium, Ti: p(6)d(2.0)s(2.0)
      6.00000000  2.00000000  2.00000000  0.00000000  0.00000000  0.00000000
end atom file
atom file
 O  = O.atm
>>>>> atom type name=O           
type number, label:
  3 O                      
notes6
 notes for this atom file:
 Constructed by Peter A. Schultz, 17-January-2007
 Troullier/Martins-type ppot [N.Troullier,J.L.Martins, PRB 43,8861(1991)]
 generated by fhi98PP [M.Fuchs,M.Scheffler, Comput.Phys.Commun. 119,67(1999)]
 ppot: [He-core]s2p4, l=1; Rs=1.15, Rp=1.15
   NB: a middlin' hard T-M potential, without partial core correction
 basis: refined in H2O
mass
   1.59994000D+01
energy = E(H2O) - E(H2)
  -3.20919400D+01
effective nuclear charge (s2p4 to  9.0)
   6.00000000D+00
pseudopotentials: Lmax, and effective gaussian range
  1   5.87000000
functional type used in generating potential:
 PBE    = dft fcnal used to generate pot
radial mesh: number of points for local and non-local pot integrals
  80  59
mesh points for nuclear potential;  tm91fh
      0.01666667  0.01804829  0.01954444  0.02116462  0.02291911  0.02481905
      0.02687648  0.02910446  0.03151714  0.03412983  0.03695910  0.04002291
      0.04334070  0.04693352  0.05082419  0.05503737  0.05959982  0.06454048
      0.06989072  0.07568447  0.08195850  0.08875264  0.09610999  0.10407725
      0.11270497  0.12204790  0.13216534  0.14312149  0.15498587  0.16783378
      0.18174674  0.19681305  0.21312832  0.23079608  0.24992845  0.27064683
      0.29308272  0.31737848  0.34368829  0.37217912  0.40303175  0.43644199
      0.47262184  0.51180091  0.55422781  0.60017179  0.64992440  0.70380136
      0.76214458  0.82532429  0.89374143  0.96783016  1.04806065  1.13494203
      1.22902564  1.33090852  1.44123721  1.56071186  1.69009063  1.83019454
      1.98191269  2.14620786  2.32412265  2.51678610  2.72542082  2.95135079
      3.19600974  3.46095025  3.74785362  4.05854048  4.39498245  4.75931454
      5.15384877  5.58108881  6.04374589  6.54475598  7.08729845  7.67481621
      8.31103759  9.00000000
radwts: weights for radial points
      0.00132734  0.00143737  0.00155652  0.00168555  0.00182528  0.00197659
      0.00214045  0.00231788  0.00251003  0.00271810  0.00294343  0.00318743
      0.00345166  0.00373779  0.00404764  0.00438318  0.00474654  0.00514001
      0.00556610  0.00602752  0.00652718  0.00706827  0.00765421  0.00828872
      0.00897584  0.00971991  0.01052566  0.01139821  0.01234309  0.01336630
      0.01447433  0.01567421  0.01697356  0.01838063  0.01990433  0.02155435
      0.02334114  0.02527606  0.02737138  0.02964039  0.03209750  0.03475829
      0.03763966  0.04075988  0.04413877  0.04779775  0.05176005  0.05605082
      0.06069728  0.06572892  0.07117767  0.07707811  0.08346767  0.09038691
      0.09787974  0.10599371  0.11478030  0.12429527  0.13459901  0.14575690
      0.15783976  0.17092424  0.18509340  0.20043714  0.21705283  0.23504592
      0.25453058  0.27563048  0.29847949  0.32322263  0.35001691  0.37903236
      0.41045311  0.44447856  0.48132462  0.52122512  0.56443327  0.61122325
      0.66189199  0.71676104
non-local potential: l,potential*integration weight
  0   0.93730511  0.93554052  0.93361839  0.93153365  0.92928327  0.92686634
      0.92428390  0.92153850  0.91863349  0.91557199  0.91235563  0.90898303
      0.90544833  0.90173964  0.89783801  0.89371685  0.88934220  0.88467387
      0.87966724  0.87427564  0.86845278  0.86215507  0.85534357  0.84798554
      0.84005562  0.83153648  0.82241863  0.81269851  0.80237370  0.79143391
      0.77984650  0.76753677  0.75436432  0.74009742  0.72438611  0.70673257
      0.68645949  0.66269421  0.63442591  0.60072027  0.56103450  0.51518157
      0.46260034  0.40186561  0.33154312  0.25174338  0.16543037  0.07940357
      0.00465384 -0.04517076 -0.05908610 -0.03875595 -0.00829872  0.00001909
      0.00000545  0.00000199  0.00000064  0.00000018  0.00000004  0.00000000
      0.00000000  0.00000000  0.00000000  0.00000000  0.00000000  0.00000000
      0.00000000  0.00000000  0.00000000  0.00000000  0.00000000  0.00000000
      0.00000000  0.00000000  0.00000000  0.00000000  0.00000000  0.00000000
      0.00000000  0.00000000
non-local potential: l,potential*integration weight
  1   0.90370413  0.89915413  0.89421569  0.88886460  0.88307711  0.87682988
      0.87009965  0.86286267  0.85509381  0.84676537  0.83784560  0.82829704
      0.81807474  0.80712459  0.79538197  0.78277097  0.76920439  0.75458466
      0.73880543  0.72175375  0.70331247  0.68336251  0.66178511  0.63846390
      0.61328705  0.58614966  0.55695625  0.52562300  0.49207935  0.45626822
      0.41814517  0.37767819  0.33485145  0.28967777  0.24222327  0.19264571
      0.14124931  0.08857314  0.03556416 -0.01609767 -0.06361358 -0.10313288
     -0.13071331 -0.14337790 -0.13932187 -0.11803667 -0.08124130 -0.03422899
      0.01331497  0.04813719  0.05745893  0.03806545  0.00846852  0.00000828
      0.00000560  0.00000199  0.00000064  0.00000018  0.00000004  0.00000000
      0.00000000  0.00000000  0.00000000  0.00000000  0.00000000  0.00000000
      0.00000000  0.00000000  0.00000000  0.00000000  0.00000000  0.00000000
      0.00000000  0.00000000  0.00000000  0.00000000  0.00000000  0.00000000
      0.00000000  0.00000000

 For atom type  3, l= 1 potential used as local nuclear potential
number of radial functions  ****  O/pbe   - by Peter Schultz / 17Jan07 ****
  5
angular momentum, number of alphas
  0  5
alphas - s - 5s/2/5s284 Eopt(flat) + check (c1)
   2.40227000D-01  6.83348000D-01  1.98182200D+00  3.96390000D+00
   7.92780000D+00
wave function coefficients
   3.33034000D-01  1.10004600D+00  1.16492600D+00 -1.95149900D+00
   6.44755000D-01
angular momentum, number of alphas
  1  4
alphas - p - 4p/2/4p563 Eopt + reopt(c1)
   1.29289000D-01  4.02185000D-01  1.18213300D+00  3.84037500D+00
wave function coefficients
   5.93100000D-02  3.75369000D-01  1.45605400D+00  3.86770800D+00
angular momentum, number of alphas
  0  1
alphas - s - second zeta s polarization
   2.40227000D-01
wave function coefficients
   1.00000000D+00
angular momentum, number of alphas
  1  1
alphas - p - second zeta p polarization
   1.29289000D-01
wave function coefficients
   1.00000000D+00
angular momentum, number of alphas
  2  2
alphas
   2.50000000D-01  1.20000000D+00
wave function coefficients
   1.17200000D-01  1.00000000D+00
shell occupancies for oxygen, O s(2.0)p(4.5)p'(-0.5), -0.5 pseudoion (H2O)
      2.00000000  4.50000000  0.00000000 -0.50000000  0.00000000
end atom file
 ionopt (0=none,2=gaussian lmcc,3=dble layer):
    2
 charge state for system
   0.00000000
number of atoms in unit cell
   23
atom, type, position;  step#     14
 AT0m09       Ti                0.5000000000    0.5000000000   -1.9704972452    
 AT0m08       O                 0.0000000000    0.5000000000   -1.9971379537    
 AT0m07       O                 0.5000000000    0.0000000000   -1.9971379537    
 AT0m05       Ba                0.0000000000    0.0000000000   -1.5261388694    
 AT0m04       Ti                0.5000000000    0.5000000000   -0.9945756786    
 AT0m03       O                 0.0000000000    0.5000000000   -0.9987995952    
 AT0m02       O                 0.5000000000    0.0000000000   -0.9987995952    
 AT0m01       O                 0.5000000000    0.5000000000   -1.5041005275    
 AT0000       Ba                0.0000000000    0.0000000000   -0.5037462655    
 AT0001       Ti                0.5000000000    0.5000000000    0.0000000000    
 AT0002       O                 0.0000000000    0.5000000000    0.0000002457    
 AT0003       O                 0.5000000000    0.0000000000    0.0000002457    
 AT0004       O                 0.5000000000    0.5000000000   -0.5005608276    
 AT0005       Ba                0.0000000000    0.0000000000    0.5037469551    
 AT0006       Ti                0.5000000000    0.5000000000    0.9945756879    
 AT0007       O                 0.0000000000    0.5000000000    0.9987995269    
 AT0008       O                 0.5000000000    0.0000000000    0.9987995269    
 AT0009       O                 0.5000000000    0.5000000000    0.5005611904    
 AT0010       Ba                0.0000000000    0.0000000000    1.5261391117    
 AT0011       Ti                0.5000000000    0.5000000000    1.9704983581    
 AT0012       O                 0.0000000000    0.5000000000    1.9971387538    
 AT0013       O                 0.5000000000    0.0000000000    1.9971387538    
 AT0014       O                 0.5000000000    0.5000000000    1.5041008908    
origin offset
   0.00000000  0.00000000  0.00000000
 symmetry center
   0.00000000  0.00000000  0.00000000
kgrid
    6   6   0
symops
  1
definitions sym ops
  4   0.00000000  0.00000000  1.00000000  0.00000000  0.00000000  0.00000000
 >>>> Total number of electrons=             166.0000000000
 >>>> Minimum number of occupied states=          83
 >>>> Number of basis functions, norb=         324
 ************** VERSION 2.65 CHANGE: ***************
 **** grid range default changed from 2.d-7 to 2.d-8
 **** This will cause numerical changes in results
 **** To recover pre-2.65, use input cutgrd/2.d-7
 ***************************************************
run phase input data
no ges
iterations
   55
blend ratio
   0.20000000
convergence criterion
   0.00050000
geometry relaxation
gfixed
   10   10 => fixed atom sequence
gmethod
asd
gsteps
   30
end geometry relaxation

 >>>> Relax params (gstop,gblend,gconv,atoms-relaxd):
 >>>>     30  1.5000000  0.000800000000     22

end run phase data
cutXXX for code (grd,slo,ii,1c)
   2.00000000D-08  1.00000000D-01  1.00000000D-02  1.00000000D-04
cutall for code (s,t,nl,loc;frc)
   3.00000000D-09  3.00000000D-09  1.50000000D-07  6.00000000D-08
   3.00000000D-07  3.00000000D-07  5.00000000D-06  6.00000000D-06

 ##### output #####

 Maximum record length (r8) for i/o=     1000000
 Flavor of dft that will be used for this run=PBE   
 ***** Note: basis transformed to split basis form
 Number of symmetry generators       =           1
 Expands to number of elements(w/id) =           4
 Size of output symmetry group (w/id)=           4
 IBZ Bloch vectors, total=           9          36
   K#       wt               k-vector:(r);(g)
     1    4.000000    0.068707  0.068707  0.000000    0.0833  0.0833  0.0000
     2    4.000000    0.206121  0.068707  0.000000    0.2500  0.0833  0.0000
     3    4.000000    0.343535  0.068707  0.000000    0.4167  0.0833  0.0000
     4    4.000000    0.480950  0.068707  0.000000    0.5833  0.0833  0.0000
     5    4.000000    0.618364  0.068707  0.000000    0.7500  0.0833  0.0000
     6    4.000000    0.206121  0.206121  0.000000    0.2500  0.2500  0.0000
     7    4.000000    0.343535  0.206121  0.000000    0.4167  0.2500  0.0000
     8    4.000000    0.480950  0.206121  0.000000    0.5833  0.2500  0.0000
     9    4.000000    0.343535  0.343535  0.000000    0.4167  0.4167  0.0000
  
 LATVEC: nlat1c,nlat2c,nlat =          22          61          61

  Atom
  Type  Shell  Min-alf     range
    1        0.060634  12.090689
    2        0.080000  10.526019
    3        0.129289   8.279963
 Turnover EF->DM npopdm, npop0k=         120          83
 DEV264h/wkmem: perlsolv dist-mem
 DEV/wkmem: KPSTORE= T
 DEV/wkmem: psolv version, input do_psolv= F

 Need      388800-length r*4 array to pack grid wfcns/box
 Need   573070464-length r*4 array to pack all grid wfcns
 Need      388800-length r*4 array for grid wfcns scratch
 WKMEM: using stripe-parallel+Merge  setup
 WKMEM: Use serial complex solver in PSCHROED2
 Minimum maxwkd for scf to complete=     7349985
 Box-wise grid wfcns use     194400;   212832373 available
 WKMEM: in-core Broyden! uses   9447840 out of 212832373 available
 >>>>> geom/basis data saved to file
  
 Atom type   1  radial valence charge =    7.999999861627
 Atom type   1    core charge =    1.826156845234
  
 Atom type   2  radial valence charge =    9.999999869126
 Atom type   2    core charge =    5.362408557932
  
 Atom type   3  radial valence charge =    5.999995363882
 Atom type   3      xc valence charge =    6.499995360087
 mat0set: stripe-parallel, KPSTORE= T
 NLOCMAT: Max neqilat=           8

 After mat0set    +    9.29 =       9.3 seconds used (    9.26 usr    0.03 sys)


 AFTER SETUP PHASE+    6.02 =      15.3 seconds used (    5.98 usr    0.04 sys)

  
 *************************  iteration   0 begins here  *************************


 Before iterations+    3.13 =      18.5 seconds used (    3.13 usr    0.00 sys)
  
 grid-integrated valence-density total =      165.9997677489
 grid-int core charge  =       34.1240218824
 Harris Fcnal XC piece=      -15.2509195851
  
  

 After 0 iteration+   44.58 =      63.0 seconds used (   44.57 usr    0.00 sys)
 *************************  iteration   1 begins here  *************************


         fermi level =   -0.450004 Ry,   gap(0K)= 0.214382 Ry = 2.917 eV

 k-vector:       1                    2                    3                    4
  weight:    0.111111             0.111111             0.111111             0.111111
            level    occup       level    occup       level    occup       level    occup
  
    1    -2.870345  2.0000    -2.870315  2.0000    -2.870857  2.0000    -2.870857  2.0000
    2    -2.869198  2.0000    -2.869164  2.0000    -2.870276  2.0000    -2.870276  2.0000
    3    -2.868095  2.0000    -2.868941  2.0000    -2.869749  2.0000    -2.869749  2.0000
    4    -2.867014  2.0000    -2.868049  2.0000    -2.869745  2.0000    -2.869745  2.0000
             ...      ...         ...      ...         ...      ...         ...      ...
   64    -0.674171  2.0000    -0.688702  2.0000    -0.701364  2.0000    -0.701364  2.0000
   65    -0.672340  2.0000    -0.686596  2.0000    -0.691517  2.0000    -0.691517  2.0000
   66    -0.669300  2.0000    -0.677305  2.0000    -0.683087  2.0000    -0.683087  2.0000
   67    -0.661569  2.0000    -0.676133  2.0000    -0.680247  2.0000    -0.680247  2.0000
   68    -0.660848  2.0000    -0.663777  2.0000    -0.675875  2.0000    -0.675876  2.0000
   69    -0.660490  2.0000    -0.660899  2.0000    -0.673838  2.0000    -0.673838  2.0000
   70    -0.652392  2.0000    -0.652005  2.0000    -0.659876  2.0000    -0.659876  2.0000
   71    -0.640979  2.0000    -0.649741  2.0000    -0.655753  2.0000    -0.655752  2.0000
   72    -0.633887  2.0000    -0.648438  2.0000    -0.653466  2.0000    -0.653466  2.0000
   73    -0.629483  2.0000    -0.644251  2.0000    -0.652503  2.0000    -0.652503  2.0000
   74    -0.628186  2.0000    -0.637087  2.0000    -0.648113  2.0000    -0.648113  2.0000
   75    -0.628164  2.0000    -0.635001  2.0000    -0.647574  2.0000    -0.647574  2.0000
   76    -0.621552  2.0000    -0.630775  2.0000    -0.644291  2.0000    -0.644291  2.0000
   77    -0.621543  2.0000    -0.628381  2.0000    -0.631913  2.0000    -0.631913  2.0000
   78    -0.616517  2.0000    -0.624094  2.0000    -0.629327  2.0000    -0.629327  2.0000
   79    -0.609782  2.0000    -0.620452  2.0000    -0.629201  2.0000    -0.629201  2.0000
   80    -0.607786  2.0000    -0.618816  2.0000    -0.621269  2.0000    -0.621269  2.0000
   81    -0.605590  2.0000    -0.618168  2.0000    -0.610147  2.0000    -0.610147  2.0000
   82    -0.592978  2.0000    -0.608460  2.0000    -0.602123  2.0000    -0.602123  2.0000
   83    -0.592485  2.0000    -0.608080  2.0000    -0.597725  2.0000    -0.597725  2.0000
   84    -0.342812  0.0000    -0.335634  0.0000    -0.329187  0.0000    -0.329187  0.0000
   85    -0.340331  0.0000    -0.313105  0.0000    -0.307883  0.0000    -0.307883  0.0000
   86    -0.336979  0.0000    -0.290774  0.0000    -0.277140  0.0000    -0.277140  0.0000
   87    -0.331040  0.0000    -0.288370  0.0000    -0.248868  0.0000    -0.248868  0.0000
   88    -0.326342  0.0000    -0.284270  0.0000    -0.241645  0.0000    -0.241645  0.0000
   89    -0.318853  0.0000    -0.280917  0.0000    -0.240970  0.0000    -0.240970  0.0000
   90    -0.317510  0.0000    -0.280162  0.0000    -0.238065  0.0000    -0.238064  0.0000
   91    -0.317050  0.0000    -0.278941  0.0000    -0.237318  0.0000    -0.237318  0.0000
             ...      ...         ...      ...         ...      ...         ...      ...
   93    -0.284963  0.0000    -0.271939  0.0000    -0.233990  0.0000    -0.233991  0.0000

 k-vector:       5                    6                    7                    8
  weight:    0.111111             0.111111             0.111111             0.111111
            level    occup       level    occup       level    occup       level    occup
  
    1    -2.870315  2.0000    -2.870262  2.0000    -2.870802  2.0000    -2.870802  2.0000
    2    -2.869164  2.0000    -2.869107  2.0000    -2.870199  2.0000    -2.870199  2.0000
    3    -2.868941  2.0000    -2.868880  2.0000    -2.869692  2.0000    -2.869692  2.0000
    4    -2.868049  2.0000    -2.868869  2.0000    -2.869685  2.0000    -2.869685  2.0000
             ...      ...         ...      ...         ...      ...         ...      ...
   64    -0.688703  2.0000    -0.730637  2.0000    -0.734495  2.0000    -0.734495  2.0000
   65    -0.686596  2.0000    -0.719844  2.0000    -0.734319  2.0000    -0.734319  2.0000
   66    -0.677305  2.0000    -0.706344  2.0000    -0.719361  2.0000    -0.719361  2.0000
   67    -0.676134  2.0000    -0.702257  2.0000    -0.718312  2.0000    -0.718312  2.0000
   68    -0.663777  2.0000    -0.700337  2.0000    -0.705411  2.0000    -0.705411  2.0000
   69    -0.660900  2.0000    -0.693589  2.0000    -0.701508  2.0000    -0.701508  2.0000
   70    -0.652005  2.0000    -0.656663  2.0000    -0.680477  2.0000    -0.680477  2.0000
   71    -0.649741  2.0000    -0.645344  2.0000    -0.656359  2.0000    -0.656359  2.0000
   72    -0.648438  2.0000    -0.640017  2.0000    -0.648392  2.0000    -0.648392  2.0000
   73    -0.644251  2.0000    -0.638258  2.0000    -0.640289  2.0000    -0.640289  2.0000
   74    -0.637087  2.0000    -0.632039  2.0000    -0.625911  2.0000    -0.625911  2.0000
   75    -0.635001  2.0000    -0.631704  2.0000    -0.625823  2.0000    -0.625823  2.0000
   76    -0.630775  2.0000    -0.626326  2.0000    -0.619510  2.0000    -0.619510  2.0000
   77    -0.628381  2.0000    -0.626235  2.0000    -0.618545  2.0000    -0.618545  2.0000
   78    -0.624094  2.0000    -0.619110  2.0000    -0.613423  2.0000    -0.613423  2.0000
   79    -0.620453  2.0000    -0.618708  2.0000    -0.612838  2.0000    -0.612838  2.0000
   80    -0.618816  2.0000    -0.614093  2.0000    -0.606130  2.0000    -0.606130  2.0000
   81    -0.618168  2.0000    -0.613555  2.0000    -0.597380  2.0000    -0.597380  2.0000
   82    -0.608460  2.0000    -0.590161  2.0000    -0.581258  2.0000    -0.581259  2.0000
   83    -0.608080  2.0000    -0.590013  2.0000    -0.581051  2.0000    -0.581052  2.0000
   84    -0.335634  0.0000    -0.291314  0.0000    -0.283901  0.0000    -0.283901  0.0000
   85    -0.313105  0.0000    -0.283469  0.0000    -0.270712  0.0000    -0.270712  0.0000
   86    -0.290775  0.0000    -0.277933  0.0000    -0.249552  0.0000    -0.249552  0.0000
   87    -0.288370  0.0000    -0.271364  0.0000    -0.240226  0.0000    -0.240226  0.0000
   88    -0.284269  0.0000    -0.262215  0.0000    -0.231789  0.0000    -0.231789  0.0000
   89    -0.280916  0.0000    -0.257046  0.0000    -0.227375  0.0000    -0.227375  0.0000
   90    -0.280162  0.0000    -0.254317  0.0000    -0.225958  0.0000    -0.225958  0.0000
   91    -0.278941  0.0000    -0.252520  0.0000    -0.221462  0.0000    -0.221462  0.0000
             ...      ...         ...      ...         ...      ...         ...      ...
   93    -0.271938  0.0000    -0.244027  0.0000    -0.217730  0.0000    -0.217730  0.0000

 k-vector:       9
  weight:    0.111111
            level    occup
  
    1    -2.870740  2.0000
    2    -2.870737  2.0000
    3    -2.870108  2.0000
    4    -2.869625  2.0000
             ...      ...
   64    -0.742641  2.0000
   65    -0.739449  2.0000
   66    -0.727116  2.0000
   67    -0.715109  2.0000
   68    -0.713273  2.0000
   69    -0.713221  2.0000
   70    -0.709560  2.0000
   71    -0.652130  2.0000
   72    -0.644249  2.0000
   73    -0.631586  2.0000
   74    -0.627493  2.0000
   75    -0.610404  2.0000
   76    -0.607795  2.0000
   77    -0.597696  2.0000
   78    -0.593651  2.0000
   79    -0.593364  2.0000
   80    -0.588011  2.0000
   81    -0.587689  2.0000
   82    -0.557267  2.0000
   83    -0.557195  2.0000
   84    -0.240278  0.0000
   85    -0.238319  0.0000
   86    -0.230590  0.0000
   87    -0.227949  0.0000
   88    -0.215530  0.0000
   89    -0.212964  0.0000
   90    -0.202328  0.0000
   91    -0.199833  0.0000
             ...      ...
   93    -0.196080  0.0000
  
 delta movement in electrons =       11.7391959442

 one-center local charge defect =         0.00023038
  
 grid-integrated valence-density total =      165.9996873331
 grid-int core charge  =       34.1240218824
  
 ######################  ENERGY ANALYSIS  #######################
    Spherical-atom es ENERGY correction =      -778.1914173460
    Full spherical atom trace ENERGY =         -239.5920826372
    Spherical-atom-Vxc trace ENERGY =           249.6311802317
    non-spherical es ENERGY =                     1.5348760352
    Total Exc ENERGY =                         -252.4909230666

    total kinetic trace ENERGY =          581.9137365847
    non-local ps-pot trace ENERGY =       122.9390316460
    total electrostatic ENERGY =        -1471.4702119469
    Total Vxc ENERGY =                   -237.9420568176

    TOTAL ENERGY (Rydberg) =                  -1019.1083667829

 ################################################################
  
 rms,max scfchange=  1.5894D-02  4.6102D-01 for component#    845659
 electronic meth_bl(BROYDEN)=           1
 EBROYDDJ: in-core history
>>>>> Broyden: first step (elec) simple blend ratio= 0.200000
<<<<< Broyden step complete, scf step=     1

 After blending   +   76.20 =     139.2 seconds used (   76.12 usr    0.08 sys)
  
 *************************  iteration   2 begins here  *************************


         fermi level =   -0.432135 Ry,   gap(0K)= 0.082284 Ry = 1.120 eV
  
 delta movement in electrons =        6.7249184287

 one-center local charge defect =         0.00029251
  
 grid-integrated valence-density total =      165.9996492463
 grid-int core charge  =       34.1240218824
  
 ######################  ENERGY ANALYSIS  #######################
    Spherical-atom es ENERGY correction =      -778.1914173460
    Full spherical atom trace ENERGY =         -239.6565952961
    Spherical-atom-Vxc trace ENERGY =           249.0123922658
    non-spherical es ENERGY =                     0.1969194355
    Total Exc ENERGY =                         -251.4682497140

    total kinetic trace ENERGY =          581.4497774980
    non-local ps-pot trace ENERGY =       122.9675132632
    total electrostatic ENERGY =        -1473.0559917020
    Total Vxc ENERGY =                   -236.3048312068

    TOTAL ENERGY (Rydberg) =                  -1020.1069506548

 ################################################################
  
 rms,max scfchange=  3.8300D-03  1.2248D-01 for component#     41926
 electronic meth_bl(BROYDEN)=           1
>>>>> Broyden blend to get next step - elec
<<<<< Broyden step complete, scf step=     2

 After blending   +   76.95 =     216.2 seconds used (   76.86 usr    0.09 sys)
  
 *************************  iteration   3 begins here  *************************


         fermi level =   -0.434789 Ry,   gap(0K)= 0.058903 Ry = 0.801 eV
  
 delta movement in electrons =        6.6307332210

 one-center local charge defect =         0.00029578
  
 grid-integrated valence-density total =      165.9996435854
 grid-int core charge  =       34.1240218824
  
 ######################  ENERGY ANALYSIS  #######################
    Spherical-atom es ENERGY correction =      -778.1914173460
    Full spherical atom trace ENERGY =         -239.6582650253
    Spherical-atom-Vxc trace ENERGY =           249.0880005627
    non-spherical es ENERGY =                     0.1699837468
    Total Exc ENERGY =                         -251.5233646565

    total kinetic trace ENERGY =          582.0918955004
    non-local ps-pot trace ENERGY =       123.0080655000
    total electrostatic ENERGY =        -1473.6916590622
    Total Vxc ENERGY =                   -236.3592783491

    TOTAL ENERGY (Rydberg) =                  -1020.1150627183

 ################################################################
  
 rms,max scfchange=  4.6206D-03  1.5222D-01 for component#    271378
 electronic meth_bl(BROYDEN)=           1
>>>>> Broyden blend to get next step - elec
<<<<< Broyden step complete, scf step=     3

 After blending   +   77.24 =     293.4 seconds used (   77.16 usr    0.08 sys)
  
 *************************  iteration   4 begins here  *************************


         fermi level =   -0.429327 Ry,   gap(0K)= 0.057687 Ry = 0.785 eV
  
 delta movement in electrons =        6.6152238323

 one-center local charge defect =         0.00029687
  
 grid-integrated valence-density total =      165.9996404260
 grid-int core charge  =       34.1240218824
  
 ######################  ENERGY ANALYSIS  #######################
    Spherical-atom es ENERGY correction =      -778.1914173460
    Full spherical atom trace ENERGY =         -239.6588125968
    Spherical-atom-Vxc trace ENERGY =           249.1238141263
    non-spherical es ENERGY =                     0.1666251361
    Total Exc ENERGY =                         -251.5559680065

    total kinetic trace ENERGY =          582.3640906041
    non-local ps-pot trace ENERGY =       123.0192728606
    total electrostatic ENERGY =        -1473.9431541451
    Total Vxc ENERGY =                   -236.3973779738

    TOTAL ENERGY (Rydberg) =                  -1020.1157586870

 ################################################################
  
 rms,max scfchange=  3.5363D-03  1.1456D-01 for component#    248628
 electronic meth_bl(BROYDEN)=           1
>>>>> Broyden blend to get next step - elec
<<<<< Broyden step complete, scf step=     4

 After blending   +   77.50 =     370.9 seconds used (   77.40 usr    0.10 sys)
  
 *************************  iteration   5 begins here  *************************


         fermi level =   -0.408356 Ry,   gap(0K)= 0.054125 Ry = 0.736 eV
  
 delta movement in electrons =        6.6342508515

 one-center local charge defect =         0.00029960
  
 grid-integrated valence-density total =      165.9996320322
 grid-int core charge  =       34.1240218824
  
 ######################  ENERGY ANALYSIS  #######################
    Spherical-atom es ENERGY correction =      -778.1914173460
    Full spherical atom trace ENERGY =         -239.6592527385
    Spherical-atom-Vxc trace ENERGY =           249.2295875449
    non-spherical es ENERGY =                     0.1683426699
    Total Exc ENERGY =                         -251.6640356988

    total kinetic trace ENERGY =          583.0997694358
    non-local ps-pot trace ENERGY =       123.0413633098
    total electrostatic ENERGY =        -1474.5938726153
    Total Vxc ENERGY =                   -236.5330328453

    TOTAL ENERGY (Rydberg) =                  -1020.1167755685

 ################################################################
  
 rms,max scfchange=  5.7090D-04  1.6668D-02 for component#    271378
 electronic meth_bl(BROYDEN)=           1
>>>>> Broyden blend to get next step - elec
<<<<< Broyden step complete, scf step=     5

 After blending   +   77.35 =     448.3 seconds used (   77.26 usr    0.09 sys)
  
 *************************  iteration   6 begins here  *************************


         fermi level =   -0.403979 Ry,   gap(0K)= 0.052537 Ry = 0.715 eV
  
 delta movement in electrons =        6.6298949074

 one-center local charge defect =         0.00030049
  
 grid-integrated valence-density total =      165.9996293790
 grid-int core charge  =       34.1240218824
  
 ######################  ENERGY ANALYSIS  #######################
    Spherical-atom es ENERGY correction =      -778.1914173460
    Full spherical atom trace ENERGY =         -239.6565840090
    Spherical-atom-Vxc trace ENERGY =           249.2262535127
    non-spherical es ENERGY =                     0.1655634959
    Total Exc ENERGY =                         -251.6606511323

    total kinetic trace ENERGY =          583.1221840397
    non-local ps-pot trace ENERGY =       123.0325717225
    total electrostatic ENERGY =        -1474.6109401086
    Total Vxc ENERGY =                   -236.5263183203

    TOTAL ENERGY (Rydberg) =                  -1020.1168354786

 ################################################################
  
 rms,max scfchange=  1.7276D-04  5.2056D-03 for component#    858659
 electronic meth_bl(BROYDEN)=           1
>>>>> Broyden blend to get next step - elec
 Broyden: limit-history, dropping oldest
<<<<< Broyden step complete, scf step=     6

 After blending   +   77.58 =     525.8 seconds used (   77.49 usr    0.09 sys)
  
 *************************  iteration   7 begins here  *************************


         fermi level =   -0.401324 Ry,   gap(0K)= 0.052159 Ry = 0.710 eV
  
 delta movement in electrons =        6.6399117722

 one-center local charge defect =         0.00030075
  
 grid-integrated valence-density total =      165.9996262911
 grid-int core charge  =       34.1240218824
  
 ######################  ENERGY ANALYSIS  #######################
    Spherical-atom es ENERGY correction =      -778.1914173460
    Full spherical atom trace ENERGY =         -239.6542498214
    Spherical-atom-Vxc trace ENERGY =           249.2116422104
    non-spherical es ENERGY =                     0.1662049118
    Total Exc ENERGY =                         -251.6490635350

    total kinetic trace ENERGY =          583.0393850606
    non-local ps-pot trace ENERGY =       123.0190032300
    total electrostatic ENERGY =        -1474.5262083358
    Total Vxc ENERGY =                   -236.5120890291

    TOTAL ENERGY (Rydberg) =                  -1020.1168835802

 ################################################################
  
 rms,max scfchange=  6.3337D-05  2.0930D-03 for component#    399104
 electronic meth_bl(BROYDEN)=           1
>>>>> Broyden blend to get next step - elec
 Broyden: limit-history, dropping oldest
<<<<< Broyden step complete, scf step=     7

 After blending   +   77.30 =     603.2 seconds used (   77.23 usr    0.08 sys)
  
 *************************  iteration   8 begins here  *************************


         fermi level =   -0.401200 Ry,   gap(0K)= 0.052050 Ry = 0.708 eV
  
 delta movement in electrons =        6.6421926217

 one-center local charge defect =         0.00030075
  
 grid-integrated valence-density total =      165.9996264298
 grid-int core charge  =       34.1240218824
  
 ######################  ENERGY ANALYSIS  #######################
    Spherical-atom es ENERGY correction =      -778.1914173460
    Full spherical atom trace ENERGY =         -239.6536390955
    Spherical-atom-Vxc trace ENERGY =           249.2047899521
    non-spherical es ENERGY =                     0.1662866984
    Total Exc ENERGY =                         -251.6429110227

    total kinetic trace ENERGY =          582.9975279058
    non-local ps-pot trace ENERGY =       123.0138338353
    total electrostatic ENERGY =        -1474.4853415321
    Total Vxc ENERGY =                   -236.5044287992

    TOTAL ENERGY (Rydberg) =                  -1020.1168908136

 ################################################################
  
 rms,max scfchange=  9.7802D-06  3.7724D-04 for component#    557709

 After blending   +   77.41 =     680.6 seconds used (   77.31 usr    0.09 sys)
  
 >>>>> self-consistency achieved, iteration   8


 Final GAP(eV)=  0.7082

         fermi level =   -0.401200 Ry,   gap(0K)= 0.052050 Ry = 0.708 eV

 k-vector:       1                    2                    3                    4
  weight:    0.111111             0.111111             0.111111             0.111111
            level    occup       level    occup       level    occup       level    occup
  
    1    -2.946970  2.0000    -2.946905  2.0000    -2.946812  2.0000    -2.946812  2.0000
    2    -2.944342  2.0000    -2.944463  2.0000    -2.945809  2.0000    -2.945809  2.0000
    3    -2.943818  2.0000    -2.944259  2.0000    -2.944157  2.0000    -2.944157  2.0000
    4    -2.943132  2.0000    -2.943734  2.0000    -2.943633  2.0000    -2.943633  2.0000
             ...      ...         ...      ...         ...      ...         ...      ...
   64    -0.601107  2.0000    -0.610948  2.0000    -0.616507  2.0000    -0.616508  2.0000
   65    -0.595124  2.0000    -0.606991  2.0000    -0.611592  2.0000    -0.611592  2.0000
   66    -0.591250  2.0000    -0.598773  2.0000    -0.598594  2.0000    -0.598594  2.0000
   67    -0.583766  2.0000    -0.597976  2.0000    -0.598083  2.0000    -0.598083  2.0000
   68    -0.583415  2.0000    -0.584335  2.0000    -0.588298  2.0000    -0.588298  2.0000
   69    -0.571066  2.0000    -0.580572  2.0000    -0.585432  2.0000    -0.585432  2.0000
   70    -0.567594  2.0000    -0.574930  2.0000    -0.578969  2.0000    -0.578969  2.0000
   71    -0.561579  2.0000    -0.571074  2.0000    -0.578566  2.0000    -0.578566  2.0000
   72    -0.560431  2.0000    -0.562962  2.0000    -0.576014  2.0000    -0.576014  2.0000
   73    -0.546045  2.0000    -0.559486  2.0000    -0.573373  2.0000    -0.573373  2.0000
   74    -0.544477  2.0000    -0.557444  2.0000    -0.567374  2.0000    -0.567374  2.0000
   75    -0.543176  2.0000    -0.548923  2.0000    -0.564757  2.0000    -0.564757  2.0000
   76    -0.538424  2.0000    -0.536856  2.0000    -0.560060  2.0000    -0.560060  2.0000
   77    -0.533866  2.0000    -0.536130  2.0000    -0.538776  2.0000    -0.538776  2.0000
   78    -0.521498  2.0000    -0.533540  2.0000    -0.526964  2.0000    -0.526964  2.0000
   79    -0.520275  2.0000    -0.532836  2.0000    -0.526372  2.0000    -0.526372  2.0000
   80    -0.491748  2.0000    -0.518179  2.0000    -0.518694  2.0000    -0.518694  2.0000
   81    -0.491646  2.0000    -0.518036  2.0000    -0.515610  2.0000    -0.515610  2.0000
   82    -0.471854  2.0000    -0.488547  2.0000    -0.492514  2.0000    -0.492514  2.0000
   83    -0.471847  2.0000    -0.488479  2.0000    -0.492484  2.0000    -0.492484  2.0000
   84    -0.375315  0.0004    -0.369879  0.0001    -0.365946  0.0000    -0.365946  0.0000
   85    -0.370713  0.0001    -0.338589  0.0000    -0.335037  0.0000    -0.335037  0.0000
   86    -0.370058  0.0001    -0.318732  0.0000    -0.298838  0.0000    -0.298838  0.0000
   87    -0.360549  0.0000    -0.318380  0.0000    -0.273462  0.0000    -0.273462  0.0000
   88    -0.359164  0.0000    -0.310974  0.0000    -0.272801  0.0000    -0.272801  0.0000
   89    -0.342313  0.0000    -0.309401  0.0000    -0.266507  0.0000    -0.266507  0.0000
   90    -0.339430  0.0000    -0.301788  0.0000    -0.265255  0.0000    -0.265254  0.0000
   91    -0.307264  0.0000    -0.299972  0.0000    -0.264293  0.0000    -0.264293  0.0000
   92    -0.306721  0.0000    -0.280108  0.0000    -0.261783  0.0000    -0.261783  0.0000
   93    -0.303395  0.0000    -0.266941  0.0000    -0.258074  0.0000    -0.258074  0.0000

 k-vector:       5                    6                    7                    8
  weight:    0.111111             0.111111             0.111111             0.111111
            level    occup       level    occup       level    occup       level    occup
  
    1    -2.946905  2.0000    -2.946836  2.0000    -2.946739  2.0000    -2.946739  2.0000
    2    -2.944463  2.0000    -2.944378  2.0000    -2.945743  2.0000    -2.945743  2.0000
    3    -2.944259  2.0000    -2.944370  2.0000    -2.944266  2.0000    -2.944267  2.0000
    4    -2.943734  2.0000    -2.944183  2.0000    -2.944070  2.0000    -2.944070  2.0000
             ...      ...         ...      ...         ...      ...         ...      ...
   64    -0.610948  2.0000    -0.662610  2.0000    -0.656149  2.0000    -0.656149  2.0000
   65    -0.606992  2.0000    -0.648652  2.0000    -0.654055  2.0000    -0.654055  2.0000
   66    -0.598773  2.0000    -0.623267  2.0000    -0.637684  2.0000    -0.637684  2.0000
   67    -0.597977  2.0000    -0.616755  2.0000    -0.630026  2.0000    -0.630026  2.0000
   68    -0.584335  2.0000    -0.606751  2.0000    -0.626682  2.0000    -0.626682  2.0000
   69    -0.580572  2.0000    -0.603142  2.0000    -0.625165  2.0000    -0.625166  2.0000
   70    -0.574930  2.0000    -0.584363  2.0000    -0.611774  2.0000    -0.611774  2.0000
   71    -0.571074  2.0000    -0.565494  2.0000    -0.579854  2.0000    -0.579854  2.0000
   72    -0.562962  2.0000    -0.564254  2.0000    -0.570975  2.0000    -0.570975  2.0000
   73    -0.559486  2.0000    -0.561384  2.0000    -0.560973  2.0000    -0.560973  2.0000
   74    -0.557444  2.0000    -0.554201  2.0000    -0.547094  2.0000    -0.547094  2.0000
   75    -0.548923  2.0000    -0.553908  2.0000    -0.541634  2.0000    -0.541634  2.0000
   76    -0.536857  2.0000    -0.540732  2.0000    -0.533989  2.0000    -0.533989  2.0000
   77    -0.536131  2.0000    -0.540471  2.0000    -0.531114  2.0000    -0.531114  2.0000
   78    -0.533541  2.0000    -0.532219  2.0000    -0.525384  2.0000    -0.525384  2.0000
   79    -0.532837  2.0000    -0.531871  2.0000    -0.524032  2.0000    -0.524032  2.0000
   80    -0.518179  2.0000    -0.516187  2.0000    -0.513085  2.0000    -0.513086  2.0000
   81    -0.518036  2.0000    -0.515903  2.0000    -0.510238  2.0000    -0.510238  2.0000
   82    -0.488547  2.0000    -0.465280  2.0000    -0.454872  2.0000    -0.454873  2.0000
   83    -0.488478  2.0000    -0.465195  2.0000    -0.454872  2.0000    -0.454872  2.0000
   84    -0.369880  0.0001    -0.322724  0.0000    -0.315207  0.0000    -0.315207  0.0000
   85    -0.338589  0.0000    -0.311508  0.0000    -0.294656  0.0000    -0.294656  0.0000
   86    -0.318732  0.0000    -0.303094  0.0000    -0.271803  0.0000    -0.271803  0.0000
   87    -0.318379  0.0000    -0.294225  0.0000    -0.269499  0.0000    -0.269499  0.0000
   88    -0.310973  0.0000    -0.293267  0.0000    -0.261180  0.0000    -0.261179  0.0000
   89    -0.309400  0.0000    -0.283787  0.0000    -0.257977  0.0000    -0.257977  0.0000
   90    -0.301788  0.0000    -0.280905  0.0000    -0.251026  0.0000    -0.251025  0.0000
   91    -0.299972  0.0000    -0.277609  0.0000    -0.248594  0.0000    -0.248594  0.0000
   92    -0.280108  0.0000    -0.271893  0.0000    -0.244022  0.0000    -0.244022  0.0000

 k-vector:       9
  weight:    0.111111
            level    occup
  
    1    -2.946625  2.0000
    2    -2.945646  2.0000
    3    -2.945642  2.0000
    4    -2.943962  2.0000
             ...      ...
   64    -0.662925  2.0000
   65    -0.650371  2.0000
   66    -0.649926  2.0000
   67    -0.637478  2.0000
   68    -0.635327  2.0000
   69    -0.634000  2.0000
   70    -0.633885  2.0000
   71    -0.575841  2.0000
   72    -0.568318  2.0000
   73    -0.547446  2.0000
   74    -0.543480  2.0000
   75    -0.520076  2.0000
   76    -0.518346  2.0000
   77    -0.513750  2.0000
   78    -0.511444  2.0000
   79    -0.507400  2.0000
   80    -0.503878  2.0000
   81    -0.503599  2.0000
   82    -0.427387  1.9997
   83    -0.427365  1.9997
   84    -0.271472  0.0000
   85    -0.269071  0.0000
   86    -0.255452  0.0000
   87    -0.253022  0.0000
   88    -0.241149  0.0000
   89    -0.238380  0.0000
   90    -0.236683  0.0000
   91    -0.230322  0.0000
             ...      ...
   93    -0.214941  0.0000
  
 >>>>> grid delta-density saved to file
 ### ATOM POSITIONS: name, type, x,y,z (Bohr) ###
 AT0m09       Ti                3.8103700000    3.8103700000   24.9833528236 
 AT0m08       O                 0.0000000000    3.8103700000   24.7803309107 
 AT0m07       O                 3.8103700000    0.0000000000   24.7803309107 
 AT0m05       Ba                0.0000000000    0.0000000000   28.3696924724 
 AT0m04       Ti                3.8103700000    3.8103700000   32.4205973431 
 AT0m03       O                 0.0000000000    3.8103700000   32.3884079729 
 AT0m02       O                 3.8103700000    0.0000000000   32.3884079729 
 AT0m01       O                 3.8103700000    3.8103700000   28.5376409461 
 AT0000       Ba                0.0000000000    0.0000000000   36.1610806847 
 AT0001       Ti                3.8103700000    3.8103700000   40.0000000000 
 AT0002       O                 0.0000000000    3.8103700000   40.0000018724 
 AT0003       O                 3.8103700000    0.0000000000   40.0000018724 
 AT0004       O                 3.8103700000    3.8103700000   36.1853560787 
 AT0005       Ba                0.0000000000    0.0000000000   43.8389245706 
 AT0006       Ti                3.8103700000    3.8103700000   47.5794027278 
 AT0007       O                 0.0000000000    3.8103700000   47.6115915066 
 AT0008       O                 3.8103700000    0.0000000000   47.6115915066 
 AT0009       O                 3.8103700000    3.8103700000   43.8146466861 
 AT0010       Ba                0.0000000000    0.0000000000   51.6303093741 
 AT0011       Ti                3.8103700000    3.8103700000   55.0166556575 
 AT0012       O                 0.0000000000    3.8103700000   55.2196751866 
 AT0013       O                 3.8103700000    0.0000000000   55.2196751866 
 AT0014       O                 3.8103700000    3.8103700000   51.4623618226 
 ##### Z-AVERAGE DENSITY and POTENTIAL #####
spacing of points
 0.2000000 Bohr
number of points in z-direction
   400
 PLANAR GRID AVERAGE OF del-density (e/bohr^3)
 Global average: -3.04170068D-08 Planar averages:
   0.0000000D+00  0.0000000D+00  0.0000000D+00  0.0000000D+00  0.0000000D+00
   0.0000000D+00  0.0000000D+00  0.0000000D+00  0.0000000D+00  0.0000000D+00
   0.0000000D+00  0.0000000D+00  0.0000000D+00  0.0000000D+00  0.0000000D+00
   0.0000000D+00  0.0000000D+00  0.0000000D+00  0.0000000D+00  0.0000000D+00
   0.0000000D+00  0.0000000D+00  0.0000000D+00  0.0000000D+00  0.0000000D+00
   0.0000000D+00  0.0000000D+00  0.0000000D+00  0.0000000D+00  0.0000000D+00
   0.0000000D+00  0.0000000D+00  0.0000000D+00  0.0000000D+00  0.0000000D+00
   0.0000000D+00  0.0000000D+00  0.0000000D+00  0.0000000D+00  0.0000000D+00
   0.0000000D+00  0.0000000D+00  0.0000000D+00  0.0000000D+00  0.0000000D+00
   0.0000000D+00  0.0000000D+00  0.0000000D+00  0.0000000D+00  0.0000000D+00
   0.0000000D+00  0.0000000D+00  0.0000000D+00  0.0000000D+00  0.0000000D+00
   0.0000000D+00  0.0000000D+00  0.0000000D+00  0.0000000D+00  0.0000000D+00
   0.0000000D+00  0.0000000D+00  0.0000000D+00  0.0000000D+00  0.0000000D+00
   0.0000000D+00  0.0000000D+00  0.0000000D+00  0.0000000D+00  0.0000000D+00
   0.0000000D+00  0.0000000D+00  2.5128612D-11  4.7983423D-11  9.0449433D-11
   1.3233954D-10  2.3034758D-10  3.9052845D-10  6.3640734D-10  1.0057919D-09
   1.5132924D-09  1.8435476D-09  1.7829136D-09  2.9901139D-09  2.4099987D-09
  -4.9892062D-10 -8.2253656D-09 -2.5817839D-08 -6.1414826D-08 -1.2842185D-07
  -2.4908837D-07 -4.5613478D-07 -7.9855936D-07 -1.3485274D-06 -2.2078056D-06
  -3.5183256D-06 -5.4841585D-06 -8.3896277D-06 -1.2642942D-05 -1.8833162D-05
  -2.7825603D-05 -4.0919564D-05 -5.9868514D-05 -8.7234657D-05 -1.2641524D-04
  -1.8166414D-04 -2.5781535D-04 -3.5950474D-04 -4.8964412D-04 -6.4712705D-04
  -8.2312997D-04 -9.9824075D-04 -1.1401546D-03 -1.2057923D-03 -1.1498728D-03
  -9.4159088D-04 -5.8496438D-04 -1.3371011D-04  3.1428228D-04  6.5999021D-04
   8.9348324D-04  1.1358434D-03  1.4310438D-03  1.6818353D-03  2.3335788D-03
   3.1150264D-03  2.2606272D-03  8.5996658D-04 -1.6326630D-05 -4.1822315D-04
  -5.6985983D-04 -6.5583941D-04 -7.3187281D-04 -7.8030462D-04 -7.5251849D-04
  -6.0906709D-04 -3.6128389D-04 -8.7444214D-05  9.2360804D-05  9.7287868D-05
   1.0790840D-05  6.6198905D-05  3.3060766D-04  5.1531145D-04  4.7633420D-04
   4.6803759D-04  5.8679056D-04  6.3603502D-04  4.5152340D-04  5.3201128D-05
  -4.3147191D-04 -8.6263282D-04 -1.1351377D-03 -1.1982339D-03 -1.0621844D-03
  -7.9333636D-04 -4.9101200D-04 -2.4181114D-04 -6.0866344D-05  1.0621955D-04
   2.7193855D-04  7.3960295D-04  1.5186540D-03  1.0949883D-03  3.6442271D-04
   3.5417974D-05 -1.2019170D-04 -2.1494552D-04 -3.5334601D-04 -5.4631264D-04
  -7.3371701D-04 -8.3491027D-04 -7.8656528D-04 -5.6983105D-04 -2.2398787D-04
   1.5543235D-04  4.3937036D-04  5.2631401D-04  4.4411159D-04  3.6341093D-04
   4.0384339D-04  4.6182236D-04  4.2982278D-04  4.2520515D-04  5.2652018D-04
   5.9647113D-04  4.7552167D-04  1.5517314D-04 -2.5572794D-04 -6.2739774D-04
  -8.6267360D-04 -9.1796749D-04 -8.0731050D-04 -5.9344033D-04 -3.6339262D-04
  -1.8789285D-04 -7.1680729D-05  4.9591684D-05  2.1538504D-04  7.1744749D-04
   1.2947008D-03  7.1744514D-04  2.1538678D-04  4.9591133D-05 -7.1674394D-05
  -1.8788556D-04 -3.6339021D-04 -5.9343524D-04 -8.0730858D-04 -9.1796743D-04
  -8.6267576D-04 -6.2740205D-04 -2.5573381D-04  1.5517092D-04  4.7551924D-04
   5.9647020D-04  5.2652483D-04  4.2520443D-04  4.2982943D-04  4.6183037D-04
   4.0384595D-04  3.6342105D-04  4.4411401D-04  5.2631742D-04  4.3937329D-04
   1.5544110D-04 -2.2398130D-04 -5.6982320D-04 -7.8655709D-04 -8.3490368D-04
  -7.3371045D-04 -5.4630814D-04 -3.5334187D-04 -2.1494464D-04 -1.2018516D-04
   3.5417776D-05  3.6442814D-04  1.0949859D-03  1.5186426D-03  7.3958378D-04
   2.7193982D-04  1.0621855D-04 -6.0860914D-05 -2.4180611D-04 -4.9100864D-04
  -7.9333699D-04 -1.0621869D-03 -1.1982386D-03 -1.1351432D-03 -8.6264035D-04
  -4.3147892D-04  5.3193273D-05  4.5151934D-04  6.3603600D-04  5.8679685D-04
   4.6805023D-04  4.7634360D-04  5.1532878D-04  3.3062749D-04  6.6206213D-05
   1.0791095D-05  9.7288742D-05  9.2366427D-05 -8.7440131D-05 -3.6128119D-04
  -6.0906451D-04 -7.5251536D-04 -7.8030477D-04 -7.3187266D-04 -6.5583736D-04
  -5.6985553D-04 -4.1823093D-04 -1.6349423D-05  8.5991620D-04  2.2605708D-03
   3.1150427D-03  2.3336332D-03  1.6818648D-03  1.4310595D-03  1.1358557D-03
   8.9349761D-04  6.6000863D-04  3.1430716D-04 -1.3368710D-04 -5.8494493D-04
  -9.4157973D-04 -1.1498699D-03 -1.2057971D-03 -1.1401650D-03 -9.9825478D-04
  -8.2314543D-04 -6.4714259D-04 -4.8965873D-04 -3.5951793D-04 -2.5782689D-04
  -1.8167399D-04 -1.2642347D-04 -8.7241411D-05 -5.9873943D-05 -4.0923855D-05
  -2.7828933D-05 -1.8835699D-05 -1.2644838D-05 -8.3910204D-06 -5.4851617D-06
  -3.5190355D-06 -2.2082988D-06 -1.3488639D-06 -7.9878516D-07 -4.5628378D-07
  -2.4918511D-07 -1.2848368D-07 -6.1453742D-08 -2.5841981D-08 -8.2401316D-09
  -5.0783176D-10  2.4046834D-09  2.9869818D-09  1.7813498D-09  1.8426386D-09
   1.5127658D-09  1.0054916D-09  6.3623728D-10  3.9043324D-10  2.3029508D-10
   1.3231105D-10  9.0435697D-11  4.7976031D-11  2.5124688D-11  0.0000000D+00
   0.0000000D+00  0.0000000D+00  0.0000000D+00  0.0000000D+00  0.0000000D+00
   0.0000000D+00  0.0000000D+00  0.0000000D+00  0.0000000D+00  0.0000000D+00
   0.0000000D+00  0.0000000D+00  0.0000000D+00  0.0000000D+00  0.0000000D+00
   0.0000000D+00  0.0000000D+00  0.0000000D+00  0.0000000D+00  0.0000000D+00
   0.0000000D+00  0.0000000D+00  0.0000000D+00  0.0000000D+00  0.0000000D+00
   0.0000000D+00  0.0000000D+00  0.0000000D+00  0.0000000D+00  0.0000000D+00
   0.0000000D+00  0.0000000D+00  0.0000000D+00  0.0000000D+00  0.0000000D+00
   0.0000000D+00  0.0000000D+00  0.0000000D+00  0.0000000D+00  0.0000000D+00
   0.0000000D+00  0.0000000D+00  0.0000000D+00  0.0000000D+00  0.0000000D+00
   0.0000000D+00  0.0000000D+00  0.0000000D+00  0.0000000D+00  0.0000000D+00
   0.0000000D+00  0.0000000D+00  0.0000000D+00  0.0000000D+00  0.0000000D+00
   0.0000000D+00  0.0000000D+00  0.0000000D+00  0.0000000D+00  0.0000000D+00
   0.0000000D+00  0.0000000D+00  0.0000000D+00  0.0000000D+00  0.0000000D+00
   0.0000000D+00  0.0000000D+00  0.0000000D+00  0.0000000D+00  0.0000000D+00
 PLANAR GRID AVERAGE OF electrostatic del-Ves (Ry)
 Global average:  2.11327640D-02 Planar averages:
   5.7449330D-18 -1.8616751D-08 -6.8355763D-08 -1.4812983D-07 -2.5902537D-07
  -3.9995715D-07 -5.7200882D-07 -7.7409872D-07 -1.0073061D-06 -1.2705545D-06
  -1.5649172D-06 -1.8893246D-06 -2.2448422D-06 -2.6304090D-06 -3.0470809D-06
  -3.4938076D-06 -3.9716334D-06 -4.4795205D-06 -5.0184998D-06 -5.5875477D-06
  -6.1876799D-06 -6.8178893D-06 -7.4791737D-06 -8.1705452D-06 -8.8929812D-06
  -9.6455155D-06 -1.0429102D-05 -1.1242800D-05 -1.2087537D-05 -1.2962399D-05
  -1.3868286D-05 -1.4804313D-05 -1.5771348D-05 -1.6768541D-05 -1.7796724D-05
  -1.8855084D-05 -1.9944413D-05 -2.1063941D-05 -2.2214415D-05 -2.3395113D-05
  -2.4606731D-05 -2.5848600D-05 -2.7121360D-05 -2.8424402D-05 -2.9758302D-05
  -3.1122519D-05 -3.2517558D-05 -3.3942951D-05 -3.5399126D-05 -3.6885698D-05
  -3.8403007D-05 -3.9950760D-05 -4.1529201D-05 -4.3138138D-05 -4.4777707D-05
  -4.6447832D-05 -4.8148525D-05 -4.9879841D-05 -5.1641655D-05 -5.3434167D-05
  -5.5257097D-05 -5.7110810D-05 -5.8994851D-05 -6.0909769D-05 -6.2854915D-05
  -6.4831046D-05 -6.6837289D-05 -6.8874641D-05 -7.0941974D-05 -7.3040554D-05
  -7.5168967D-05 -7.7328787D-05 -7.9518271D-05 -8.1739370D-05 -8.3989985D-05
  -8.6272489D-05 -8.8584373D-05 -9.0928534D-05 -9.3302077D-05 -9.5708591D-05
  -9.8144807D-05 -1.0061518D-04 -1.0311568D-04 -1.0565115D-04 -1.0821736D-04
  -1.1081929D-04 -1.1344775D-04 -1.1610113D-04 -1.1875392D-04 -1.2137701D-04
  -1.2389271D-04 -1.2618622D-04 -1.2803526D-04 -1.2910053D-04 -1.2880870D-04
  -1.2629721D-04 -1.2021725D-04 -1.0858454D-04 -8.8427135D-05 -5.5438841D-05
  -3.3044521D-06  7.7102889D-05  1.9911644D-04  3.8197290D-04  6.5349898D-04
   1.0534061D-03  1.6376834D-03  2.4832378D-03  3.6926002D-03  5.3964705D-03
   7.7525026D-03  1.0935948D-02  1.5120215D-02  2.0444232D-02  2.6970233D-02
   3.4639196D-02  4.3242160D-02  5.2424926D-02  6.1742450D-02  7.0752776D-02
   7.9109894D-02  8.6567505D-02  9.2877664D-02  9.7755912D-02  1.0090872D-01
   1.0169082D-01  9.9499728D-02  9.5077226D-02  8.9741518D-02  8.4381949D-02
   7.9422208D-02  7.5030283D-02  7.1297245D-02  6.8297629D-02  6.6076115D-02
   6.4601083D-02  6.3729345D-02  6.3218342D-02  6.2803257D-02  6.2310664D-02
   6.1728754D-02  6.1123368D-02  6.0431840D-02  5.9415345D-02  5.7901891D-02
   5.5905866D-02  5.3427134D-02  5.0364611D-02  4.6683101D-02  4.2566037D-02
   3.8402655D-02  3.4668440D-02  3.1787788D-02  3.0030583D-02  2.9460870D-02
   2.9947858D-02  3.1229369D-02  3.3009536D-02  3.5038520D-02  3.7129876D-02
   3.9115020D-02  4.0803655D-02  4.1708266D-02  4.1206020D-02  3.9623422D-02
   3.7636938D-02  3.5601417D-02  3.3681466D-02  3.1981616D-02  3.0641963D-02
   2.9850969D-02  2.9790383D-02  3.0556276D-02  3.2098623D-02  3.4202642D-02
   3.6528921D-02  3.8706912D-02  4.0460328D-02  4.1699447D-02  4.2491814D-02
   4.2907371D-02  4.2915439D-02  4.2468046D-02  4.1586010D-02  4.0266371D-02
   3.8420039D-02  3.5990726D-02  3.3100639D-02  3.0062070D-02  2.7277223D-02
   2.5111297D-02  2.3797406D-02  2.3392052D-02  2.3789695D-02  2.4782380D-02
   2.6145481D-02  2.7702502D-02  2.9331111D-02  3.0906974D-02  3.2237955D-02
   3.2830448D-02  3.2238058D-02  3.0907182D-02  2.9331423D-02  2.7702917D-02
   2.6145993D-02  2.4782983D-02  2.3790385D-02  2.3392825D-02  2.3798260D-02
   2.5112232D-02  2.7278241D-02  3.0063175D-02  3.3101837D-02  3.5992020D-02
   3.8421430D-02  4.0267860D-02  4.1587594D-02  4.2469724D-02  4.2917205D-02
   4.2909218D-02  4.2493737D-02  4.1701438D-02  4.0462384D-02  3.8709029D-02
   3.6531096D-02  3.4204867D-02  3.2100890D-02  3.0558579D-02  2.9792713D-02
   2.9853319D-02  3.0644327D-02  3.1983989D-02  3.3683845D-02  3.5603799D-02
   3.7639318D-02  3.9625799D-02  4.1208390D-02  4.1710632D-02  4.0806028D-02
   3.9117416D-02  3.7132297D-02  3.5040965D-02  3.3012001D-02  3.1231849D-02
   2.9950350D-02  2.9463373D-02  3.0033101D-02  3.1790325D-02  3.4671002D-02
   3.8405249D-02  4.2568670D-02  4.6685782D-02  5.0367342D-02  5.3429915D-02
   5.5908690D-02  5.7904747D-02  5.9418221D-02  6.0434720D-02  6.1126233D-02
   6.1731597D-02  6.2313484D-02  6.2806052D-02  6.3221108D-02  6.3732076D-02
   6.4603778D-02  6.6078771D-02  6.8300243D-02  7.1299816D-02  7.5032812D-02
   7.9424692D-02  8.4384385D-02  8.9743915D-02  9.5079607D-02  9.9502143D-02
   1.0169332D-01  1.0091128D-01  9.7758499D-02  9.2880241D-02  8.6570055D-02
   7.9112404D-02  7.0755231D-02  6.1744832D-02  5.2427211D-02  4.3244324D-02
   3.4641221D-02  2.6972107D-02  2.0445952D-02  1.5121786D-02  1.0937380D-02
   7.7538098D-03  5.3976682D-03  3.6937039D-03  2.4842622D-03  1.6386417D-03
   1.0543100D-03  6.5435825D-04  3.8279589D-04  1.9990995D-04  7.7872394D-05
  -2.5546240D-06 -5.4705326D-05 -8.7707371D-05 -1.0787661D-04 -1.1951974D-04
  -1.2560911D-04 -1.2812929D-04 -1.2842930D-04 -1.2737188D-04 -1.2553045D-04
  -1.2324441D-04 -1.2073607D-04 -1.1812028D-04 -1.1547474D-04 -1.1282860D-04
  -1.1020736D-04 -1.0761264D-04 -1.0505364D-04 -1.0252537D-04 -1.0003207D-04
  -9.7568898D-05 -9.5139881D-05 -9.2740567D-05 -9.0374223D-05 -8.8037261D-05
  -8.5732576D-05 -8.3457270D-05 -8.1213854D-05 -7.8999955D-05 -7.6817669D-05
  -7.4665048D-05 -7.2543834D-05 -7.0452453D-05 -6.8392319D-05 -6.6362166D-05
  -6.4363121D-05 -6.2394189D-05 -6.0456242D-05 -5.8548522D-05 -5.6671680D-05
  -5.4825167D-05 -5.3009435D-05 -5.1224123D-05 -4.9469507D-05 -4.7745390D-05
  -4.6051895D-05 -4.4388969D-05 -4.2756599D-05 -4.1154861D-05 -3.9583619D-05
  -3.8043065D-05 -3.6532954D-05 -3.5053582D-05 -3.3604605D-05 -3.2186411D-05
  -3.0798571D-05 -2.9441553D-05 -2.8114852D-05 -2.6819009D-05 -2.5553448D-05
  -2.4318777D-05 -2.3114359D-05 -2.1940859D-05 -2.0797584D-05 -1.9685254D-05
  -1.8603124D-05 -1.7551963D-05 -1.6530979D-05 -1.5540985D-05 -1.4581149D-05
  -1.3652321D-05 -1.2753633D-05 -1.1885970D-05 -1.1048431D-05 -1.0241933D-05
  -9.4655444D-06 -8.7202091D-06 -8.0049718D-06 -7.3207992D-06 -6.6667136D-06
  -6.0437030D-06 -5.4507697D-06 -4.8889206D-06 -4.3571402D-06 -3.8564520D-06
  -3.3858249D-06 -2.9462971D-06 -2.5368240D-06 -2.1584561D-06 -1.8101373D-06
  -1.4929288D-06 -1.2057650D-06 -9.4971538D-07 -7.2370683D-07 -5.2881577D-07
  -3.6396294D-07 -2.3023001D-07 -1.2653331D-07 -5.3958082D-08 -1.1417909D-08
 ##### END Z-AVERAGE DENSITY and POTENTIAL #####

 FINAL CONVERGED ENERGY (Rydberg) =    -1020.1168908136
 Binding energy =       -2.3895098136 Ry =            -32.5112 eV

 AFTER ITERATIONS +    0.01 =     680.6 seconds used (    0.01 usr    0.00 sys)

 After ggastress  +    0.17 =     680.7 seconds used (    0.17 usr    0.00 sys)

 atom xc0frc stress term=      152.2827568715
 atom xc0core stress term=       73.1755706257
 mat0frc: stripe-parallel, KPSTORE= T
  
 total stress tensor, in Rydberg and in 10+2 N/m
           0.525713     -0.000005          0.704679     -0.000006
           0.000005      0.525713          0.000006      0.704679
 pressure=Tr(stress)/ndim=      0.525713 Ry=      0.704679 10+2 N/m
 total force contributions(Ry/bohr):
        atom       x force          y force          z force
          1      0.0000000000     0.0000000000     0.0006150911
          2      0.0000000000     0.0000000000     0.0000294655
          3      0.0000000000     0.0000000000     0.0000294655
          4      0.0000000000     0.0000000000     0.0004886374
          5      0.0000000000     0.0000000000     0.0005657493
          6      0.0000000000     0.0000000000     0.0001200959
          7      0.0000000000     0.0000000000     0.0001200959
          8      0.0000000000     0.0000000000    -0.0001341294
          9      0.0000000000     0.0000000000     0.0001799354
         10      0.0000000000     0.0000000000     0.0000000000
         11      0.0000000000     0.0000000000     0.0000000000
         12      0.0000000000     0.0000000000     0.0000000000
         13      0.0000000000     0.0000000000     0.0000000000
         14      0.0000000000     0.0000000000    -0.0001794218
         15      0.0000000000     0.0000000000    -0.0005648760
         16      0.0000000000     0.0000000000    -0.0001196284
         17      0.0000000000     0.0000000000    -0.0001196284
         18      0.0000000000     0.0000000000     0.0000000000
         19      0.0000000000     0.0000000000    -0.0004883368
         20      0.0000000000     0.0000000000    -0.0006177870
         21      0.0000000000     0.0000000000    -0.0000302735
         22      0.0000000000     0.0000000000    -0.0000302735
         23      0.0000000000     0.0000000000     0.0001353209
      f-defect        0.0000000000     0.0000000000    -0.0000004979

 AFTER FORCE RTNS +   80.12 =     760.9 seconds used (   80.11 usr    0.01 sys)
  
 >>>>> GSELECT begins, nslics=           0
 <<<<< GSELECT ends
 rms,max force=  3.0438D-04  6.1779D-04 for component#       19

 ###############################################################################
 FINAL GEOMETRY for step   1, of   1 total
atom, type, position;  step#      1
 AT0m09       Ti                0.5000000000    0.5000000000   -1.9704972452 
 AT0m08       O                 0.0000000000    0.5000000000   -1.9971379537 
 AT0m07       O                 0.5000000000    0.0000000000   -1.9971379537 
 AT0m05       Ba                0.0000000000    0.0000000000   -1.5261388694 
 AT0m04       Ti                0.5000000000    0.5000000000   -0.9945756786 
 AT0m03       O                 0.0000000000    0.5000000000   -0.9987995952 
 AT0m02       O                 0.5000000000    0.0000000000   -0.9987995952 
 AT0m01       O                 0.5000000000    0.5000000000   -1.5041005275 
 AT0000       Ba                0.0000000000    0.0000000000   -0.5037462655 
 AT0001       Ti                0.5000000000    0.5000000000    0.0000000000 
 AT0002       O                 0.0000000000    0.5000000000    0.0000002457 
 AT0003       O                 0.5000000000    0.0000000000    0.0000002457 
 AT0004       O                 0.5000000000    0.5000000000   -0.5005608276 
 AT0005       Ba                0.0000000000    0.0000000000    0.5037469551 
 AT0006       Ti                0.5000000000    0.5000000000    0.9945756879 
 AT0007       O                 0.0000000000    0.5000000000    0.9987995269 
 AT0008       O                 0.5000000000    0.0000000000    0.9987995269 
 AT0009       O                 0.5000000000    0.5000000000    0.5005611904 
 AT0010       Ba                0.0000000000    0.0000000000    1.5261391117 
 AT0011       Ti                0.5000000000    0.5000000000    1.9704983581 
 AT0012       O                 0.0000000000    0.5000000000    1.9971387538 
 AT0013       O                 0.5000000000    0.0000000000    1.9971387538 
 AT0014       O                 0.5000000000    0.5000000000    1.5041008908 
 ###############################################################################

 FINAL RELAXED ENERGY =    -1020.1168908136


 AFTER GEOMETRY   +    0.00 =     760.9 seconds used (    0.00 usr    0.00 sys)
 Normal exit: RELAX DONE
 Total TIME used=     760.9 seconds (user=     760.1  sys=       0.8)
